############################################################
## convsep_heavy  fold 0  (batch=24)  2026-07-07 18:34:20
############################################################
class-balanced sampling -> class 1: 33886 slices, class 2: 13163 slices
[convsep_heavy_f0] device=cuda mode=morph-unet(heavy,k=3,beta=10.0,stem,bwarm,impl=convsep) loss=dice+ce seed=42 fold=0 loader_in_ch=1 patch=128 iters/epoch=250 max-epochs=400 (<= 100000 updates) fg=0.33
  beta warmup: epoch 1 -> beta=2.00
Reshuffle...
Initializing... this might take a while...
epoch   1/400  train=0.1917  (val every 3)
  beta warmup: epoch 2 -> beta=2.27
Reshuffle...
Initializing... this might take a while...
epoch   2/400  train=-0.1305  (val every 3)
  beta warmup: epoch 3 -> beta=2.53
Reshuffle...
Initializing... this might take a while...
epoch   3/400  train=-0.3069  val_fgDice=0.3522  [per-class 0.348 0.356]
  beta warmup: epoch 4 -> beta=2.80
Reshuffle...
Initializing... this might take a while...
epoch   4/400  train=-0.3698  (val every 3)
  beta warmup: epoch 5 -> beta=3.07
Reshuffle...
Initializing... this might take a while...
epoch   5/400  train=-0.3988  (val every 3)
  beta warmup: epoch 6 -> beta=3.33
Reshuffle...
Initializing... this might take a while...
epoch   6/400  train=-0.4241  val_fgDice=0.4708  [per-class 0.411 0.531]
  beta warmup: epoch 7 -> beta=3.60
Reshuffle...
Initializing... this might take a while...
epoch   7/400  train=-0.4472  (val every 3)
  beta warmup: epoch 8 -> beta=3.87
Reshuffle...
Initializing... this might take a while...
epoch   8/400  train=-0.4450  (val every 3)
  beta warmup: epoch 9 -> beta=4.13
Reshuffle...
Initializing... this might take a while...
epoch   9/400  train=-0.4553  val_fgDice=0.4968  [per-class 0.408 0.585]
  beta warmup: epoch 10 -> beta=4.40
Reshuffle...
Initializing... this might take a while...
epoch  10/400  train=-0.4671  (val every 3)
  beta warmup: epoch 11 -> beta=4.67
Reshuffle...
Initializing... this might take a while...
epoch  11/400  train=-0.4862  (val every 3)
  beta warmup: epoch 12 -> beta=4.93
Reshuffle...
Initializing... this might take a while...
epoch  12/400  train=-0.4806  val_fgDice=0.5386  [per-class 0.448 0.630]
  beta warmup: epoch 13 -> beta=5.20
Reshuffle...
Initializing... this might take a while...
epoch  13/400  train=-0.5076  (val every 3)
  beta warmup: epoch 14 -> beta=5.47
Reshuffle...
Initializing... this might take a while...
epoch  14/400  train=-0.4937  (val every 3)
  beta warmup: epoch 15 -> beta=5.73
Reshuffle...
Initializing... this might take a while...
epoch  15/400  train=-0.5015  val_fgDice=0.5647  [per-class 0.460 0.669]
  beta warmup: epoch 16 -> beta=6.00
Reshuffle...
Initializing... this might take a while...
epoch  16/400  train=-0.5095  (val every 3)
  beta warmup: epoch 17 -> beta=6.27
Reshuffle...
Initializing... this might take a while...
epoch  17/400  train=-0.5209  (val every 3)
  beta warmup: epoch 18 -> beta=6.53
Reshuffle...
Initializing... this might take a while...
epoch  18/400  train=-0.5227  val_fgDice=0.5590  [per-class 0.452 0.667]
  val fg-Dice did not improve from 0.5647 @ ep 15 (stale 3/30 epochs)
  beta warmup: epoch 19 -> beta=6.80
Reshuffle...
Initializing... this might take a while...
epoch  19/400  train=-0.5348  (val every 3)
  beta warmup: epoch 20 -> beta=7.07
Reshuffle...
Initializing... this might take a while...
epoch  20/400  train=-0.5300  (val every 3)
  beta warmup: epoch 21 -> beta=7.33
Reshuffle...
Initializing... this might take a while...
epoch  21/400  train=-0.5425  val_fgDice=0.5495  [per-class 0.446 0.653]
  val fg-Dice did not improve from 0.5647 @ ep 15 (stale 6/30 epochs)
  beta warmup: epoch 22 -> beta=7.60
Reshuffle...
Initializing... this might take a while...
epoch  22/400  train=-0.5268  (val every 3)
  beta warmup: epoch 23 -> beta=7.87
Reshuffle...
Initializing... this might take a while...
epoch  23/400  train=-0.5268  (val every 3)
  beta warmup: epoch 24 -> beta=8.13
Reshuffle...
Initializing... this might take a while...
epoch  24/400  train=-0.5247  val_fgDice=0.5215  [per-class 0.388 0.655]
  val fg-Dice did not improve from 0.5647 @ ep 15 (stale 9/30 epochs)
  beta warmup: epoch 25 -> beta=8.40
Reshuffle...
Initializing... this might take a while...
epoch  25/400  train=-0.5347  (val every 3)
  beta warmup: epoch 26 -> beta=8.67
Reshuffle...
Initializing... this might take a while...
epoch  26/400  train=-0.5444  (val every 3)
  beta warmup: epoch 27 -> beta=8.93
Reshuffle...
Initializing... this might take a while...
epoch  27/400  train=-0.5439  val_fgDice=0.5776  [per-class 0.473 0.682]
  beta warmup: epoch 28 -> beta=9.20
Reshuffle...
Initializing... this might take a while...
epoch  28/400  train=-0.5486  (val every 3)
  beta warmup: epoch 29 -> beta=9.47
Reshuffle...
Initializing... this might take a while...
epoch  29/400  train=-0.5542  (val every 3)
  beta warmup: epoch 30 -> beta=9.73
Reshuffle...
Initializing... this might take a while...
epoch  30/400  train=-0.5572  val_fgDice=0.5652  [per-class 0.455 0.676]
  val fg-Dice did not improve from 0.5776 @ ep 27 (stale 3/30 epochs)
  beta warmup: epoch 31 -> beta=10.00
Reshuffle...
Initializing... this might take a while...
epoch  31/400  train=-0.5509  (val every 3)
Reshuffle...
Initializing... this might take a while...
epoch  32/400  train=-0.5525  (val every 3)
Reshuffle...
Initializing... this might take a while...
epoch  33/400  train=-0.5573  val_fgDice=0.5673  [per-class 0.474 0.661]
  val fg-Dice did not improve from 0.5776 @ ep 27 (stale 6/30 epochs)
Reshuffle...
Initializing... this might take a while...
epoch  34/400  train=-0.5589  (val every 3)
Reshuffle...
Initializing... this might take a while...
epoch  35/400  train=-0.5680  (val every 3)
Reshuffle...
Initializing... this might take a while...
epoch  36/400  train=-0.5848  val_fgDice=0.5808  [per-class 0.484 0.677]
Reshuffle...
Initializing... this might take a while...
epoch  37/400  train=-0.5621  (val every 3)
Reshuffle...
Initializing... this might take a while...
epoch  38/400  train=-0.5720  (val every 3)
Reshuffle...
Initializing... this might take a while...
epoch  39/400  train=-0.5796  val_fgDice=0.5852  [per-class 0.471 0.699]
Reshuffle...
Initializing... this might take a while...
epoch  40/400  train=-0.5773  (val every 3)
Reshuffle...
Initializing... this might take a while...
epoch  41/400  train=-0.5583  (val every 3)
Reshuffle...
Initializing... this might take a while...
epoch  42/400  train=-0.5873  val_fgDice=0.5880  [per-class 0.481 0.694]
Reshuffle...
Initializing... this might take a while...
epoch  43/400  train=-0.5852  (val every 3)
Reshuffle...
Initializing... this might take a while...
epoch  44/400  train=-0.5757  (val every 3)
Reshuffle...
Initializing... this might take a while...
epoch  45/400  train=-0.5829  val_fgDice=0.6009  [per-class 0.494 0.708]
Reshuffle...
Initializing... this might take a while...
epoch  46/400  train=-0.5880  (val every 3)
Reshuffle...
Initializing... this might take a while...
epoch  47/400  train=-0.5883  (val every 3)
Reshuffle...
Initializing... this might take a while...
epoch  48/400  train=-0.5946  val_fgDice=0.5950  [per-class 0.486 0.704]
  val fg-Dice did not improve from 0.6009 @ ep 45 (stale 3/30 epochs)
Reshuffle...
Initializing... this might take a while...
epoch  49/400  train=-0.5922  (val every 3)
Reshuffle...
Initializing... this might take a while...
epoch  50/400  train=-0.5863  (val every 3)
Reshuffle...
Initializing... this might take a while...
epoch  51/400  train=-0.5912  val_fgDice=0.6015  [per-class 0.495 0.708]
Reshuffle...
Initializing... this might take a while...
epoch  52/400  train=-0.5896  (val every 3)
Reshuffle...
Initializing... this might take a while...
epoch  53/400  train=-0.5955  (val every 3)
Reshuffle...
Initializing... this might take a while...
epoch  54/400  train=-0.5932  val_fgDice=0.5804  [per-class 0.470 0.691]
  val fg-Dice did not improve from 0.6015 @ ep 51 (stale 3/30 epochs)
Reshuffle...
Initializing... this might take a while...
epoch  55/400  train=-0.5943  (val every 3)
Reshuffle...
Initializing... this might take a while...
epoch  56/400  train=-0.5829  (val every 3)
Reshuffle...
Initializing... this might take a while...
epoch  57/400  train=-0.5900  val_fgDice=0.5990  [per-class 0.490 0.708]
  val fg-Dice did not improve from 0.6015 @ ep 51 (stale 6/30 epochs)
Reshuffle...
Initializing... this might take a while...
epoch  58/400  train=-0.5960  (val every 3)
Reshuffle...
Initializing... this might take a while...
epoch  59/400  train=-0.6035  (val every 3)
Reshuffle...
Initializing... this might take a while...
epoch  60/400  train=-0.5945  val_fgDice=0.6126  [per-class 0.505 0.720]
Reshuffle...
Initializing... this might take a while...
epoch  61/400  train=-0.6090  (val every 3)
Reshuffle...
Initializing... this might take a while...
epoch  62/400  train=-0.5871  (val every 3)
Reshuffle...
Initializing... this might take a while...
epoch  63/400  train=-0.6158  val_fgDice=0.5792  [per-class 0.479 0.679]
  val fg-Dice did not improve from 0.6126 @ ep 60 (stale 3/30 epochs)
Reshuffle...
Initializing... this might take a while...
epoch  64/400  train=-0.6150  (val every 3)
Reshuffle...
Initializing... this might take a while...
epoch  65/400  train=-0.6151  (val every 3)
Reshuffle...
Initializing... this might take a while...
epoch  66/400  train=-0.6080  val_fgDice=0.6128  [per-class 0.493 0.732]
Reshuffle...
Initializing... this might take a while...
epoch  67/400  train=-0.6071  (val every 3)
Reshuffle...
Initializing... this might take a while...
epoch  68/400  train=-0.5927  (val every 3)
Reshuffle...
Initializing... this might take a while...
epoch  69/400  train=-0.6134  val_fgDice=0.6024  [per-class 0.487 0.718]
  val fg-Dice did not improve from 0.6128 @ ep 66 (stale 3/30 epochs)
Reshuffle...
Initializing... this might take a while...
epoch  70/400  train=-0.6143  (val every 3)
Reshuffle...
Initializing... this might take a while...
epoch  71/400  train=-0.6096  (val every 3)
Reshuffle...
Initializing... this might take a while...
epoch  72/400  train=-0.6091  val_fgDice=0.5900  [per-class 0.461 0.719]
  val fg-Dice did not improve from 0.6128 @ ep 66 (stale 6/30 epochs)
Reshuffle...
Initializing... this might take a while...
epoch  73/400  train=-0.6205  (val every 3)
Reshuffle...
Initializing... this might take a while...
epoch  74/400  train=-0.6181  (val every 3)
Reshuffle...
Initializing... this might take a while...
epoch  75/400  train=-0.6140  val_fgDice=0.6066  [per-class 0.493 0.720]
  val fg-Dice did not improve from 0.6128 @ ep 66 (stale 9/30 epochs)
Reshuffle...
Initializing... this might take a while...
epoch  76/400  train=-0.6239  (val every 3)
Reshuffle...
Initializing... this might take a while...
epoch  77/400  train=-0.6182  (val every 3)
Reshuffle...
Initializing... this might take a while...
epoch  78/400  train=-0.6100  val_fgDice=0.5906  [per-class 0.471 0.710]
  val fg-Dice did not improve from 0.6128 @ ep 66 (stale 12/30 epochs)
Reshuffle...
Initializing... this might take a while...
epoch  79/400  train=-0.6077  (val every 3)
Reshuffle...
Initializing... this might take a while...
epoch  80/400  train=-0.6254  (val every 3)
Reshuffle...
Initializing... this might take a while...
epoch  81/400  train=-0.6240  val_fgDice=0.6183  [per-class 0.520 0.716]
Reshuffle...
Initializing... this might take a while...
epoch  82/400  train=-0.6287  (val every 3)
Reshuffle...
Initializing... this might take a while...
epoch  83/400  train=-0.6231  (val every 3)
Reshuffle...
Initializing... this might take a while...
epoch  84/400  train=-0.6180  val_fgDice=0.5957  [per-class 0.479 0.712]
  val fg-Dice did not improve from 0.6183 @ ep 81 (stale 3/30 epochs)
Reshuffle...
Initializing... this might take a while...
epoch  85/400  train=-0.6384  (val every 3)
Reshuffle...
Initializing... this might take a while...
epoch  86/400  train=-0.6418  (val every 3)
Reshuffle...
Initializing... this might take a while...
epoch  87/400  train=-0.6301  val_fgDice=0.6094  [per-class 0.507 0.712]
  val fg-Dice did not improve from 0.6183 @ ep 81 (stale 6/30 epochs)
Reshuffle...
Initializing... this might take a while...
epoch  88/400  train=-0.6237  (val every 3)
Reshuffle...
Initializing... this might take a while...
epoch  89/400  train=-0.6426  (val every 3)
Reshuffle...
Initializing... this might take a while...
epoch  90/400  train=-0.6335  val_fgDice=0.5791  [per-class 0.459 0.699]
  val fg-Dice did not improve from 0.6183 @ ep 81 (stale 9/30 epochs)
Reshuffle...
Initializing... this might take a while...
epoch  91/400  train=-0.6421  (val every 3)
Reshuffle...
Initializing... this might take a while...
epoch  92/400  train=-0.6371  (val every 3)
Reshuffle...
Initializing... this might take a while...
epoch  93/400  train=-0.6371  val_fgDice=0.6174  [per-class 0.508 0.726]
  val fg-Dice did not improve from 0.6183 @ ep 81 (stale 12/30 epochs)
Reshuffle...
Initializing... this might take a while...
epoch  94/400  train=-0.6229  (val every 3)
Reshuffle...
Initializing... this might take a while...
epoch  95/400  train=-0.6296  (val every 3)
Reshuffle...
Initializing... this might take a while...
epoch  96/400  train=-0.6303  val_fgDice=0.6092  [per-class 0.499 0.720]
  val fg-Dice did not improve from 0.6183 @ ep 81 (stale 15/30 epochs)
Reshuffle...
Initializing... this might take a while...
epoch  97/400  train=-0.6351  (val every 3)
Reshuffle...
Initializing... this might take a while...
epoch  98/400  train=-0.6391  (val every 3)
Reshuffle...
Initializing... this might take a while...
epoch  99/400  train=-0.6249  val_fgDice=0.6005  [per-class 0.499 0.702]
  val fg-Dice did not improve from 0.6183 @ ep 81 (stale 18/30 epochs)
Reshuffle...
Initializing... this might take a while...
epoch 100/400  train=-0.6388  (val every 3)
Reshuffle...
Initializing... this might take a while...
epoch 101/400  train=-0.6441  (val every 3)
Reshuffle...
Initializing... this might take a while...
epoch 102/400  train=-0.6496  val_fgDice=0.6007  [per-class 0.505 0.697]
  val fg-Dice did not improve from 0.6183 @ ep 81 (stale 21/30 epochs)
Reshuffle...
Initializing... this might take a while...
epoch 103/400  train=-0.6605  (val every 3)
Reshuffle...
Initializing... this might take a while...
epoch 104/400  train=-0.6523  (val every 3)
Reshuffle...
Initializing... this might take a while...
epoch 105/400  train=-0.6643  val_fgDice=0.6121  [per-class 0.510 0.714]
  val fg-Dice did not improve from 0.6183 @ ep 81 (stale 24/30 epochs)
Reshuffle...
Initializing... this might take a while...
epoch 106/400  train=-0.6677  (val every 3)
Reshuffle...
Initializing... this might take a while...
epoch 107/400  train=-0.6645  (val every 3)
Reshuffle...
Initializing... this might take a while...
epoch 108/400  train=-0.6592  val_fgDice=0.6042  [per-class 0.510 0.699]
  val fg-Dice did not improve from 0.6183 @ ep 81 (stale 27/30 epochs)
Reshuffle...
Initializing... this might take a while...
epoch 109/400  train=-0.6651  (val every 3)
Reshuffle...
Initializing... this might take a while...
epoch 110/400  train=-0.6611  (val every 3)
Reshuffle...
Initializing... this might take a while...
epoch 111/400  train=-0.6634  val_fgDice=0.5980  [per-class 0.476 0.720]
  val fg-Dice did not improve from 0.6183 @ ep 81 (stale 30/30 epochs)
early stop: no val fg-Dice improvement for 30 epochs (best fg-Dice=0.6183 @ ep 81)
[convsep_heavy_f0] trained 111 ep in 39.0 min (21.1s/ep) | best fg-Dice 0.6183 @ ep81 (90% @ ep15) | 5.99M params (front-end 0)
[convsep_heavy_f0] mean scores written to /home/Kasimatis/Documents/kasimat/morph-unet/results/convsep_heavy_f0_scores.json
  label Vessel: Dice=0.5184151747298343 ASSD=4.5464851725035285
  label Tumour: Dice=0.3835159745866859 ASSD=42.91319573966383
############################################################
## convsep_heavy  fold 1  (batch=24)  2026-07-07 19:28:25
############################################################
class-balanced sampling -> class 1: 33325 slices, class 2: 13989 slices
[convsep_heavy_f1] device=cuda mode=morph-unet(heavy,k=3,beta=10.0,stem,bwarm,impl=convsep) loss=dice+ce seed=42 fold=1 loader_in_ch=1 patch=128 iters/epoch=250 max-epochs=400 (<= 100000 updates) fg=0.33
  beta warmup: epoch 1 -> beta=2.00
Reshuffle...
Initializing... this might take a while...
epoch   1/400  train=0.1841  (val every 3)
  beta warmup: epoch 2 -> beta=2.27
Reshuffle...
Initializing... this might take a while...
epoch   2/400  train=-0.1323  (val every 3)
  beta warmup: epoch 3 -> beta=2.53
Reshuffle...
Initializing... this might take a while...
epoch   3/400  train=-0.2977  val_fgDice=0.4700  [per-class 0.509 0.431]
  beta warmup: epoch 4 -> beta=2.80
Reshuffle...
Initializing... this might take a while...
epoch   4/400  train=-0.3475  (val every 3)
  beta warmup: epoch 5 -> beta=3.07
Reshuffle...
Initializing... this might take a while...
epoch   5/400  train=-0.4017  (val every 3)
  beta warmup: epoch 6 -> beta=3.33
Reshuffle...
Initializing... this might take a while...
epoch   6/400  train=-0.4042  val_fgDice=0.5129  [per-class 0.563 0.463]
  beta warmup: epoch 7 -> beta=3.60
Reshuffle...
Initializing... this might take a while...
epoch   7/400  train=-0.4277  (val every 3)
  beta warmup: epoch 8 -> beta=3.87
Reshuffle...
Initializing... this might take a while...
epoch   8/400  train=-0.4452  (val every 3)
  beta warmup: epoch 9 -> beta=4.13
Reshuffle...
Initializing... this might take a while...
epoch   9/400  train=-0.4522  val_fgDice=0.5344  [per-class 0.574 0.495]
  beta warmup: epoch 10 -> beta=4.40
Reshuffle...
Initializing... this might take a while...
epoch  10/400  train=-0.4674  (val every 3)
  beta warmup: epoch 11 -> beta=4.67
Reshuffle...
Initializing... this might take a while...
epoch  11/400  train=-0.4698  (val every 3)
  beta warmup: epoch 12 -> beta=4.93
Reshuffle...
Initializing... this might take a while...
epoch  12/400  train=-0.4768  val_fgDice=0.5250  [per-class 0.569 0.481]
  val fg-Dice did not improve from 0.5344 @ ep 9 (stale 3/30 epochs)
  beta warmup: epoch 13 -> beta=5.20
Reshuffle...
Initializing... this might take a while...
epoch  13/400  train=-0.4857  (val every 3)
  beta warmup: epoch 14 -> beta=5.47
Reshuffle...
Initializing... this might take a while...
epoch  14/400  train=-0.4995  (val every 3)
  beta warmup: epoch 15 -> beta=5.73
Reshuffle...
Initializing... this might take a while...
epoch  15/400  train=-0.4906  val_fgDice=0.5550  [per-class 0.598 0.512]
  beta warmup: epoch 16 -> beta=6.00
Reshuffle...
Initializing... this might take a while...
epoch  16/400  train=-0.4908  (val every 3)
  beta warmup: epoch 17 -> beta=6.27
Reshuffle...
Initializing... this might take a while...
epoch  17/400  train=-0.4947  (val every 3)
  beta warmup: epoch 18 -> beta=6.53
Reshuffle...
Initializing... this might take a while...
epoch  18/400  train=-0.5043  val_fgDice=0.4917  [per-class 0.576 0.407]
  val fg-Dice did not improve from 0.5550 @ ep 15 (stale 3/30 epochs)
  beta warmup: epoch 19 -> beta=6.80
Reshuffle...
Initializing... this might take a while...
epoch  19/400  train=-0.5221  (val every 3)
  beta warmup: epoch 20 -> beta=7.07
Reshuffle...
Initializing... this might take a while...
epoch  20/400  train=-0.5043  (val every 3)
  beta warmup: epoch 21 -> beta=7.33
Reshuffle...
Initializing... this might take a while...
epoch  21/400  train=-0.5104  val_fgDice=0.5819  [per-class 0.612 0.552]
  beta warmup: epoch 22 -> beta=7.60
Reshuffle...
Initializing... this might take a while...
epoch  22/400  train=-0.5191  (val every 3)
  beta warmup: epoch 23 -> beta=7.87
Reshuffle...
Initializing... this might take a while...
epoch  23/400  train=-0.5169  (val every 3)
  beta warmup: epoch 24 -> beta=8.13
Reshuffle...
Initializing... this might take a while...
epoch  24/400  train=-0.5365  val_fgDice=0.5399  [per-class 0.600 0.480]
  val fg-Dice did not improve from 0.5819 @ ep 21 (stale 3/30 epochs)
  beta warmup: epoch 25 -> beta=8.40
Reshuffle...
Initializing... this might take a while...
epoch  25/400  train=-0.5212  (val every 3)
  beta warmup: epoch 26 -> beta=8.67
Reshuffle...
Initializing... this might take a while...
epoch  26/400  train=-0.5457  (val every 3)
  beta warmup: epoch 27 -> beta=8.93
Reshuffle...
Initializing... this might take a while...
epoch  27/400  train=-0.5410  val_fgDice=0.5719  [per-class 0.608 0.536]
  val fg-Dice did not improve from 0.5819 @ ep 21 (stale 6/30 epochs)
  beta warmup: epoch 28 -> beta=9.20
Reshuffle...
Initializing... this might take a while...
epoch  28/400  train=-0.5447  (val every 3)
  beta warmup: epoch 29 -> beta=9.47
Reshuffle...
Initializing... this might take a while...
epoch  29/400  train=-0.5400  (val every 3)
  beta warmup: epoch 30 -> beta=9.73
Reshuffle...
Initializing... this might take a while...
epoch  30/400  train=-0.5461  val_fgDice=0.6187  [per-class 0.617 0.620]
  beta warmup: epoch 31 -> beta=10.00
Reshuffle...
Initializing... this might take a while...
epoch  31/400  train=-0.5448  (val every 3)
Reshuffle...
Initializing... this might take a while...
epoch  32/400  train=-0.5463  (val every 3)
Reshuffle...
Initializing... this might take a while...
epoch  33/400  train=-0.5615  val_fgDice=0.5493  [per-class 0.610 0.488]
  val fg-Dice did not improve from 0.6187 @ ep 30 (stale 3/30 epochs)
Reshuffle...
Initializing... this might take a while...
epoch  34/400  train=-0.5537  (val every 3)
Reshuffle...
Initializing... this might take a while...
epoch  35/400  train=-0.5537  (val every 3)
Reshuffle...
Initializing... this might take a while...
epoch  36/400  train=-0.5528  val_fgDice=0.5864  [per-class 0.580 0.592]
  val fg-Dice did not improve from 0.6187 @ ep 30 (stale 6/30 epochs)
Reshuffle...
Initializing... this might take a while...
epoch  37/400  train=-0.5422  (val every 3)
Reshuffle...
Initializing... this might take a while...
epoch  38/400  train=-0.5596  (val every 3)
Reshuffle...
Initializing... this might take a while...
epoch  39/400  train=-0.5590  val_fgDice=0.5259  [per-class 0.583 0.469]
  val fg-Dice did not improve from 0.6187 @ ep 30 (stale 9/30 epochs)
Reshuffle...
Initializing... this might take a while...
epoch  40/400  train=-0.5490  (val every 3)
Reshuffle...
Initializing... this might take a while...
epoch  41/400  train=-0.5544  (val every 3)
Reshuffle...
Initializing... this might take a while...
epoch  42/400  train=-0.5521  val_fgDice=0.6234  [per-class 0.610 0.637]
Reshuffle...
Initializing... this might take a while...
epoch  43/400  train=-0.5719  (val every 3)
Reshuffle...
Initializing... this might take a while...
epoch  44/400  train=-0.5581  (val every 3)
Reshuffle...
Initializing... this might take a while...
epoch  45/400  train=-0.5722  val_fgDice=0.6047  [per-class 0.612 0.597]
  val fg-Dice did not improve from 0.6234 @ ep 42 (stale 3/30 epochs)
Reshuffle...
Initializing... this might take a while...
epoch  46/400  train=-0.5824  (val every 3)
Reshuffle...
Initializing... this might take a while...
epoch  47/400  train=-0.5656  (val every 3)
Reshuffle...
Initializing... this might take a while...
epoch  48/400  train=-0.5707  val_fgDice=0.6104  [per-class 0.614 0.607]
  val fg-Dice did not improve from 0.6234 @ ep 42 (stale 6/30 epochs)
Reshuffle...
Initializing... this might take a while...
epoch  49/400  train=-0.5704  (val every 3)
Reshuffle...
Initializing... this might take a while...
epoch  50/400  train=-0.5807  (val every 3)
Reshuffle...
Initializing... this might take a while...
epoch  51/400  train=-0.5763  val_fgDice=0.6066  [per-class 0.584 0.630]
  val fg-Dice did not improve from 0.6234 @ ep 42 (stale 9/30 epochs)
Reshuffle...
Initializing... this might take a while...
epoch  52/400  train=-0.5880  (val every 3)
Reshuffle...
Initializing... this might take a while...
epoch  53/400  train=-0.5693  (val every 3)
Reshuffle...
Initializing... this might take a while...
epoch  54/400  train=-0.5900  val_fgDice=0.6250  [per-class 0.605 0.645]
Reshuffle...
Initializing... this might take a while...
epoch  55/400  train=-0.5889  (val every 3)
Reshuffle...
Initializing... this might take a while...
epoch  56/400  train=-0.5894  (val every 3)
Reshuffle...
Initializing... this might take a while...
epoch  57/400  train=-0.5897  val_fgDice=0.6151  [per-class 0.621 0.609]
  val fg-Dice did not improve from 0.6250 @ ep 54 (stale 3/30 epochs)
Reshuffle...
Initializing... this might take a while...
epoch  58/400  train=-0.5909  (val every 3)
Reshuffle...
Initializing... this might take a while...
epoch  59/400  train=-0.5797  (val every 3)
Reshuffle...
Initializing... this might take a while...
epoch  60/400  train=-0.5883  val_fgDice=0.6256  [per-class 0.615 0.637]
Reshuffle...
Initializing... this might take a while...
epoch  61/400  train=-0.5933  (val every 3)
Reshuffle...
Initializing... this might take a while...
epoch  62/400  train=-0.5918  (val every 3)
Reshuffle...
Initializing... this might take a while...
epoch  63/400  train=-0.6012  val_fgDice=0.5292  [per-class 0.601 0.457]
  val fg-Dice did not improve from 0.6256 @ ep 60 (stale 3/30 epochs)
Reshuffle...
Initializing... this might take a while...
epoch  64/400  train=-0.5981  (val every 3)
Reshuffle...
Initializing... this might take a while...
epoch  65/400  train=-0.5991  (val every 3)
Reshuffle...
Initializing... this might take a while...
epoch  66/400  train=-0.6011  val_fgDice=0.5950  [per-class 0.573 0.617]
  val fg-Dice did not improve from 0.6256 @ ep 60 (stale 6/30 epochs)
Reshuffle...
Initializing... this might take a while...
epoch  67/400  train=-0.6168  (val every 3)
Reshuffle...
Initializing... this might take a while...
epoch  68/400  train=-0.5931  (val every 3)
Reshuffle...
Initializing... this might take a while...
epoch  69/400  train=-0.6005  val_fgDice=0.5961  [per-class 0.581 0.611]
  val fg-Dice did not improve from 0.6256 @ ep 60 (stale 9/30 epochs)
Reshuffle...
Initializing... this might take a while...
epoch  70/400  train=-0.6032  (val every 3)
Reshuffle...
Initializing... this might take a while...
epoch  71/400  train=-0.6165  (val every 3)
Reshuffle...
Initializing... this might take a while...
epoch  72/400  train=-0.6111  val_fgDice=0.6089  [per-class 0.598 0.620]
  val fg-Dice did not improve from 0.6256 @ ep 60 (stale 12/30 epochs)
Reshuffle...
Initializing... this might take a while...
epoch  73/400  train=-0.5962  (val every 3)
Reshuffle...
Initializing... this might take a while...
epoch  74/400  train=-0.6070  (val every 3)
Reshuffle...
Initializing... this might take a while...
epoch  75/400  train=-0.6005  val_fgDice=0.6038  [per-class 0.595 0.612]
  val fg-Dice did not improve from 0.6256 @ ep 60 (stale 15/30 epochs)
Reshuffle...
Initializing... this might take a while...
epoch  76/400  train=-0.6108  (val every 3)
Reshuffle...
Initializing... this might take a while...
epoch  77/400  train=-0.5965  (val every 3)
Reshuffle...
Initializing... this might take a while...
epoch  78/400  train=-0.6194  val_fgDice=0.5734  [per-class 0.580 0.567]
  val fg-Dice did not improve from 0.6256 @ ep 60 (stale 18/30 epochs)
Reshuffle...
Initializing... this might take a while...
epoch  79/400  train=-0.6259  (val every 3)
Reshuffle...
Initializing... this might take a while...
epoch  80/400  train=-0.6404  (val every 3)
Reshuffle...
Initializing... this might take a while...
epoch  81/400  train=-0.6191  val_fgDice=0.5973  [per-class 0.595 0.599]
  val fg-Dice did not improve from 0.6256 @ ep 60 (stale 21/30 epochs)
Reshuffle...
Initializing... this might take a while...
epoch  82/400  train=-0.6294  (val every 3)
Reshuffle...
Initializing... this might take a while...
epoch  83/400  train=-0.6471  (val every 3)
Reshuffle...
Initializing... this might take a while...
epoch  84/400  train=-0.6335  val_fgDice=0.6062  [per-class 0.570 0.642]
  val fg-Dice did not improve from 0.6256 @ ep 60 (stale 24/30 epochs)
Reshuffle...
Initializing... this might take a while...
epoch  85/400  train=-0.6342  (val every 3)
Reshuffle...
Initializing... this might take a while...
epoch  86/400  train=-0.6314  (val every 3)
Reshuffle...
Initializing... this might take a while...
epoch  87/400  train=-0.6439  val_fgDice=0.5918  [per-class 0.594 0.590]
  val fg-Dice did not improve from 0.6256 @ ep 60 (stale 27/30 epochs)
Reshuffle...
Initializing... this might take a while...
epoch  88/400  train=-0.6318  (val every 3)
Reshuffle...
Initializing... this might take a while...
epoch  89/400  train=-0.6414  (val every 3)
Reshuffle...
Initializing... this might take a while...
epoch  90/400  train=-0.6476  val_fgDice=0.5738  [per-class 0.570 0.578]
  val fg-Dice did not improve from 0.6256 @ ep 60 (stale 30/30 epochs)
early stop: no val fg-Dice improvement for 30 epochs (best fg-Dice=0.6256 @ ep 60)
[convsep_heavy_f1] trained 90 ep in 35.8 min (23.8s/ep) | best fg-Dice 0.6256 @ ep60 (90% @ ep21) | 5.99M params (front-end 0)
[convsep_heavy_f1] mean scores written to /home/Kasimatis/Documents/kasimat/morph-unet/results/convsep_heavy_f1_scores.json
  label Vessel: Dice=0.4833166915924904 ASSD=9.093156480740415
  label Tumour: Dice=0.25294686759025986 ASSD=53.35503976703602
############################################################
## convsep_heavy  fold 2  (batch=24)  2026-07-07 20:18:33
############################################################
class-balanced sampling -> class 1: 32816 slices, class 2: 13646 slices
[convsep_heavy_f2] device=cuda mode=morph-unet(heavy,k=3,beta=10.0,stem,bwarm,impl=convsep) loss=dice+ce seed=42 fold=2 loader_in_ch=1 patch=128 iters/epoch=250 max-epochs=400 (<= 100000 updates) fg=0.33
  beta warmup: epoch 1 -> beta=2.00
Reshuffle...
Initializing... this might take a while...
epoch   1/400  train=0.1907  (val every 3)
  beta warmup: epoch 2 -> beta=2.27
Reshuffle...
Initializing... this might take a while...
epoch   2/400  train=-0.1168  (val every 3)
  beta warmup: epoch 3 -> beta=2.53
Reshuffle...
Initializing... this might take a while...
epoch   3/400  train=-0.2785  val_fgDice=0.5066  [per-class 0.431 0.582]
  beta warmup: epoch 4 -> beta=2.80
Reshuffle...
Initializing... this might take a while...
epoch   4/400  train=-0.3381  (val every 3)
  beta warmup: epoch 5 -> beta=3.07
Reshuffle...
Initializing... this might take a while...
epoch   5/400  train=-0.3803  (val every 3)
  beta warmup: epoch 6 -> beta=3.33
Reshuffle...
Initializing... this might take a while...
epoch   6/400  train=-0.3957  val_fgDice=0.5657  [per-class 0.484 0.647]
  beta warmup: epoch 7 -> beta=3.60
Reshuffle...
Initializing... this might take a while...
epoch   7/400  train=-0.3954  (val every 3)
  beta warmup: epoch 8 -> beta=3.87
Reshuffle...
Initializing... this might take a while...
epoch   8/400  train=-0.4209  (val every 3)
  beta warmup: epoch 9 -> beta=4.13
Reshuffle...
Initializing... this might take a while...
epoch   9/400  train=-0.4305  val_fgDice=0.4836  [per-class 0.411 0.556]
  val fg-Dice did not improve from 0.5657 @ ep 6 (stale 3/30 epochs)
  beta warmup: epoch 10 -> beta=4.40
Reshuffle...
Initializing... this might take a while...
epoch  10/400  train=-0.4341  (val every 3)
  beta warmup: epoch 11 -> beta=4.67
Reshuffle...
Initializing... this might take a while...
epoch  11/400  train=-0.4623  (val every 3)
  beta warmup: epoch 12 -> beta=4.93
Reshuffle...
Initializing... this might take a while...
epoch  12/400  train=-0.4653  val_fgDice=0.5740  [per-class 0.494 0.654]
  beta warmup: epoch 13 -> beta=5.20
Reshuffle...
Initializing... this might take a while...
epoch  13/400  train=-0.4781  (val every 3)
  beta warmup: epoch 14 -> beta=5.47
Reshuffle...
Initializing... this might take a while...
epoch  14/400  train=-0.4605  (val every 3)
  beta warmup: epoch 15 -> beta=5.73
Reshuffle...
Initializing... this might take a while...
epoch  15/400  train=-0.4754  val_fgDice=0.5569  [per-class 0.495 0.619]
  val fg-Dice did not improve from 0.5740 @ ep 12 (stale 3/30 epochs)
  beta warmup: epoch 16 -> beta=6.00
Reshuffle...
Initializing... this might take a while...
epoch  16/400  train=-0.4939  (val every 3)
  beta warmup: epoch 17 -> beta=6.27
Reshuffle...
Initializing... this might take a while...
epoch  17/400  train=-0.4798  (val every 3)
  beta warmup: epoch 18 -> beta=6.53
Reshuffle...
Initializing... this might take a while...
epoch  18/400  train=-0.4957  val_fgDice=0.6083  [per-class 0.506 0.711]
  beta warmup: epoch 19 -> beta=6.80
Reshuffle...
Initializing... this might take a while...
epoch  19/400  train=-0.4921  (val every 3)
  beta warmup: epoch 20 -> beta=7.07
Reshuffle...
Initializing... this might take a while...
epoch  20/400  train=-0.4914  (val every 3)
  beta warmup: epoch 21 -> beta=7.33
Reshuffle...
Initializing... this might take a while...
epoch  21/400  train=-0.5113  val_fgDice=0.5787  [per-class 0.485 0.672]
  val fg-Dice did not improve from 0.6083 @ ep 18 (stale 3/30 epochs)
  beta warmup: epoch 22 -> beta=7.60
Reshuffle...
Initializing... this might take a while...
epoch  22/400  train=-0.5033  (val every 3)
  beta warmup: epoch 23 -> beta=7.87
Reshuffle...
Initializing... this might take a while...
epoch  23/400  train=-0.5003  (val every 3)
  beta warmup: epoch 24 -> beta=8.13
Reshuffle...
Initializing... this might take a while...
epoch  24/400  train=-0.5143  val_fgDice=0.5917  [per-class 0.538 0.646]
  val fg-Dice did not improve from 0.6083 @ ep 18 (stale 6/30 epochs)
  beta warmup: epoch 25 -> beta=8.40
Reshuffle...
Initializing... this might take a while...
epoch  25/400  train=-0.5192  (val every 3)
  beta warmup: epoch 26 -> beta=8.67
Reshuffle...
Initializing... this might take a while...
epoch  26/400  train=-0.5165  (val every 3)
  beta warmup: epoch 27 -> beta=8.93
Reshuffle...
Initializing... this might take a while...
epoch  27/400  train=-0.5077  val_fgDice=0.5553  [per-class 0.528 0.583]
  val fg-Dice did not improve from 0.6083 @ ep 18 (stale 9/30 epochs)
  beta warmup: epoch 28 -> beta=9.20
Reshuffle...
Initializing... this might take a while...
epoch  28/400  train=-0.5357  (val every 3)
  beta warmup: epoch 29 -> beta=9.47
Reshuffle...
Initializing... this might take a while...
epoch  29/400  train=-0.5336  (val every 3)
  beta warmup: epoch 30 -> beta=9.73
Reshuffle...
Initializing... this might take a while...
epoch  30/400  train=-0.5195  val_fgDice=0.5964  [per-class 0.524 0.669]
  val fg-Dice did not improve from 0.6083 @ ep 18 (stale 12/30 epochs)
  beta warmup: epoch 31 -> beta=10.00
Reshuffle...
Initializing... this might take a while...
epoch  31/400  train=-0.5368  (val every 3)
Reshuffle...
Initializing... this might take a while...
epoch  32/400  train=-0.5182  (val every 3)
Reshuffle...
Initializing... this might take a while...
epoch  33/400  train=-0.5464  val_fgDice=0.6100  [per-class 0.564 0.656]
Reshuffle...
Initializing... this might take a while...
epoch  34/400  train=-0.5315  (val every 3)
Reshuffle...
Initializing... this might take a while...
epoch  35/400  train=-0.5297  (val every 3)
Reshuffle...
Initializing... this might take a while...
epoch  36/400  train=-0.5305  val_fgDice=0.6032  [per-class 0.553 0.654]
  val fg-Dice did not improve from 0.6100 @ ep 33 (stale 3/30 epochs)
Reshuffle...
Initializing... this might take a while...
epoch  37/400  train=-0.5525  (val every 3)
Reshuffle...
Initializing... this might take a while...
epoch  38/400  train=-0.5423  (val every 3)
Reshuffle...
Initializing... this might take a while...
epoch  39/400  train=-0.5588  val_fgDice=0.6237  [per-class 0.569 0.678]
Reshuffle...
Initializing... this might take a while...
epoch  40/400  train=-0.5527  (val every 3)
Reshuffle...
Initializing... this might take a while...
epoch  41/400  train=-0.5649  (val every 3)
Reshuffle...
Initializing... this might take a while...
epoch  42/400  train=-0.5460  val_fgDice=0.5556  [per-class 0.488 0.623]
  val fg-Dice did not improve from 0.6237 @ ep 39 (stale 3/30 epochs)
Reshuffle...
Initializing... this might take a while...
epoch  43/400  train=-0.5647  (val every 3)
Reshuffle...
Initializing... this might take a while...
epoch  44/400  train=-0.5576  (val every 3)
Reshuffle...
Initializing... this might take a while...
epoch  45/400  train=-0.5529  val_fgDice=0.6233  [per-class 0.530 0.716]
  val fg-Dice did not improve from 0.6237 @ ep 39 (stale 6/30 epochs)
Reshuffle...
Initializing... this might take a while...
epoch  46/400  train=-0.5601  (val every 3)
Reshuffle...
Initializing... this might take a while...
epoch  47/400  train=-0.5564  (val every 3)
Reshuffle...
Initializing... this might take a while...
epoch  48/400  train=-0.5619  val_fgDice=0.5768  [per-class 0.544 0.610]
  val fg-Dice did not improve from 0.6237 @ ep 39 (stale 9/30 epochs)
Reshuffle...
Initializing... this might take a while...
epoch  49/400  train=-0.5596  (val every 3)
Reshuffle...
Initializing... this might take a while...
epoch  50/400  train=-0.5715  (val every 3)
Reshuffle...
Initializing... this might take a while...
epoch  51/400  train=-0.5776  val_fgDice=0.5836  [per-class 0.558 0.610]
  val fg-Dice did not improve from 0.6237 @ ep 39 (stale 12/30 epochs)
Reshuffle...
Initializing... this might take a while...
epoch  52/400  train=-0.5750  (val every 3)
Reshuffle...
Initializing... this might take a while...
epoch  53/400  train=-0.5770  (val every 3)
Reshuffle...
Initializing... this might take a while...
epoch  54/400  train=-0.5790  val_fgDice=0.6024  [per-class 0.569 0.636]
  val fg-Dice did not improve from 0.6237 @ ep 39 (stale 15/30 epochs)
Reshuffle...
Initializing... this might take a while...
epoch  55/400  train=-0.5753  (val every 3)
Reshuffle...
Initializing... this might take a while...
epoch  56/400  train=-0.5842  (val every 3)
Reshuffle...
Initializing... this might take a while...
epoch  57/400  train=-0.5889  val_fgDice=0.5906  [per-class 0.567 0.614]
  val fg-Dice did not improve from 0.6237 @ ep 39 (stale 18/30 epochs)
Reshuffle...
Initializing... this might take a while...
epoch  58/400  train=-0.5887  (val every 3)
Reshuffle...
Initializing... this might take a while...
epoch  59/400  train=-0.5797  (val every 3)
Reshuffle...
Initializing... this might take a while...
epoch  60/400  train=-0.5844  val_fgDice=0.6135  [per-class 0.568 0.659]
  val fg-Dice did not improve from 0.6237 @ ep 39 (stale 21/30 epochs)
Reshuffle...
Initializing... this might take a while...
epoch  61/400  train=-0.5966  (val every 3)
Reshuffle...
Initializing... this might take a while...
epoch  62/400  train=-0.6057  (val every 3)
Reshuffle...
Initializing... this might take a while...
epoch  63/400  train=-0.6050  val_fgDice=0.6061  [per-class 0.565 0.647]
  val fg-Dice did not improve from 0.6237 @ ep 39 (stale 24/30 epochs)
Reshuffle...
Initializing... this might take a while...
epoch  64/400  train=-0.6123  (val every 3)
Reshuffle...
Initializing... this might take a while...
epoch  65/400  train=-0.6194  (val every 3)
Reshuffle...
Initializing... this might take a while...
epoch  66/400  train=-0.6186  val_fgDice=0.5695  [per-class 0.568 0.571]
  val fg-Dice did not improve from 0.6237 @ ep 39 (stale 27/30 epochs)
Reshuffle...
Initializing... this might take a while...
epoch  67/400  train=-0.6062  (val every 3)
Reshuffle...
Initializing... this might take a while...
epoch  68/400  train=-0.6120  (val every 3)
Reshuffle...
Initializing... this might take a while...
epoch  69/400  train=-0.6158  val_fgDice=0.5723  [per-class 0.574 0.570]
  val fg-Dice did not improve from 0.6237 @ ep 39 (stale 30/30 epochs)
early stop: no val fg-Dice improvement for 30 epochs (best fg-Dice=0.6237 @ ep 39)
[convsep_heavy_f2] trained 69 ep in 21.0 min (18.2s/ep) | best fg-Dice 0.6237 @ ep39 (90% @ ep6) | 5.99M params (front-end 0)
[convsep_heavy_f2] mean scores written to /home/Kasimatis/Documents/kasimat/morph-unet/results/convsep_heavy_f2_scores.json
  label Vessel: Dice=0.5417052044767245 ASSD=3.3518516507306813
  label Tumour: Dice=0.3091027913444241 ASSD=62.522941215333
=== convsep 3-fold training done 2026-07-07 20:56:14 ===
