############ PHASE A: heavy global, keeps 0.1 & 0.5 (8 runs) ############
== morphunet_heavy_prune-l1x1g-k10_f0 (global, keep=0.1) ==
class-balanced sampling -> class 1: 33886 slices, class 2: 13163 slices
[val] CUDA OOM at chunk 12 -> retry at 6
[morphunet_heavy_prune-l1x1g-k10_f0] unpruned: 6.005M params | val fg-Dice 0.5517
Reshuffle...
Initializing... this might take a while...
[prune] morph-channel l1x1, keep_ratio=0.1, alloc=global (norm=max, min_keep=4)
  enc1.sub1              in   64 ->   34  (l1x1, global)
  enc1.sub2              in   64 ->   22  (l1x1, global)
  enc2.sub1              in   64 ->   16  (l1x1, global)
  enc2.sub2              in  128 ->   22  (l1x1, global)
  enc3.sub1              in  128 ->   42  (l1x1, global)
  enc3.sub2              in  256 ->   31  (l1x1, global)
  enc4.sub1              in  256 ->   49  (l1x1, global)
  enc4.sub2              in  512 ->  141  (l1x1, global)
  center.sub1            in  512 ->   24  (l1x1, global)
  center.sub2            in 1024 ->   12  (l1x1, global)
  dec4.sub1              in 1024 ->   46  (l1x1, global)
  dec4.sub2              in  512 ->   21  (l1x1, global)
  dec3.sub1              in  512 ->   14  (l1x1, global)
  dec3.sub2              in  256 ->   26  (l1x1, global)
  dec2.sub1              in  256 ->   16  (l1x1, global)
  dec2.sub2              in  128 ->   52  (l1x1, global)
  dec1.sub1              in  128 ->    7  (l1x1, global)
  dec1.sub2              in   64 ->   14  (l1x1, global)
[morphunet_heavy_prune-l1x1g-k10_f0] pruned:   3.016M params (49.8% off) | val fg-Dice 0.0000 (drop +0.5517)
[morphunet_heavy_prune-l1x1g-k10_f0] fine-tuning 80 ep @ lr=5e-05 ...
Reshuffle...
Initializing... this might take a while...
  ft epoch   1/80  train=0.2196
Reshuffle...
Initializing... this might take a while...
  ft epoch   2/80  train=0.1544
Reshuffle...
Initializing... this might take a while...
  ft epoch   3/80  train=0.1355  val_fgDice=0.0012  [per 0.000 0.002]  *best
Reshuffle...
Initializing... this might take a while...
  ft epoch   4/80  train=0.1205
Reshuffle...
Initializing... this might take a while...
  ft epoch   5/80  train=0.1151
Reshuffle...
Initializing... this might take a while...
  ft epoch   6/80  train=0.1080  val_fgDice=0.0418  [per 0.067 0.016]  *best
Reshuffle...
Initializing... this might take a while...
  ft epoch   7/80  train=0.1091
Reshuffle...
Initializing... this might take a while...
  ft epoch   8/80  train=0.1045
Reshuffle...
Initializing... this might take a while...
  ft epoch   9/80  train=0.0936  val_fgDice=0.0647  [per 0.112 0.017]  *best
Reshuffle...
Initializing... this might take a while...
  ft epoch  10/80  train=0.0930
Reshuffle...
Initializing... this might take a while...
  ft epoch  11/80  train=0.0881
Reshuffle...
Initializing... this might take a while...
  ft epoch  12/80  train=0.0829  val_fgDice=0.0765  [per 0.145 0.008]  *best
Reshuffle...
Initializing... this might take a while...
  ft epoch  13/80  train=0.0826
Reshuffle...
Initializing... this might take a while...
  ft epoch  14/80  train=0.0766
Reshuffle...
Initializing... this might take a while...
  ft epoch  15/80  train=0.0784  val_fgDice=0.0944  [per 0.170 0.019]  *best
Reshuffle...
Initializing... this might take a while...
  ft epoch  16/80  train=0.0715
Reshuffle...
Initializing... this might take a while...
  ft epoch  17/80  train=0.0649
Reshuffle...
Initializing... this might take a while...
  ft epoch  18/80  train=0.0688  val_fgDice=0.1069  [per 0.189 0.025]  *best
Reshuffle...
Initializing... this might take a while...
  ft epoch  19/80  train=0.0629
Reshuffle...
Initializing... this might take a while...
  ft epoch  20/80  train=0.0614
Reshuffle...
Initializing... this might take a while...
  ft epoch  21/80  train=0.0593  val_fgDice=0.1059  [per 0.204 0.008]
Reshuffle...
Initializing... this might take a while...
  ft epoch  22/80  train=0.0560
Reshuffle...
Initializing... this might take a while...
  ft epoch  23/80  train=0.0536
Reshuffle...
Initializing... this might take a while...
  ft epoch  24/80  train=0.0536  val_fgDice=0.1095  [per 0.206 0.013]  *best
Reshuffle...
Initializing... this might take a while...
  ft epoch  25/80  train=0.0488
Reshuffle...
Initializing... this might take a while...
  ft epoch  26/80  train=0.0468
Reshuffle...
Initializing... this might take a while...
  ft epoch  27/80  train=0.0497  val_fgDice=0.1101  [per 0.210 0.010]  *best
Reshuffle...
Initializing... this might take a while...
  ft epoch  28/80  train=0.0351
Reshuffle...
Initializing... this might take a while...
  ft epoch  29/80  train=0.0478
Reshuffle...
Initializing... this might take a while...
  ft epoch  30/80  train=0.0385  val_fgDice=0.1090  [per 0.207 0.011]
Reshuffle...
Initializing... this might take a while...
  ft epoch  31/80  train=0.0354
Reshuffle...
Initializing... this might take a while...
  ft epoch  32/80  train=0.0396
Reshuffle...
Initializing... this might take a while...
  ft epoch  33/80  train=0.0341  val_fgDice=0.1091  [per 0.212 0.007]
Reshuffle...
Initializing... this might take a while...
  ft epoch  34/80  train=0.0401
Reshuffle...
Initializing... this might take a while...
  ft epoch  35/80  train=0.0244
Reshuffle...
Initializing... this might take a while...
  ft epoch  36/80  train=0.0357  val_fgDice=0.1191  [per 0.234 0.004]  *best
Reshuffle...
Initializing... this might take a while...
  ft epoch  37/80  train=0.0300
Reshuffle...
Initializing... this might take a while...
  ft epoch  38/80  train=0.0246
Reshuffle...
Initializing... this might take a while...
  ft epoch  39/80  train=0.0169  val_fgDice=0.1213  [per 0.233 0.010]  *best
Reshuffle...
Initializing... this might take a while...
  ft epoch  40/80  train=0.0263
Reshuffle...
Initializing... this might take a while...
  ft epoch  41/80  train=0.0243
Reshuffle...
Initializing... this might take a while...
  ft epoch  42/80  train=0.0076  val_fgDice=0.1146  [per 0.228 0.001]
Reshuffle...
Initializing... this might take a while...
  ft epoch  43/80  train=0.0096
Reshuffle...
Initializing... this might take a while...
  ft epoch  44/80  train=0.0196
Reshuffle...
Initializing... this might take a while...
  ft epoch  45/80  train=0.0062  val_fgDice=0.1228  [per 0.239 0.006]  *best
Reshuffle...
Initializing... this might take a while...
  ft epoch  46/80  train=0.0088
Reshuffle...
Initializing... this might take a while...
  ft epoch  47/80  train=0.0147
Reshuffle...
Initializing... this might take a while...
  ft epoch  48/80  train=0.0037  val_fgDice=0.1302  [per 0.249 0.011]  *best
Reshuffle...
Initializing... this might take a while...
  ft epoch  49/80  train=-0.0053
Reshuffle...
Initializing... this might take a while...
  ft epoch  50/80  train=0.0014
Reshuffle...
Initializing... this might take a while...
  ft epoch  51/80  train=-0.0004  val_fgDice=0.1280  [per 0.241 0.015]
Reshuffle...
Initializing... this might take a while...
  ft epoch  52/80  train=0.0080
Reshuffle...
Initializing... this might take a while...
  ft epoch  53/80  train=-0.0045
Reshuffle...
Initializing... this might take a while...
  ft epoch  54/80  train=-0.0048  val_fgDice=0.1244  [per 0.239 0.010]
Reshuffle...
Initializing... this might take a while...
  ft epoch  55/80  train=-0.0061
Reshuffle...
Initializing... this might take a while...
  ft epoch  56/80  train=-0.0059
Reshuffle...
Initializing... this might take a while...
  ft epoch  57/80  train=-0.0061  val_fgDice=0.1229  [per 0.243 0.003]
Reshuffle...
Initializing... this might take a while...
  ft epoch  58/80  train=-0.0110
Reshuffle...
Initializing... this might take a while...
  ft epoch  59/80  train=-0.0024
Reshuffle...
Initializing... this might take a while...
  ft epoch  60/80  train=-0.0111  val_fgDice=0.1234  [per 0.243 0.004]
Reshuffle...
Initializing... this might take a while...
  ft epoch  61/80  train=-0.0105
Reshuffle...
Initializing... this might take a while...
  ft epoch  62/80  train=-0.0220
Reshuffle...
Initializing... this might take a while...
  ft epoch  63/80  train=-0.0142  val_fgDice=0.1308  [per 0.256 0.005]  *best
Reshuffle...
Initializing... this might take a while...
  ft epoch  64/80  train=-0.0196
Reshuffle...
Initializing... this might take a while...
  ft epoch  65/80  train=-0.0284
Reshuffle...
Initializing... this might take a while...
  ft epoch  66/80  train=-0.0211  val_fgDice=0.1299  [per 0.254 0.006]
Reshuffle...
Initializing... this might take a while...
  ft epoch  67/80  train=-0.0154
Reshuffle...
Initializing... this might take a while...
  ft epoch  68/80  train=-0.0311
Reshuffle...
Initializing... this might take a while...
  ft epoch  69/80  train=-0.0240  val_fgDice=0.1370  [per 0.257 0.017]  *best
Reshuffle...
Initializing... this might take a while...
  ft epoch  70/80  train=-0.0216
Reshuffle...
Initializing... this might take a while...
  ft epoch  71/80  train=-0.0254
Reshuffle...
Initializing... this might take a while...
  ft epoch  72/80  train=-0.0253  val_fgDice=0.1305  [per 0.257 0.004]
Reshuffle...
Initializing... this might take a while...
  ft epoch  73/80  train=-0.0257
Reshuffle...
Initializing... this might take a while...
  ft epoch  74/80  train=-0.0253
Reshuffle...
Initializing... this might take a while...
  ft epoch  75/80  train=-0.0292  val_fgDice=0.1342  [per 0.261 0.007]
Reshuffle...
Initializing... this might take a while...
  ft epoch  76/80  train=-0.0313
Reshuffle...
Initializing... this might take a while...
  ft epoch  77/80  train=-0.0286
Reshuffle...
Initializing... this might take a while...
  ft epoch  78/80  train=-0.0301  val_fgDice=0.1301  [per 0.254 0.006]
Reshuffle...
Initializing... this might take a while...
  ft epoch  79/80  train=-0.0214
Reshuffle...
Initializing... this might take a while...
  ft epoch  80/80  train=-0.0351  val_fgDice=0.1282  [per 0.253 0.004]
  fine-tune done in 57.9 min | best fg-Dice 0.1370 @ep69 -> /home/Kasimatis/Documents/kasimat/morph-unet/results/morphunet_heavy_prune-l1x1g-k10_f0_best.pth
[morphunet_heavy_prune-l1x1g-k10_f0] DONE  params 6.005M -> 3.016M | Dice 0.5517 -> pruned 0.0000 -> finetuned 0.1370
  scores: /home/Kasimatis/Documents/kasimat/morph-unet/results/morphunet_heavy_prune-l1x1g-k10_f0_scores.json
== morphunet_heavy_prune-l1x1g-k50_f0 (global, keep=0.5) ==
class-balanced sampling -> class 1: 33886 slices, class 2: 13163 slices
[val] CUDA OOM at chunk 12 -> retry at 6
[morphunet_heavy_prune-l1x1g-k50_f0] unpruned: 6.005M params | val fg-Dice 0.5517
Reshuffle...
Initializing... this might take a while...
[prune] morph-channel l1x1, keep_ratio=0.5, alloc=global (norm=max, min_keep=4)
  enc1.sub1              in   64 ->   61  (l1x1, global)
  enc1.sub2              in   64 ->   62  (l1x1, global)
  enc2.sub1              in   64 ->   54  (l1x1, global)
  enc2.sub2              in  128 ->  102  (l1x1, global)
  enc3.sub1              in  128 ->  109  (l1x1, global)
  enc3.sub2              in  256 ->  175  (l1x1, global)
  enc4.sub1              in  256 ->  205  (l1x1, global)
  enc4.sub2              in  512 ->  460  (l1x1, global)
  center.sub1            in  512 ->  254  (l1x1, global)
  center.sub2            in 1024 ->  125  (l1x1, global)
  dec4.sub1              in 1024 ->  479  (l1x1, global)
  dec4.sub2              in  512 ->  241  (l1x1, global)
  dec3.sub1              in  512 ->  129  (l1x1, global)
  dec3.sub2              in  256 ->  150  (l1x1, global)
  dec2.sub1              in  256 ->  114  (l1x1, global)
  dec2.sub2              in  128 ->  114  (l1x1, global)
  dec1.sub1              in  128 ->   62  (l1x1, global)
  dec1.sub2              in   64 ->   48  (l1x1, global)
[morphunet_heavy_prune-l1x1g-k50_f0] pruned:   4.134M params (31.2% off) | val fg-Dice 0.0932 (drop +0.4585)
[morphunet_heavy_prune-l1x1g-k50_f0] fine-tuning 80 ep @ lr=5e-05 ...
Reshuffle...
Initializing... this might take a while...
Traceback (most recent call last):
  File "/home/Kasimatis/Documents/kasimat/morph-unet/prune.py", line 224, in <module>
    main()
    ~~~~^^
  File "/home/Kasimatis/Documents/kasimat/morph-unet/prune.py", line 197, in main
    best_path, ft_dice, ft_best_epoch = finetune(model, args, train_loader, val_loader, device, out_stem)
                                        ~~~~~~~~^^^^^^^^^^^^^^^^^^^^^^^^^^^^^^^^^^^^^^^^^^^^^^^^^^^^^^^^^
  File "/home/Kasimatis/Documents/kasimat/morph-unet/prune.py", line 81, in finetune
    tr = run_epoch(model, train_loader, device, dice_loss, ce_loss, optimizer)
  File "/home/Kasimatis/Documents/kasimat/morph-unet/train_eval.py", line 139, in run_epoch
    pred = model(data)
  File "/home/Kasimatis/.local/lib/python3.14/site-packages/torch/nn/modules/module.py", line 1778, in _wrapped_call_impl
    return self._call_impl(*args, **kwargs)
           ~~~~~~~~~~~~~~~^^^^^^^^^^^^^^^^^
  File "/home/Kasimatis/.local/lib/python3.14/site-packages/torch/nn/modules/module.py", line 1789, in _call_impl
    return forward_call(*args, **kwargs)
  File "/home/Kasimatis/Documents/kasimat/morph-unet/networks/morph_unet.py", line 421, in forward
    d1 = self.dec1(torch.cat([self.up1(d2), e1], 1))
  File "/home/Kasimatis/.local/lib/python3.14/site-packages/torch/nn/modules/module.py", line 1778, in _wrapped_call_impl
    return self._call_impl(*args, **kwargs)
           ~~~~~~~~~~~~~~~^^^^^^^^^^^^^^^^^
  File "/home/Kasimatis/.local/lib/python3.14/site-packages/torch/nn/modules/module.py", line 1789, in _call_impl
    return forward_call(*args, **kwargs)
  File "/home/Kasimatis/Documents/kasimat/morph-unet/networks/morph_unet.py", line 313, in forward
    return self.drop(self._forward(x))
                     ~~~~~~~~~~~~~^^^
  File "/home/Kasimatis/Documents/kasimat/morph-unet/networks/morph_unet.py", line 298, in _forward
    return x + self.sub2(x)     # sub2 is out->out, so the residual shapes match
               ~~~~~~~~~^^^
  File "/home/Kasimatis/.local/lib/python3.14/site-packages/torch/nn/modules/module.py", line 1778, in _wrapped_call_impl
    return self._call_impl(*args, **kwargs)
           ~~~~~~~~~~~~~~~^^^^^^^^^^^^^^^^^
  File "/home/Kasimatis/.local/lib/python3.14/site-packages/torch/nn/modules/module.py", line 1789, in _call_impl
    return forward_call(*args, **kwargs)
  File "/home/Kasimatis/Documents/kasimat/morph-unet/networks/morph_unet.py", line 138, in forward
    return self.act(self.norm(self.proj(self.morph(x))))
                                        ~~~~~~~~~~^^^
  File "/home/Kasimatis/.local/lib/python3.14/site-packages/torch/nn/modules/module.py", line 1778, in _wrapped_call_impl
    return self._call_impl(*args, **kwargs)
           ~~~~~~~~~~~~~~~^^^^^^^^^^^^^^^^^
  File "/home/Kasimatis/.local/lib/python3.14/site-packages/torch/nn/modules/module.py", line 1789, in _call_impl
    return forward_call(*args, **kwargs)
  File "/home/Kasimatis/Documents/kasimat/morph-unet/networks/morph_unet.py", line 100, in forward
    dil = torch.logaddexp(torch.logsumexp(b * n, dim=2), b * self.b_dil) / b
                          ~~~~~~~~~~~~~~~^^^^^^^^^^^^^^
torch.OutOfMemoryError: CUDA out of memory. Tried to allocate 648.00 MiB. GPU 0 has a total capacity of 15.50 GiB of which 38.94 MiB is free. Process 128606 has 337.09 MiB memory in use. Including non-PyTorch memory, this process has 14.10 GiB memory in use. Of the allocated memory 13.12 GiB is allocated by PyTorch, and 671.90 MiB is reserved by PyTorch but unallocated. If reserved but unallocated memory is large try setting PYTORCH_CUDA_ALLOC_CONF=expandable_segments:True to avoid fragmentation.  See documentation for Memory Management  (https://docs.pytorch.org/docs/stable/notes/cuda.html#optimizing-memory-usage-with-pytorch-cuda-alloc-conf)
  !!! morphunet_heavy_prune-l1x1g-k50_f0 FAILED (exit 1) -- continuing
== morphunet_heavy_prune-ling-k10_f0 (global, keep=0.1) ==
class-balanced sampling -> class 1: 33886 slices, class 2: 13163 slices
[val] CUDA OOM at chunk 12 -> retry at 6
[morphunet_heavy_prune-ling-k10_f0] unpruned: 6.005M params | val fg-Dice 0.5517
Reshuffle...
Initializing... this might take a while...
/usr/lib/python3.14/multiprocessing/resource_tracker.py:475: UserWarning: resource_tracker: There appear to be 52 leaked semaphore objects to clean up at shutdown: {'/mp-2irz5kpo', '/mp-f21ilh_0', '/mp-__bbbzw6', '/mp-uvebcoa9', '/mp-5lmhfmuk', '/mp-wi2x3fl_', '/mp-u8l45gpz', '/mp-qrhe950h', '/mp-q04e2q1d', '/mp-12vty01o', '/mp-kunchzlz', '/mp-mw2ygnd8', '/mp-35bdsj4c', '/mp-xo6uze77', '/mp-s63us50c', '/mp-65835cl9', '/mp-96p7jv5q', '/mp-6z9bmal_', '/mp-_1u7u8pu', '/mp-3_s57vbx', '/mp-1eovudtf', '/mp-6br5_45k', '/mp-r09xq4nw', '/mp-cnqk1d1g', '/mp-w2g3zefw', '/mp-qtsvoukr', '/mp-on73j9nc', '/mp-dn261bra', '/mp-1t0pnlz_', '/mp-kdf68p11', '/mp-q2f2dw8b', '/mp-omamxo1p', '/mp-rbh86t2d', '/mp-nchdimjk', '/mp-4pcpvppl', '/mp-rz0aqx88', '/mp-xshrpx6i', '/mp-f7cb4hyt', '/mp-38s0efjx', '/mp-6os5yfbu', '/mp-e1mynoh3', '/mp-5abx7_t0', '/mp-gi5xe12u', '/mp-7x_ih3wq', '/mp-l20a52nk', '/mp-kzisil5o', '/mp-mk59tcml', '/mp-gu7seyox', '/mp-9m9tba0j', '/mp-9cetwmb1', '/mp-fi0cwhpn', '/mp-_vuin9jb'}
  warnings.warn(
