############ PHASE A: heavy global, keeps 0.1 & 0.5 (8 runs) ############
== morphunet_heavy_prune-l1x1g-k10_f0 (global, keep=0.1) ==
class-balanced sampling -> class 1: 33886 slices, class 2: 13163 slices
[val] CUDA OOM at chunk 12 -> retry at 6
[morphunet_heavy_prune-l1x1g-k10_f0] unpruned: 6.005M params | val fg-Dice 0.5517
Reshuffle...
Initializing... this might take a while...
[prune] morph-channel l1x1, keep_ratio=0.1, alloc=global (norm=max, min_keep=4)
  enc1.sub1              in   64 ->   34  (l1x1, global)
  enc1.sub2              in   64 ->   22  (l1x1, global)
  enc2.sub1              in   64 ->   16  (l1x1, global)
  enc2.sub2              in  128 ->   22  (l1x1, global)
  enc3.sub1              in  128 ->   42  (l1x1, global)
  enc3.sub2              in  256 ->   31  (l1x1, global)
  enc4.sub1              in  256 ->   49  (l1x1, global)
  enc4.sub2              in  512 ->  141  (l1x1, global)
  center.sub1            in  512 ->   24  (l1x1, global)
  center.sub2            in 1024 ->   12  (l1x1, global)
  dec4.sub1              in 1024 ->   46  (l1x1, global)
  dec4.sub2              in  512 ->   21  (l1x1, global)
  dec3.sub1              in  512 ->   14  (l1x1, global)
  dec3.sub2              in  256 ->   26  (l1x1, global)
  dec2.sub1              in  256 ->   16  (l1x1, global)
  dec2.sub2              in  128 ->   52  (l1x1, global)
  dec1.sub1              in  128 ->    7  (l1x1, global)
  dec1.sub2              in   64 ->   14  (l1x1, global)
[morphunet_heavy_prune-l1x1g-k10_f0] pruned:   3.016M params (49.8% off) | val fg-Dice 0.0000 (drop +0.5517)
[morphunet_heavy_prune-l1x1g-k10_f0] fine-tuning 80 ep @ lr=5e-05 ...
Reshuffle...
Initializing... this might take a while...
  ft epoch   1/80  train=0.2196
Reshuffle...
Initializing... this might take a while...
  ft epoch   2/80  train=0.1544
Reshuffle...
Initializing... this might take a while...
  ft epoch   3/80  train=0.1355  val_fgDice=0.0012  [per 0.000 0.002]  *best
Reshuffle...
Initializing... this might take a while...
  ft epoch   4/80  train=0.1205
Reshuffle...
Initializing... this might take a while...
  ft epoch   5/80  train=0.1151
Reshuffle...
Initializing... this might take a while...
  ft epoch   6/80  train=0.1080  val_fgDice=0.0418  [per 0.067 0.016]  *best
Reshuffle...
Initializing... this might take a while...
  ft epoch   7/80  train=0.1091
Reshuffle...
Initializing... this might take a while...
  ft epoch   8/80  train=0.1045
Reshuffle...
Initializing... this might take a while...
  ft epoch   9/80  train=0.0936  val_fgDice=0.0647  [per 0.112 0.017]  *best
Reshuffle...
Initializing... this might take a while...
  ft epoch  10/80  train=0.0930
Reshuffle...
Initializing... this might take a while...
  ft epoch  11/80  train=0.0881
Reshuffle...
Initializing... this might take a while...
  ft epoch  12/80  train=0.0829  val_fgDice=0.0765  [per 0.145 0.008]  *best
Reshuffle...
Initializing... this might take a while...
  ft epoch  13/80  train=0.0826
Reshuffle...
Initializing... this might take a while...
  ft epoch  14/80  train=0.0766
Reshuffle...
Initializing... this might take a while...
  ft epoch  15/80  train=0.0784  val_fgDice=0.0944  [per 0.170 0.019]  *best
Reshuffle...
Initializing... this might take a while...
  ft epoch  16/80  train=0.0715
Reshuffle...
Initializing... this might take a while...
  ft epoch  17/80  train=0.0649
Reshuffle...
Initializing... this might take a while...
  ft epoch  18/80  train=0.0688  val_fgDice=0.1069  [per 0.189 0.025]  *best
Reshuffle...
Initializing... this might take a while...
  ft epoch  19/80  train=0.0629
Reshuffle...
Initializing... this might take a while...
  ft epoch  20/80  train=0.0614
Reshuffle...
Initializing... this might take a while...
  ft epoch  21/80  train=0.0593  val_fgDice=0.1059  [per 0.204 0.008]
Reshuffle...
Initializing... this might take a while...
  ft epoch  22/80  train=0.0560
Reshuffle...
Initializing... this might take a while...
  ft epoch  23/80  train=0.0536
Reshuffle...
Initializing... this might take a while...
  ft epoch  24/80  train=0.0536  val_fgDice=0.1095  [per 0.206 0.013]  *best
Reshuffle...
Initializing... this might take a while...
  ft epoch  25/80  train=0.0488
Reshuffle...
Initializing... this might take a while...
  ft epoch  26/80  train=0.0468
Reshuffle...
Initializing... this might take a while...
  ft epoch  27/80  train=0.0497  val_fgDice=0.1101  [per 0.210 0.010]  *best
Reshuffle...
Initializing... this might take a while...
  ft epoch  28/80  train=0.0351
Reshuffle...
Initializing... this might take a while...
  ft epoch  29/80  train=0.0478
Reshuffle...
Initializing... this might take a while...
  ft epoch  30/80  train=0.0385  val_fgDice=0.1090  [per 0.207 0.011]
Reshuffle...
Initializing... this might take a while...
  ft epoch  31/80  train=0.0354
Reshuffle...
Initializing... this might take a while...
  ft epoch  32/80  train=0.0396
Reshuffle...
Initializing... this might take a while...
  ft epoch  33/80  train=0.0341  val_fgDice=0.1091  [per 0.212 0.007]
Reshuffle...
Initializing... this might take a while...
  ft epoch  34/80  train=0.0401
Reshuffle...
Initializing... this might take a while...
  ft epoch  35/80  train=0.0244
Reshuffle...
Initializing... this might take a while...
  ft epoch  36/80  train=0.0357  val_fgDice=0.1191  [per 0.234 0.004]  *best
Reshuffle...
Initializing... this might take a while...
  ft epoch  37/80  train=0.0300
Reshuffle...
Initializing... this might take a while...
  ft epoch  38/80  train=0.0246
Reshuffle...
Initializing... this might take a while...
  ft epoch  39/80  train=0.0169  val_fgDice=0.1213  [per 0.233 0.010]  *best
Reshuffle...
Initializing... this might take a while...
  ft epoch  40/80  train=0.0263
Reshuffle...
Initializing... this might take a while...
  ft epoch  41/80  train=0.0243
Reshuffle...
Initializing... this might take a while...
  ft epoch  42/80  train=0.0076  val_fgDice=0.1146  [per 0.228 0.001]
Reshuffle...
Initializing... this might take a while...
  ft epoch  43/80  train=0.0096
Reshuffle...
Initializing... this might take a while...
  ft epoch  44/80  train=0.0196
Reshuffle...
Initializing... this might take a while...
  ft epoch  45/80  train=0.0062  val_fgDice=0.1228  [per 0.239 0.006]  *best
Reshuffle...
Initializing... this might take a while...
  ft epoch  46/80  train=0.0088
Reshuffle...
Initializing... this might take a while...
  ft epoch  47/80  train=0.0147
Reshuffle...
Initializing... this might take a while...
  ft epoch  48/80  train=0.0037  val_fgDice=0.1302  [per 0.249 0.011]  *best
Reshuffle...
Initializing... this might take a while...
  ft epoch  49/80  train=-0.0053
Reshuffle...
Initializing... this might take a while...
  ft epoch  50/80  train=0.0014
Reshuffle...
Initializing... this might take a while...
  ft epoch  51/80  train=-0.0004  val_fgDice=0.1280  [per 0.241 0.015]
Reshuffle...
Initializing... this might take a while...
  ft epoch  52/80  train=0.0080
Reshuffle...
Initializing... this might take a while...
  ft epoch  53/80  train=-0.0045
Reshuffle...
Initializing... this might take a while...
  ft epoch  54/80  train=-0.0048  val_fgDice=0.1244  [per 0.239 0.010]
Reshuffle...
Initializing... this might take a while...
  ft epoch  55/80  train=-0.0061
Reshuffle...
Initializing... this might take a while...
  ft epoch  56/80  train=-0.0059
Reshuffle...
Initializing... this might take a while...
  ft epoch  57/80  train=-0.0061  val_fgDice=0.1229  [per 0.243 0.003]
Reshuffle...
Initializing... this might take a while...
  ft epoch  58/80  train=-0.0110
Reshuffle...
Initializing... this might take a while...
  ft epoch  59/80  train=-0.0024
Reshuffle...
Initializing... this might take a while...
  ft epoch  60/80  train=-0.0111  val_fgDice=0.1234  [per 0.243 0.004]
Reshuffle...
Initializing... this might take a while...
  ft epoch  61/80  train=-0.0105
Reshuffle...
Initializing... this might take a while...
  ft epoch  62/80  train=-0.0220
Reshuffle...
Initializing... this might take a while...
  ft epoch  63/80  train=-0.0142  val_fgDice=0.1308  [per 0.256 0.005]  *best
Reshuffle...
Initializing... this might take a while...
  ft epoch  64/80  train=-0.0196
Reshuffle...
Initializing... this might take a while...
  ft epoch  65/80  train=-0.0284
Reshuffle...
Initializing... this might take a while...
  ft epoch  66/80  train=-0.0211  val_fgDice=0.1299  [per 0.254 0.006]
Reshuffle...
Initializing... this might take a while...
  ft epoch  67/80  train=-0.0154
Reshuffle...
Initializing... this might take a while...
  ft epoch  68/80  train=-0.0311
Reshuffle...
Initializing... this might take a while...
  ft epoch  69/80  train=-0.0240  val_fgDice=0.1370  [per 0.257 0.017]  *best
Reshuffle...
Initializing... this might take a while...
  ft epoch  70/80  train=-0.0216
Reshuffle...
Initializing... this might take a while...
  ft epoch  71/80  train=-0.0254
Reshuffle...
Initializing... this might take a while...
  ft epoch  72/80  train=-0.0253  val_fgDice=0.1305  [per 0.257 0.004]
Reshuffle...
Initializing... this might take a while...
  ft epoch  73/80  train=-0.0257
Reshuffle...
Initializing... this might take a while...
  ft epoch  74/80  train=-0.0253
Reshuffle...
Initializing... this might take a while...
  ft epoch  75/80  train=-0.0292  val_fgDice=0.1342  [per 0.261 0.007]
Reshuffle...
Initializing... this might take a while...
  ft epoch  76/80  train=-0.0313
Reshuffle...
Initializing... this might take a while...
  ft epoch  77/80  train=-0.0286
Reshuffle...
Initializing... this might take a while...
  ft epoch  78/80  train=-0.0301  val_fgDice=0.1301  [per 0.254 0.006]
Reshuffle...
Initializing... this might take a while...
  ft epoch  79/80  train=-0.0214
Reshuffle...
Initializing... this might take a while...
  ft epoch  80/80  train=-0.0351  val_fgDice=0.1282  [per 0.253 0.004]
  fine-tune done in 57.9 min | best fg-Dice 0.1370 @ep69 -> /home/Kasimatis/Documents/kasimat/morph-unet/results/morphunet_heavy_prune-l1x1g-k10_f0_best.pth
