==================================================================
>>> [1/24] mpm_full_l2 (config=full_l2) fold=0  method=l1x1  keep=0.1
==================================================================
    already done (results/mpm_full_l2_prune-l1x1-k10_f0_prune.json) -> skip
==================================================================
>>> [2/24] mpm_full_l2 (config=full_l2) fold=0  method=l1x1  keep=0.3
==================================================================
    already done (results/mpm_full_l2_prune-l1x1-k30_f0_prune.json) -> skip
==================================================================
>>> [3/24] mpm_full_l2 (config=full_l2) fold=0  method=l1x1  keep=0.5
==================================================================
    already done (results/mpm_full_l2_prune-l1x1-k50_f0_prune.json) -> skip
==================================================================
>>> [4/24] mpm_full_l2 (config=full_l2) fold=0  method=l1x1  keep=0.7
==================================================================
    already done (results/mpm_full_l2_prune-l1x1-k70_f0_prune.json) -> skip
==================================================================
>>> [5/24] mpm_full_l2 (config=full_l2) fold=0  method=morph  keep=0.1
==================================================================
class-balanced sampling -> class 1: 33886 slices, class 2: 13163 slices
[mpm_full_l2_prune-morph-k10_f0] unpruned: 6.748M params | val fg-Dice 0.5922
Reshuffle...
Initializing... this might take a while...
[prune] morph-channel morph, keep_ratio=0.1
  enc3.sub1              in  128 ->   13  (morph)
  enc3.sub2              in  256 ->   26  (morph)
  enc4.sub1              in  256 ->   26  (morph)
  enc4.sub2              in  512 ->   51  (morph)
  center.sub1            in  512 ->   51  (morph)
  center.sub2            in 1024 ->  102  (morph)
  dec4.sub1              in 1024 ->  102  (morph)
  dec4.sub2              in  512 ->   51  (morph)
  dec3.sub1              in  512 ->   51  (morph)
  dec3.sub2              in  256 ->   26  (morph)
[mpm_full_l2_prune-morph-k10_f0] pruned:   3.951M params (41.5% off) | val fg-Dice 0.1739 (drop +0.4183)
[mpm_full_l2_prune-morph-k10_f0] fine-tuning 80 ep @ lr=5e-05 ...
Reshuffle...
Initializing... this might take a while...
  ft epoch   1/80  train=-0.3324
Reshuffle...
Initializing... this might take a while...
  ft epoch   2/80  train=-0.3841
Reshuffle...
Initializing... this might take a while...
  ft epoch   3/80  train=-0.4266  val_fgDice=0.4422  [per 0.393 0.492]  *best
Reshuffle...
Initializing... this might take a while...
  ft epoch   4/80  train=-0.4188
Reshuffle...
Initializing... this might take a while...
  ft epoch   5/80  train=-0.4268
Reshuffle...
Initializing... this might take a while...
  ft epoch   6/80  train=-0.4470  val_fgDice=0.4758  [per 0.402 0.550]  *best
Reshuffle...
Initializing... this might take a while...
  ft epoch   7/80  train=-0.4523
Reshuffle...
Initializing... this might take a while...
  ft epoch   8/80  train=-0.4475
Reshuffle...
Initializing... this might take a while...
  ft epoch   9/80  train=-0.4695  val_fgDice=0.4941  [per 0.405 0.583]  *best
Reshuffle...
Initializing... this might take a while...
  ft epoch  10/80  train=-0.4681
Reshuffle...
Initializing... this might take a while...
  ft epoch  11/80  train=-0.4659
Reshuffle...
Initializing... this might take a while...
  ft epoch  12/80  train=-0.4507  val_fgDice=0.5012  [per 0.400 0.602]  *best
Reshuffle...
Initializing... this might take a while...
  ft epoch  13/80  train=-0.4683
Reshuffle...
Initializing... this might take a while...
  ft epoch  14/80  train=-0.4485
Reshuffle...
Initializing... this might take a while...
  ft epoch  15/80  train=-0.4604  val_fgDice=0.4348  [per 0.413 0.457]
Reshuffle...
Initializing... this might take a while...
  ft epoch  16/80  train=-0.4641
Reshuffle...
Initializing... this might take a while...
  ft epoch  17/80  train=-0.4715
Reshuffle...
Initializing... this might take a while...
  ft epoch  18/80  train=-0.4713  val_fgDice=0.4840  [per 0.413 0.555]
Reshuffle...
Initializing... this might take a while...
  ft epoch  19/80  train=-0.4832
Reshuffle...
Initializing... this might take a while...
  ft epoch  20/80  train=-0.5033
Reshuffle...
Initializing... this might take a while...
  ft epoch  21/80  train=-0.4936  val_fgDice=0.4614  [per 0.399 0.524]
Reshuffle...
Initializing... this might take a while...
  ft epoch  22/80  train=-0.4788
Reshuffle...
Initializing... this might take a while...
  ft epoch  23/80  train=-0.4798
Reshuffle...
Initializing... this might take a while...
  ft epoch  24/80  train=-0.4914  val_fgDice=0.5228  [per 0.403 0.643]  *best
Reshuffle...
Initializing... this might take a while...
  ft epoch  25/80  train=-0.4733
Reshuffle...
Initializing... this might take a while...
  ft epoch  26/80  train=-0.4821
Reshuffle...
Initializing... this might take a while...
  ft epoch  27/80  train=-0.4859  val_fgDice=0.5455  [per 0.431 0.660]  *best
Reshuffle...
Initializing... this might take a while...
  ft epoch  28/80  train=-0.4882
Reshuffle...
Initializing... this might take a while...
  ft epoch  29/80  train=-0.4736
Reshuffle...
Initializing... this might take a while...
  ft epoch  30/80  train=-0.5000  val_fgDice=0.5249  [per 0.435 0.615]
Reshuffle...
Initializing... this might take a while...
  ft epoch  31/80  train=-0.4985
Reshuffle...
Initializing... this might take a while...
  ft epoch  32/80  train=-0.5036
Reshuffle...
Initializing... this might take a while...
  ft epoch  33/80  train=-0.4877  val_fgDice=0.5096  [per 0.417 0.602]
Reshuffle...
Initializing... this might take a while...
  ft epoch  34/80  train=-0.4811
Reshuffle...
Initializing... this might take a while...
  ft epoch  35/80  train=-0.4916
Reshuffle...
Initializing... this might take a while...
  ft epoch  36/80  train=-0.5096  val_fgDice=0.5366  [per 0.438 0.636]
Reshuffle...
Initializing... this might take a while...
  ft epoch  37/80  train=-0.5003
Reshuffle...
Initializing... this might take a while...
  ft epoch  38/80  train=-0.4807
Reshuffle...
Initializing... this might take a while...
  ft epoch  39/80  train=-0.5008  val_fgDice=0.5052  [per 0.446 0.564]
Reshuffle...
Initializing... this might take a while...
  ft epoch  40/80  train=-0.4968
Reshuffle...
Initializing... this might take a while...
  ft epoch  41/80  train=-0.4866
Reshuffle...
Initializing... this might take a while...
  ft epoch  42/80  train=-0.5072  val_fgDice=0.5262  [per 0.440 0.613]
Reshuffle...
Initializing... this might take a while...
  ft epoch  43/80  train=-0.5218
Reshuffle...
Initializing... this might take a while...
  ft epoch  44/80  train=-0.5155
Reshuffle...
Initializing... this might take a while...
  ft epoch  45/80  train=-0.4997  val_fgDice=0.5425  [per 0.434 0.651]
Reshuffle...
Initializing... this might take a while...
  ft epoch  46/80  train=-0.5067
Reshuffle...
Initializing... this might take a while...
  ft epoch  47/80  train=-0.5140
Reshuffle...
Initializing... this might take a while...
  ft epoch  48/80  train=-0.5159  val_fgDice=0.5469  [per 0.444 0.649]  *best
Reshuffle...
Initializing... this might take a while...
  ft epoch  49/80  train=-0.5029
Reshuffle...
Initializing... this might take a while...
  ft epoch  50/80  train=-0.5143
Reshuffle...
Initializing... this might take a while...
  ft epoch  51/80  train=-0.5127  val_fgDice=0.5416  [per 0.437 0.646]
Reshuffle...
Initializing... this might take a while...
  ft epoch  52/80  train=-0.5043
Reshuffle...
Initializing... this might take a while...
  ft epoch  53/80  train=-0.5158
Reshuffle...
Initializing... this might take a while...
  ft epoch  54/80  train=-0.5138  val_fgDice=0.5438  [per 0.427 0.661]
Reshuffle...
Initializing... this might take a while...
  ft epoch  55/80  train=-0.5358
Reshuffle...
Initializing... this might take a while...
  ft epoch  56/80  train=-0.5134
Reshuffle...
Initializing... this might take a while...
  ft epoch  57/80  train=-0.5155  val_fgDice=0.5500  [per 0.427 0.673]  *best
Reshuffle...
Initializing... this might take a while...
  ft epoch  58/80  train=-0.5036
Reshuffle...
Initializing... this might take a while...
  ft epoch  59/80  train=-0.5098
Reshuffle...
Initializing... this might take a while...
  ft epoch  60/80  train=-0.5256  val_fgDice=0.5422  [per 0.443 0.641]
Reshuffle...
Initializing... this might take a while...
  ft epoch  61/80  train=-0.5052
Reshuffle...
Initializing... this might take a while...
  ft epoch  62/80  train=-0.5063
Reshuffle...
Initializing... this might take a while...
  ft epoch  63/80  train=-0.5269  val_fgDice=0.5513  [per 0.445 0.657]  *best
Reshuffle...
Initializing... this might take a while...
  ft epoch  64/80  train=-0.5211
Reshuffle...
Initializing... this might take a while...
  ft epoch  65/80  train=-0.5118
Reshuffle...
Initializing... this might take a while...
  ft epoch  66/80  train=-0.5138  val_fgDice=0.5284  [per 0.423 0.634]
Reshuffle...
Initializing... this might take a while...
  ft epoch  67/80  train=-0.5122
Reshuffle...
Initializing... this might take a while...
  ft epoch  68/80  train=-0.5074
Reshuffle...
Initializing... this might take a while...
  ft epoch  69/80  train=-0.5080  val_fgDice=0.5501  [per 0.439 0.661]
Reshuffle...
Initializing... this might take a while...
  ft epoch  70/80  train=-0.5055
Reshuffle...
Initializing... this might take a while...
  ft epoch  71/80  train=-0.5195
Reshuffle...
Initializing... this might take a while...
  ft epoch  72/80  train=-0.5192  val_fgDice=0.5360  [per 0.439 0.633]
Reshuffle...
Initializing... this might take a while...
  ft epoch  73/80  train=-0.5212
Reshuffle...
Initializing... this might take a while...
  ft epoch  74/80  train=-0.5270
Reshuffle...
Initializing... this might take a while...
  ft epoch  75/80  train=-0.5294  val_fgDice=0.5453  [per 0.421 0.670]
Reshuffle...
Initializing... this might take a while...
  ft epoch  76/80  train=-0.5108
Reshuffle...
Initializing... this might take a while...
  ft epoch  77/80  train=-0.5255
Reshuffle...
Initializing... this might take a while...
  ft epoch  78/80  train=-0.5191  val_fgDice=0.5380  [per 0.432 0.644]
Reshuffle...
Initializing... this might take a while...
  ft epoch  79/80  train=-0.5178
Reshuffle...
Initializing... this might take a while...
  ft epoch  80/80  train=-0.5297  val_fgDice=0.5352  [per 0.435 0.636]
  fine-tune done in 17.8 min | best fg-Dice 0.5513 @ep63 -> /home/Kasimatis/Documents/kasimat/morph-unet/results/mpm_full_l2_prune-morph-k10_f0_best.pth
[mpm_full_l2_prune-morph-k10_f0] DONE  params 6.748M -> 3.951M | Dice 0.5922 -> pruned 0.1739 -> finetuned 0.5513
  scores: /home/Kasimatis/Documents/kasimat/morph-unet/results/mpm_full_l2_prune-morph-k10_f0_scores.json
==================================================================
>>> [6/24] mpm_full_l2 (config=full_l2) fold=0  method=morph  keep=0.3
==================================================================
class-balanced sampling -> class 1: 33886 slices, class 2: 13163 slices
[mpm_full_l2_prune-morph-k30_f0] unpruned: 6.748M params | val fg-Dice 0.5922
Reshuffle...
Initializing... this might take a while...
[prune] morph-channel morph, keep_ratio=0.3
  enc3.sub1              in  128 ->   38  (morph)
  enc3.sub2              in  256 ->   77  (morph)
  enc4.sub1              in  256 ->   77  (morph)
  enc4.sub2              in  512 ->  154  (morph)
  center.sub1            in  512 ->  154  (morph)
  center.sub2            in 1024 ->  307  (morph)
  dec4.sub1              in 1024 ->  307  (morph)
  dec4.sub2              in  512 ->  154  (morph)
  dec3.sub1              in  512 ->  154  (morph)
  dec3.sub2              in  256 ->   77  (morph)
[mpm_full_l2_prune-morph-k30_f0] pruned:   4.574M params (32.2% off) | val fg-Dice 0.2831 (drop +0.3091)
[mpm_full_l2_prune-morph-k30_f0] fine-tuning 80 ep @ lr=5e-05 ...
Reshuffle...
Initializing... this might take a while...
  ft epoch   1/80  train=-0.4433
Reshuffle...
Initializing... this might take a while...
  ft epoch   2/80  train=-0.4595
Reshuffle...
Initializing... this might take a while...
  ft epoch   3/80  train=-0.4955  val_fgDice=0.5242  [per 0.401 0.647]  *best
Reshuffle...
Initializing... this might take a while...
  ft epoch   4/80  train=-0.4994
Reshuffle...
Initializing... this might take a while...
  ft epoch   5/80  train=-0.4971
Reshuffle...
Initializing... this might take a while...
  ft epoch   6/80  train=-0.5142  val_fgDice=0.5180  [per 0.371 0.665]
Reshuffle...
Initializing... this might take a while...
  ft epoch   7/80  train=-0.5032
Reshuffle...
Initializing... this might take a while...
  ft epoch   8/80  train=-0.4854
Reshuffle...
Initializing... this might take a while...
  ft epoch   9/80  train=-0.5025  val_fgDice=0.4794  [per 0.427 0.532]
Reshuffle...
Initializing... this might take a while...
  ft epoch  10/80  train=-0.5016
Reshuffle...
Initializing... this might take a while...
  ft epoch  11/80  train=-0.5111
Reshuffle...
Initializing... this might take a while...
  ft epoch  12/80  train=-0.5012  val_fgDice=0.5413  [per 0.428 0.655]  *best
Reshuffle...
Initializing... this might take a while...
  ft epoch  13/80  train=-0.5096
Reshuffle...
Initializing... this might take a while...
  ft epoch  14/80  train=-0.4986
Reshuffle...
Initializing... this might take a while...
  ft epoch  15/80  train=-0.5147  val_fgDice=0.5336  [per 0.426 0.641]
Reshuffle...
Initializing... this might take a while...
  ft epoch  16/80  train=-0.5131
Reshuffle...
Initializing... this might take a while...
  ft epoch  17/80  train=-0.5156
Reshuffle...
Initializing... this might take a while...
  ft epoch  18/80  train=-0.5150  val_fgDice=0.5522  [per 0.453 0.652]  *best
Reshuffle...
Initializing... this might take a while...
  ft epoch  19/80  train=-0.5234
Reshuffle...
Initializing... this might take a while...
  ft epoch  20/80  train=-0.5152
Reshuffle...
Initializing... this might take a while...
  ft epoch  21/80  train=-0.5103  val_fgDice=0.5398  [per 0.421 0.659]
Reshuffle...
Initializing... this might take a while...
  ft epoch  22/80  train=-0.5348
Reshuffle...
Initializing... this might take a while...
  ft epoch  23/80  train=-0.5170
Reshuffle...
Initializing... this might take a while...
  ft epoch  24/80  train=-0.5134  val_fgDice=0.5366  [per 0.418 0.655]
Reshuffle...
Initializing... this might take a while...
  ft epoch  25/80  train=-0.5168
Reshuffle...
Initializing... this might take a while...
  ft epoch  26/80  train=-0.5209
Reshuffle...
Initializing... this might take a while...
  ft epoch  27/80  train=-0.5185  val_fgDice=0.5607  [per 0.449 0.672]  *best
Reshuffle...
Initializing... this might take a while...
  ft epoch  28/80  train=-0.5224
Reshuffle...
Initializing... this might take a while...
  ft epoch  29/80  train=-0.5286
Reshuffle...
Initializing... this might take a while...
  ft epoch  30/80  train=-0.5234  val_fgDice=0.5662  [per 0.431 0.701]  *best
Reshuffle...
Initializing... this might take a while...
  ft epoch  31/80  train=-0.5279
Reshuffle...
Initializing... this might take a while...
  ft epoch  32/80  train=-0.5265
Reshuffle...
Initializing... this might take a while...
  ft epoch  33/80  train=-0.5335  val_fgDice=0.5470  [per 0.410 0.684]
Reshuffle...
Initializing... this might take a while...
  ft epoch  34/80  train=-0.5140
Reshuffle...
Initializing... this might take a while...
  ft epoch  35/80  train=-0.5278
Reshuffle...
Initializing... this might take a while...
  ft epoch  36/80  train=-0.5369  val_fgDice=0.5586  [per 0.447 0.670]
Reshuffle...
Initializing... this might take a while...
  ft epoch  37/80  train=-0.5226
Reshuffle...
Initializing... this might take a while...
  ft epoch  38/80  train=-0.5262
Reshuffle...
Initializing... this might take a while...
  ft epoch  39/80  train=-0.5169  val_fgDice=0.5607  [per 0.435 0.687]
Reshuffle...
Initializing... this might take a while...
  ft epoch  40/80  train=-0.5197
Reshuffle...
Initializing... this might take a while...
  ft epoch  41/80  train=-0.5276
Reshuffle...
Initializing... this might take a while...
  ft epoch  42/80  train=-0.5343  val_fgDice=0.5499  [per 0.437 0.663]
Reshuffle...
Initializing... this might take a while...
  ft epoch  43/80  train=-0.5370
Reshuffle...
Initializing... this might take a while...
  ft epoch  44/80  train=-0.5341
Reshuffle...
Initializing... this might take a while...
  ft epoch  45/80  train=-0.5558  val_fgDice=0.5579  [per 0.440 0.676]
Reshuffle...
Initializing... this might take a while...
  ft epoch  46/80  train=-0.5461
Reshuffle...
Initializing... this might take a while...
  ft epoch  47/80  train=-0.5468
Reshuffle...
Initializing... this might take a while...
  ft epoch  48/80  train=-0.5511  val_fgDice=0.5518  [per 0.435 0.669]
Reshuffle...
Initializing... this might take a while...
  ft epoch  49/80  train=-0.5524
Reshuffle...
Initializing... this might take a while...
  ft epoch  50/80  train=-0.5296
Reshuffle...
Initializing... this might take a while...
  ft epoch  51/80  train=-0.5344  val_fgDice=0.5540  [per 0.415 0.693]
Reshuffle...
Initializing... this might take a while...
  ft epoch  52/80  train=-0.5300
Reshuffle...
Initializing... this might take a while...
  ft epoch  53/80  train=-0.5391
Reshuffle...
Initializing... this might take a while...
  ft epoch  54/80  train=-0.5419  val_fgDice=0.5629  [per 0.436 0.690]
  early stop (no val gain for 24 ep)
  fine-tune done in 17.7 min | best fg-Dice 0.5662 @ep30 -> /home/Kasimatis/Documents/kasimat/morph-unet/results/mpm_full_l2_prune-morph-k30_f0_best.pth
[mpm_full_l2_prune-morph-k30_f0] DONE  params 6.748M -> 4.574M | Dice 0.5922 -> pruned 0.2831 -> finetuned 0.5662
  scores: /home/Kasimatis/Documents/kasimat/morph-unet/results/mpm_full_l2_prune-morph-k30_f0_scores.json
==================================================================
>>> [7/24] mpm_full_l2 (config=full_l2) fold=0  method=morph  keep=0.5
==================================================================
class-balanced sampling -> class 1: 33886 slices, class 2: 13163 slices
[mpm_full_l2_prune-morph-k50_f0] unpruned: 6.748M params | val fg-Dice 0.5922
Reshuffle...
Initializing... this might take a while...
[prune] morph-channel morph, keep_ratio=0.5, alloc=local
  enc3.sub1              in  128 ->   64  (morph, local)
  enc3.sub2              in  256 ->  128  (morph, local)
  enc4.sub1              in  256 ->  128  (morph, local)
  enc4.sub2              in  512 ->  256  (morph, local)
  center.sub1            in  512 ->  256  (morph, local)
  center.sub2            in 1024 ->  512  (morph, local)
  dec4.sub1              in 1024 ->  512  (morph, local)
  dec4.sub2              in  512 ->  256  (morph, local)
  dec3.sub1              in  512 ->  256  (morph, local)
  dec3.sub2              in  256 ->  128  (morph, local)
[mpm_full_l2_prune-morph-k50_f0] pruned:   5.194M params (23.0% off) | val fg-Dice 0.4158 (drop +0.1764)
[mpm_full_l2_prune-morph-k50_f0] fine-tuning 80 ep @ lr=5e-05 ...
Reshuffle...
Initializing... this might take a while...
  ft epoch   1/80  train=-0.5020
Reshuffle...
Initializing... this might take a while...
  ft epoch   2/80  train=-0.4936
Reshuffle...
Initializing... this might take a while...
  ft epoch   3/80  train=-0.5242  val_fgDice=0.5617  [per 0.432 0.692]  *best
Reshuffle...
Initializing... this might take a while...
  ft epoch   4/80  train=-0.5269
Reshuffle...
Initializing... this might take a while...
  ft epoch   5/80  train=-0.5302
Reshuffle...
Initializing... this might take a while...
  ft epoch   6/80  train=-0.5393  val_fgDice=0.5524  [per 0.416 0.689]
Reshuffle...
Initializing... this might take a while...
  ft epoch   7/80  train=-0.5310
Reshuffle...
Initializing... this might take a while...
  ft epoch   8/80  train=-0.5172
Reshuffle...
Initializing... this might take a while...
  ft epoch   9/80  train=-0.5238  val_fgDice=0.5153  [per 0.445 0.585]
Reshuffle...
Initializing... this might take a while...
  ft epoch  10/80  train=-0.5245
Reshuffle...
Initializing... this might take a while...
  ft epoch  11/80  train=-0.5271
Reshuffle...
Initializing... this might take a while...
  ft epoch  12/80  train=-0.5196  val_fgDice=0.5527  [per 0.431 0.675]
Reshuffle...
Initializing... this might take a while...
  ft epoch  13/80  train=-0.5241
Reshuffle...
Initializing... this might take a while...
  ft epoch  14/80  train=-0.5179
Reshuffle...
Initializing... this might take a while...
  ft epoch  15/80  train=-0.5357  val_fgDice=0.5444  [per 0.444 0.645]
Reshuffle...
Initializing... this might take a while...
  ft epoch  16/80  train=-0.5413
Reshuffle...
Initializing... this might take a while...
  ft epoch  17/80  train=-0.5412
Reshuffle...
Initializing... this might take a while...
  ft epoch  18/80  train=-0.5477  val_fgDice=0.5637  [per 0.459 0.669]  *best
Reshuffle...
Initializing... this might take a while...
  ft epoch  19/80  train=-0.5487
Reshuffle...
Initializing... this might take a while...
  ft epoch  20/80  train=-0.5393
Reshuffle...
Initializing... this might take a while...
  ft epoch  21/80  train=-0.5365  val_fgDice=0.5626  [per 0.452 0.673]
Reshuffle...
Initializing... this might take a while...
  ft epoch  22/80  train=-0.5568
Reshuffle...
Initializing... this might take a while...
  ft epoch  23/80  train=-0.5354
Reshuffle...
Initializing... this might take a while...
  ft epoch  24/80  train=-0.5314  val_fgDice=0.5704  [per 0.456 0.684]  *best
Reshuffle...
Initializing... this might take a while...
  ft epoch  25/80  train=-0.5444
Reshuffle...
Initializing... this might take a while...
  ft epoch  26/80  train=-0.5465
Reshuffle...
Initializing... this might take a while...
  ft epoch  27/80  train=-0.5421  val_fgDice=0.5780  [per 0.460 0.696]  *best
Reshuffle...
Initializing... this might take a while...
  ft epoch  28/80  train=-0.5516
Reshuffle...
Initializing... this might take a while...
  ft epoch  29/80  train=-0.5496
Reshuffle...
Initializing... this might take a while...
  ft epoch  30/80  train=-0.5495  val_fgDice=0.5747  [per 0.445 0.704]
Reshuffle...
Initializing... this might take a while...
  ft epoch  31/80  train=-0.5468
Reshuffle...
Initializing... this might take a while...
  ft epoch  32/80  train=-0.5501
Reshuffle...
Initializing... this might take a while...
  ft epoch  33/80  train=-0.5522  val_fgDice=0.5759  [per 0.449 0.703]
Reshuffle...
Initializing... this might take a while...
  ft epoch  34/80  train=-0.5349
Reshuffle...
Initializing... this might take a while...
  ft epoch  35/80  train=-0.5436
Reshuffle...
Initializing... this might take a while...
  ft epoch  36/80  train=-0.5483  val_fgDice=0.5742  [per 0.461 0.688]
Reshuffle...
Initializing... this might take a while...
  ft epoch  37/80  train=-0.5411
Reshuffle...
Initializing... this might take a while...
  ft epoch  38/80  train=-0.5501
Reshuffle...
Initializing... this might take a while...
  ft epoch  39/80  train=-0.5405  val_fgDice=0.5749  [per 0.459 0.691]
Reshuffle...
Initializing... this might take a while...
  ft epoch  40/80  train=-0.5501
Reshuffle...
Initializing... this might take a while...
  ft epoch  41/80  train=-0.5501
Reshuffle...
Initializing... this might take a while...
  ft epoch  42/80  train=-0.5567  val_fgDice=0.5751  [per 0.453 0.698]
Reshuffle...
Initializing... this might take a while...
  ft epoch  43/80  train=-0.5583
Reshuffle...
Initializing... this might take a while...
  ft epoch  44/80  train=-0.5519
Reshuffle...
Initializing... this might take a while...
  ft epoch  45/80  train=-0.5722  val_fgDice=0.5792  [per 0.459 0.700]  *best
Reshuffle...
Initializing... this might take a while...
  ft epoch  46/80  train=-0.5595
Reshuffle...
Initializing... this might take a while...
  ft epoch  47/80  train=-0.5600
Reshuffle...
Initializing... this might take a while...
  ft epoch  48/80  train=-0.5644  val_fgDice=0.5761  [per 0.458 0.695]
Reshuffle...
Initializing... this might take a while...
  ft epoch  49/80  train=-0.5659
Reshuffle...
Initializing... this might take a while...
  ft epoch  50/80  train=-0.5423
Reshuffle...
Initializing... this might take a while...
  ft epoch  51/80  train=-0.5479  val_fgDice=0.5725  [per 0.451 0.694]
Reshuffle...
Initializing... this might take a while...
  ft epoch  52/80  train=-0.5491
Reshuffle...
Initializing... this might take a while...
  ft epoch  53/80  train=-0.5533
Reshuffle...
Initializing... this might take a while...
  ft epoch  54/80  train=-0.5576  val_fgDice=0.5797  [per 0.459 0.700]  *best
Reshuffle...
Initializing... this might take a while...
  ft epoch  55/80  train=-0.5593
Reshuffle...
Initializing... this might take a while...
  ft epoch  56/80  train=-0.5434
Reshuffle...
Initializing... this might take a while...
  ft epoch  57/80  train=-0.5443  val_fgDice=0.5678  [per 0.456 0.679]
Reshuffle...
Initializing... this might take a while...
  ft epoch  58/80  train=-0.5482
Reshuffle...
Initializing... this might take a while...
  ft epoch  59/80  train=-0.5481
Reshuffle...
Initializing... this might take a while...
  ft epoch  60/80  train=-0.5512  val_fgDice=0.5824  [per 0.461 0.704]  *best
Reshuffle...
Initializing... this might take a while...
  ft epoch  61/80  train=-0.5357
Reshuffle...
Initializing... this might take a while...
  ft epoch  62/80  train=-0.5595
Reshuffle...
Initializing... this might take a while...
  ft epoch  63/80  train=-0.5584  val_fgDice=0.5773  [per 0.462 0.692]
Reshuffle...
Initializing... this might take a while...
  ft epoch  64/80  train=-0.5650
Reshuffle...
Initializing... this might take a while...
  ft epoch  65/80  train=-0.5697
Reshuffle...
Initializing... this might take a while...
  ft epoch  66/80  train=-0.5473  val_fgDice=0.5773  [per 0.452 0.703]
Reshuffle...
Initializing... this might take a while...
  ft epoch  67/80  train=-0.5319
Reshuffle...
Initializing... this might take a while...
  ft epoch  68/80  train=-0.5495
Reshuffle...
Initializing... this might take a while...
  ft epoch  69/80  train=-0.5582  val_fgDice=0.5742  [per 0.450 0.698]
Reshuffle...
Initializing... this might take a while...
  ft epoch  70/80  train=-0.5507
Reshuffle...
Initializing... this might take a while...
  ft epoch  71/80  train=-0.5595
Reshuffle...
Initializing... this might take a while...
  ft epoch  72/80  train=-0.5515  val_fgDice=0.5748  [per 0.457 0.693]
Reshuffle...
Initializing... this might take a while...
  ft epoch  73/80  train=-0.5615
Reshuffle...
Initializing... this might take a while...
  ft epoch  74/80  train=-0.5538
Reshuffle...
Initializing... this might take a while...
  ft epoch  75/80  train=-0.5461  val_fgDice=0.5776  [per 0.457 0.698]
Reshuffle...
Initializing... this might take a while...
  ft epoch  76/80  train=-0.5589
Reshuffle...
Initializing... this might take a while...
  ft epoch  77/80  train=-0.5588
Reshuffle...
Initializing... this might take a while...
  ft epoch  78/80  train=-0.5532  val_fgDice=0.5799  [per 0.465 0.695]
Reshuffle...
Initializing... this might take a while...
  ft epoch  79/80  train=-0.5563
Reshuffle...
Initializing... this might take a while...
  ft epoch  80/80  train=-0.5658  val_fgDice=0.5795  [per 0.465 0.694]
  fine-tune done in 36.1 min | best fg-Dice 0.5824 @ep60 -> /home/Kasimatis/Documents/kasimat/morph-unet/results/mpm_full_l2_prune-morph-k50_f0_best.pth
[mpm_full_l2_prune-morph-k50_f0] DONE  params 6.748M -> 5.194M | Dice 0.5922 -> pruned 0.4158 -> finetuned 0.5824
  scores: /home/Kasimatis/Documents/kasimat/morph-unet/results/mpm_full_l2_prune-morph-k50_f0_scores.json
==================================================================
>>> [8/24] mpm_full_l2 (config=full_l2) fold=0  method=morph  keep=0.7
==================================================================
class-balanced sampling -> class 1: 33886 slices, class 2: 13163 slices
[mpm_full_l2_prune-morph-k70_f0] unpruned: 6.748M params | val fg-Dice 0.5922
Reshuffle...
Initializing... this might take a while...
[prune] morph-channel morph, keep_ratio=0.7, alloc=local
  enc3.sub1              in  128 ->   90  (morph, local)
  enc3.sub2              in  256 ->  179  (morph, local)
  enc4.sub1              in  256 ->  179  (morph, local)
  enc4.sub2              in  512 ->  358  (morph, local)
  center.sub1            in  512 ->  358  (morph, local)
  center.sub2            in 1024 ->  717  (morph, local)
  dec4.sub1              in 1024 ->  717  (morph, local)
  dec4.sub2              in  512 ->  358  (morph, local)
  dec3.sub1              in  512 ->  358  (morph, local)
  dec3.sub2              in  256 ->  179  (morph, local)
[mpm_full_l2_prune-morph-k70_f0] pruned:   5.815M params (13.8% off) | val fg-Dice 0.5277 (drop +0.0645)
[mpm_full_l2_prune-morph-k70_f0] fine-tuning 80 ep @ lr=5e-05 ...
Reshuffle...
Initializing... this might take a while...
  ft epoch   1/80  train=-0.5269
Reshuffle...
Initializing... this might take a while...
  ft epoch   2/80  train=-0.5050
Reshuffle...
Initializing... this might take a while...
  ft epoch   3/80  train=-0.5342  val_fgDice=0.5718  [per 0.445 0.699]  *best
Reshuffle...
Initializing... this might take a while...
  ft epoch   4/80  train=-0.5363
Reshuffle...
Initializing... this might take a while...
  ft epoch   5/80  train=-0.5418
Reshuffle...
Initializing... this might take a while...
  ft epoch   6/80  train=-0.5510  val_fgDice=0.5637  [per 0.439 0.689]
Reshuffle...
Initializing... this might take a while...
  ft epoch   7/80  train=-0.5410
Reshuffle...
Initializing... this might take a while...
  ft epoch   8/80  train=-0.5289
Reshuffle...
Initializing... this might take a while...
  ft epoch   9/80  train=-0.5369  val_fgDice=0.5690  [per 0.456 0.682]
Reshuffle...
Initializing... this might take a while...
  ft epoch  10/80  train=-0.5375
Reshuffle...
Initializing... this might take a while...
  ft epoch  11/80  train=-0.5383
Reshuffle...
Initializing... this might take a while...
  ft epoch  12/80  train=-0.5288  val_fgDice=0.5612  [per 0.442 0.681]
Reshuffle...
Initializing... this might take a while...
  ft epoch  13/80  train=-0.5336
Reshuffle...
Initializing... this might take a while...
  ft epoch  14/80  train=-0.5270
Reshuffle...
Initializing... this might take a while...
  ft epoch  15/80  train=-0.5404  val_fgDice=0.5615  [per 0.444 0.679]
Reshuffle...
Initializing... this might take a while...
  ft epoch  16/80  train=-0.5456
Reshuffle...
Initializing... this might take a while...
  ft epoch  17/80  train=-0.5474
Reshuffle...
Initializing... this might take a while...
  ft epoch  18/80  train=-0.5537  val_fgDice=0.5661  [per 0.464 0.668]
Reshuffle...
Initializing... this might take a while...
  ft epoch  19/80  train=-0.5526
Reshuffle...
Initializing... this might take a while...
  ft epoch  20/80  train=-0.5466
Reshuffle...
Initializing... this might take a while...
  ft epoch  21/80  train=-0.5410  val_fgDice=0.5708  [per 0.454 0.687]
Reshuffle...
Initializing... this might take a while...
  ft epoch  22/80  train=-0.5621
Reshuffle...
Initializing... this might take a while...
  ft epoch  23/80  train=-0.5395
Reshuffle...
Initializing... this might take a while...
  ft epoch  24/80  train=-0.5336  val_fgDice=0.5678  [per 0.453 0.682]
Reshuffle...
Initializing... this might take a while...
  ft epoch  25/80  train=-0.5477
Reshuffle...
Initializing... this might take a while...
  ft epoch  26/80  train=-0.5527
Reshuffle...
Initializing... this might take a while...
  ft epoch  27/80  train=-0.5447  val_fgDice=0.5850  [per 0.467 0.703]  *best
Reshuffle...
Initializing... this might take a while...
  ft epoch  28/80  train=-0.5542
Reshuffle...
Initializing... this might take a while...
  ft epoch  29/80  train=-0.5516
Reshuffle...
Initializing... this might take a while...
  ft epoch  30/80  train=-0.5556  val_fgDice=0.5736  [per 0.448 0.700]
Reshuffle...
Initializing... this might take a while...
  ft epoch  31/80  train=-0.5546
Reshuffle...
Initializing... this might take a while...
  ft epoch  32/80  train=-0.5565
Reshuffle...
Initializing... this might take a while...
  ft epoch  33/80  train=-0.5546  val_fgDice=0.5768  [per 0.456 0.698]
Reshuffle...
Initializing... this might take a while...
  ft epoch  34/80  train=-0.5424
Reshuffle...
Initializing... this might take a while...
  ft epoch  35/80  train=-0.5535
Reshuffle...
Initializing... this might take a while...
  ft epoch  36/80  train=-0.5517  val_fgDice=0.5728  [per 0.463 0.683]
Reshuffle...
Initializing... this might take a while...
  ft epoch  37/80  train=-0.5467
Reshuffle...
Initializing... this might take a while...
  ft epoch  38/80  train=-0.5570
Reshuffle...
Initializing... this might take a while...
  ft epoch  39/80  train=-0.5457  val_fgDice=0.5776  [per 0.462 0.693]
Reshuffle...
Initializing... this might take a while...
  ft epoch  40/80  train=-0.5551
Reshuffle...
Initializing... this might take a while...
  ft epoch  41/80  train=-0.5532
Reshuffle...
Initializing... this might take a while...
  ft epoch  42/80  train=-0.5608  val_fgDice=0.5795  [per 0.459 0.700]
Reshuffle...
Initializing... this might take a while...
  ft epoch  43/80  train=-0.5591
Reshuffle...
Initializing... this might take a while...
  ft epoch  44/80  train=-0.5539
Reshuffle...
Initializing... this might take a while...
  ft epoch  45/80  train=-0.5745  val_fgDice=0.5804  [per 0.464 0.697]
Reshuffle...
Initializing... this might take a while...
  ft epoch  46/80  train=-0.5615
Reshuffle...
Initializing... this might take a while...
  ft epoch  47/80  train=-0.5592
Reshuffle...
Initializing... this might take a while...
  ft epoch  48/80  train=-0.5662  val_fgDice=0.5756  [per 0.462 0.689]
Reshuffle...
Initializing... this might take a while...
  ft epoch  49/80  train=-0.5669
Reshuffle...
Initializing... this might take a while...
  ft epoch  50/80  train=-0.5467
Reshuffle...
Initializing... this might take a while...
  ft epoch  51/80  train=-0.5524  val_fgDice=0.5749  [per 0.456 0.694]
  early stop (no val gain for 24 ep)
  fine-tune done in 29.6 min | best fg-Dice 0.5850 @ep27 -> /home/Kasimatis/Documents/kasimat/morph-unet/results/mpm_full_l2_prune-morph-k70_f0_best.pth
[mpm_full_l2_prune-morph-k70_f0] DONE  params 6.748M -> 5.815M | Dice 0.5922 -> pruned 0.5277 -> finetuned 0.5850
  scores: /home/Kasimatis/Documents/kasimat/morph-unet/results/mpm_full_l2_prune-morph-k70_f0_scores.json
==================================================================
>>> [9/24] mpm_deep (config=deep) fold=2  method=l1x1  keep=0.1
==================================================================
class-balanced sampling -> class 1: 32816 slices, class 2: 13646 slices
[mpm_deep_prune-l1x1-k10_f2] unpruned: 9.094M params | val fg-Dice 0.6406
Reshuffle...
Initializing... this might take a while...
[prune] morph-channel l1x1, keep_ratio=0.1, alloc=local
  enc4.sub1              in  256 ->   26  (l1x1, local)
  enc4.sub2              in  512 ->   51  (l1x1, local)
  center.sub1            in  512 ->   51  (l1x1, local)
  center.sub2            in 1024 ->  102  (l1x1, local)
  dec4.sub1              in 1024 ->  102  (l1x1, local)
  dec4.sub2              in  512 ->   51  (l1x1, local)
[mpm_deep_prune-l1x1-k10_f2] pruned:   6.574M params (27.7% off) | val fg-Dice 0.6123 (drop +0.0283)
[mpm_deep_prune-l1x1-k10_f2] fine-tuning 80 ep @ lr=5e-05 ...
Reshuffle...
Initializing... this might take a while...
  ft epoch   1/80  train=-0.5127
Reshuffle...
Initializing... this might take a while...
  ft epoch   2/80  train=-0.5102
Reshuffle...
Initializing... this might take a while...
  ft epoch   3/80  train=-0.5092  val_fgDice=0.5858  [per 0.536 0.636]  *best
Reshuffle...
Initializing... this might take a while...
  ft epoch   4/80  train=-0.5163
Reshuffle...
Initializing... this might take a while...
  ft epoch   5/80  train=-0.5218
Reshuffle...
Initializing... this might take a while...
  ft epoch   6/80  train=-0.5088  val_fgDice=0.6191  [per 0.538 0.700]  *best
Reshuffle...
Initializing... this might take a while...
  ft epoch   7/80  train=-0.5154
Reshuffle...
Initializing... this might take a while...
  ft epoch   8/80  train=-0.5043
Reshuffle...
Initializing... this might take a while...
  ft epoch   9/80  train=-0.5083  val_fgDice=0.5898  [per 0.535 0.645]
Reshuffle...
Initializing... this might take a while...
  ft epoch  10/80  train=-0.5262
Reshuffle...
Initializing... this might take a while...
  ft epoch  11/80  train=-0.5125
Reshuffle...
Initializing... this might take a while...
  ft epoch  12/80  train=-0.5139  val_fgDice=0.6284  [per 0.553 0.704]  *best
Reshuffle...
Initializing... this might take a while...
  ft epoch  13/80  train=-0.5158
Reshuffle...
Initializing... this might take a while...
  ft epoch  14/80  train=-0.5222
Reshuffle...
Initializing... this might take a while...
  ft epoch  15/80  train=-0.5148  val_fgDice=0.6234  [per 0.536 0.711]
Reshuffle...
Initializing... this might take a while...
  ft epoch  16/80  train=-0.5263
Reshuffle...
Initializing... this might take a while...
  ft epoch  17/80  train=-0.5092
Reshuffle...
Initializing... this might take a while...
  ft epoch  18/80  train=-0.5292  val_fgDice=0.6147  [per 0.542 0.687]
Reshuffle...
Initializing... this might take a while...
  ft epoch  19/80  train=-0.5124
Reshuffle...
Initializing... this might take a while...
  ft epoch  20/80  train=-0.5058
Reshuffle...
Initializing... this might take a while...
  ft epoch  21/80  train=-0.5132  val_fgDice=0.6245  [per 0.538 0.711]
Reshuffle...
Initializing... this might take a while...
  ft epoch  22/80  train=-0.5192
Reshuffle...
Initializing... this might take a while...
  ft epoch  23/80  train=-0.5174
Reshuffle...
Initializing... this might take a while...
  ft epoch  24/80  train=-0.5263  val_fgDice=0.6090  [per 0.540 0.678]
Reshuffle...
Initializing... this might take a while...
  ft epoch  25/80  train=-0.5293
Reshuffle...
Initializing... this might take a while...
  ft epoch  26/80  train=-0.5354
Reshuffle...
Initializing... this might take a while...
  ft epoch  27/80  train=-0.5276  val_fgDice=0.6357  [per 0.544 0.727]  *best
Reshuffle...
Initializing... this might take a while...
  ft epoch  28/80  train=-0.5319
Reshuffle...
Initializing... this might take a while...
  ft epoch  29/80  train=-0.5388
Reshuffle...
Initializing... this might take a while...
  ft epoch  30/80  train=-0.5102  val_fgDice=0.6383  [per 0.548 0.728]  *best
Reshuffle...
Initializing... this might take a while...
  ft epoch  31/80  train=-0.5415
Reshuffle...
Initializing... this might take a while...
  ft epoch  32/80  train=-0.5287
Reshuffle...
Initializing... this might take a while...
  ft epoch  33/80  train=-0.5336  val_fgDice=0.6421  [per 0.550 0.734]  *best
Reshuffle...
Initializing... this might take a while...
  ft epoch  34/80  train=-0.5469
Reshuffle...
Initializing... this might take a while...
  ft epoch  35/80  train=-0.5373
Reshuffle...
Initializing... this might take a while...
  ft epoch  36/80  train=-0.5218  val_fgDice=0.6115  [per 0.539 0.684]
Reshuffle...
Initializing... this might take a while...
  ft epoch  37/80  train=-0.5351
Reshuffle...
Initializing... this might take a while...
  ft epoch  38/80  train=-0.5272
Reshuffle...
Initializing... this might take a while...
  ft epoch  39/80  train=-0.5376  val_fgDice=0.6322  [per 0.560 0.705]
Reshuffle...
Initializing... this might take a while...
  ft epoch  40/80  train=-0.5268
Reshuffle...
Initializing... this might take a while...
  ft epoch  41/80  train=-0.5363
Reshuffle...
Initializing... this might take a while...
  ft epoch  42/80  train=-0.5297  val_fgDice=0.6318  [per 0.541 0.723]
Reshuffle...
Initializing... this might take a while...
  ft epoch  43/80  train=-0.5427
Reshuffle...
Initializing... this might take a while...
  ft epoch  44/80  train=-0.5365
Reshuffle...
Initializing... this might take a while...
  ft epoch  45/80  train=-0.5319  val_fgDice=0.6179  [per 0.552 0.684]
Reshuffle...
Initializing... this might take a while...
  ft epoch  46/80  train=-0.5367
Reshuffle...
Initializing... this might take a while...
  ft epoch  47/80  train=-0.5364
Reshuffle...
Initializing... this might take a while...
  ft epoch  48/80  train=-0.5443  val_fgDice=0.6283  [per 0.555 0.702]
Reshuffle...
Initializing... this might take a while...
  ft epoch  49/80  train=-0.5273
Reshuffle...
Initializing... this might take a while...
  ft epoch  50/80  train=-0.5430
Reshuffle...
Initializing... this might take a while...
  ft epoch  51/80  train=-0.5394  val_fgDice=0.6295  [per 0.550 0.709]
Reshuffle...
Initializing... this might take a while...
  ft epoch  52/80  train=-0.5290
Reshuffle...
Initializing... this might take a while...
  ft epoch  53/80  train=-0.5409
Reshuffle...
Initializing... this might take a while...
  ft epoch  54/80  train=-0.5471  val_fgDice=0.6299  [per 0.552 0.708]
Reshuffle...
Initializing... this might take a while...
  ft epoch  55/80  train=-0.5453
Reshuffle...
Initializing... this might take a while...
  ft epoch  56/80  train=-0.5361
Reshuffle...
Initializing... this might take a while...
  ft epoch  57/80  train=-0.5382  val_fgDice=0.6280  [per 0.551 0.705]
  early stop (no val gain for 24 ep)
  fine-tune done in 13.5 min | best fg-Dice 0.6421 @ep33 -> /home/Kasimatis/Documents/kasimat/morph-unet/results/mpm_deep_prune-l1x1-k10_f2_best.pth
[mpm_deep_prune-l1x1-k10_f2] DONE  params 9.094M -> 6.574M | Dice 0.6406 -> pruned 0.6123 -> finetuned 0.6421
  scores: /home/Kasimatis/Documents/kasimat/morph-unet/results/mpm_deep_prune-l1x1-k10_f2_scores.json
==================================================================
>>> [10/24] mpm_deep (config=deep) fold=2  method=l1x1  keep=0.3
==================================================================
class-balanced sampling -> class 1: 32816 slices, class 2: 13646 slices
[mpm_deep_prune-l1x1-k30_f2] unpruned: 9.094M params | val fg-Dice 0.6406
Reshuffle...
Initializing... this might take a while...
[prune] morph-channel l1x1, keep_ratio=0.3, alloc=local
  enc4.sub1              in  256 ->   77  (l1x1, local)
  enc4.sub2              in  512 ->  154  (l1x1, local)
  center.sub1            in  512 ->  154  (l1x1, local)
  center.sub2            in 1024 ->  307  (l1x1, local)
  dec4.sub1              in 1024 ->  307  (l1x1, local)
  dec4.sub2              in  512 ->  154  (l1x1, local)
[mpm_deep_prune-l1x1-k30_f2] pruned:   7.135M params (21.5% off) | val fg-Dice 0.6184 (drop +0.0221)
[mpm_deep_prune-l1x1-k30_f2] fine-tuning 80 ep @ lr=5e-05 ...
Reshuffle...
Initializing... this might take a while...
  ft epoch   1/80  train=-0.5184
Reshuffle...
Initializing... this might take a while...
  ft epoch   2/80  train=-0.5156
Reshuffle...
Initializing... this might take a while...
  ft epoch   3/80  train=-0.5128  val_fgDice=0.5912  [per 0.540 0.643]  *best
Reshuffle...
Initializing... this might take a while...
  ft epoch   4/80  train=-0.5242
Reshuffle...
Initializing... this might take a while...
  ft epoch   5/80  train=-0.5274
Reshuffle...
Initializing... this might take a while...
  ft epoch   6/80  train=-0.5199  val_fgDice=0.6305  [per 0.541 0.720]  *best
Reshuffle...
Initializing... this might take a while...
  ft epoch   7/80  train=-0.5196
Reshuffle...
Initializing... this might take a while...
  ft epoch   8/80  train=-0.5081
Reshuffle...
Initializing... this might take a while...
  ft epoch   9/80  train=-0.5009  val_fgDice=0.6073  [per 0.537 0.677]
Reshuffle...
Initializing... this might take a while...
  ft epoch  10/80  train=-0.5303
Reshuffle...
Initializing... this might take a while...
  ft epoch  11/80  train=-0.5160
Reshuffle...
Initializing... this might take a while...
  ft epoch  12/80  train=-0.5194  val_fgDice=0.6337  [per 0.553 0.714]  *best
Reshuffle...
Initializing... this might take a while...
  ft epoch  13/80  train=-0.5220
Reshuffle...
Initializing... this might take a while...
  ft epoch  14/80  train=-0.5229
Reshuffle...
Initializing... this might take a while...
  ft epoch  15/80  train=-0.5222  val_fgDice=0.6263  [per 0.536 0.717]
Reshuffle...
Initializing... this might take a while...
  ft epoch  16/80  train=-0.5292
Reshuffle...
Initializing... this might take a while...
  ft epoch  17/80  train=-0.5164
Reshuffle...
Initializing... this might take a while...
  ft epoch  18/80  train=-0.5340  val_fgDice=0.6132  [per 0.538 0.688]
Reshuffle...
Initializing... this might take a while...
  ft epoch  19/80  train=-0.5208
Reshuffle...
Initializing... this might take a while...
  ft epoch  20/80  train=-0.5133
Reshuffle...
Initializing... this might take a while...
  ft epoch  21/80  train=-0.5121  val_fgDice=0.6169  [per 0.546 0.687]
Reshuffle...
Initializing... this might take a while...
  ft epoch  22/80  train=-0.5253
Reshuffle...
Initializing... this might take a while...
  ft epoch  23/80  train=-0.5188
Reshuffle...
Initializing... this might take a while...
  ft epoch  24/80  train=-0.5241  val_fgDice=0.6164  [per 0.545 0.687]
Reshuffle...
Initializing... this might take a while...
  ft epoch  25/80  train=-0.5326
Reshuffle...
Initializing... this might take a while...
  ft epoch  26/80  train=-0.5396
Reshuffle...
Initializing... this might take a while...
  ft epoch  27/80  train=-0.5352  val_fgDice=0.6248  [per 0.548 0.701]
Reshuffle...
Initializing... this might take a while...
  ft epoch  28/80  train=-0.5354
Reshuffle...
Initializing... this might take a while...
  ft epoch  29/80  train=-0.5439
Reshuffle...
Initializing... this might take a while...
  ft epoch  30/80  train=-0.5153  val_fgDice=0.6259  [per 0.551 0.701]
Reshuffle...
Initializing... this might take a while...
  ft epoch  31/80  train=-0.5448
Reshuffle...
Initializing... this might take a while...
  ft epoch  32/80  train=-0.5332
Reshuffle...
Initializing... this might take a while...
  ft epoch  33/80  train=-0.5382  val_fgDice=0.6342  [per 0.549 0.719]  *best
Reshuffle...
Initializing... this might take a while...
  ft epoch  34/80  train=-0.5544
Reshuffle...
Initializing... this might take a while...
  ft epoch  35/80  train=-0.5436
Reshuffle...
Initializing... this might take a while...
  ft epoch  36/80  train=-0.5299  val_fgDice=0.5995  [per 0.535 0.664]
Reshuffle...
Initializing... this might take a while...
  ft epoch  37/80  train=-0.5383
Reshuffle...
Initializing... this might take a while...
  ft epoch  38/80  train=-0.5297
Reshuffle...
Initializing... this might take a while...
  ft epoch  39/80  train=-0.5433  val_fgDice=0.6229  [per 0.558 0.688]
Reshuffle...
Initializing... this might take a while...
  ft epoch  40/80  train=-0.5293
Reshuffle...
Initializing... this might take a while...
  ft epoch  41/80  train=-0.5402
Reshuffle...
Initializing... this might take a while...
  ft epoch  42/80  train=-0.5331  val_fgDice=0.6275  [per 0.546 0.709]
Reshuffle...
Initializing... this might take a while...
  ft epoch  43/80  train=-0.5452
Reshuffle...
Initializing... this might take a while...
  ft epoch  44/80  train=-0.5389
Reshuffle...
Initializing... this might take a while...
  ft epoch  45/80  train=-0.5361  val_fgDice=0.6039  [per 0.554 0.654]
Reshuffle...
Initializing... this might take a while...
  ft epoch  46/80  train=-0.5426
Reshuffle...
Initializing... this might take a while...
  ft epoch  47/80  train=-0.5412
Reshuffle...
Initializing... this might take a while...
  ft epoch  48/80  train=-0.5467  val_fgDice=0.6169  [per 0.556 0.677]
Reshuffle...
Initializing... this might take a while...
  ft epoch  49/80  train=-0.5298
Reshuffle...
Initializing... this might take a while...
  ft epoch  50/80  train=-0.5451
Reshuffle...
Initializing... this might take a while...
  ft epoch  51/80  train=-0.5419  val_fgDice=0.6225  [per 0.552 0.693]
Reshuffle...
Initializing... this might take a while...
  ft epoch  52/80  train=-0.5344
Reshuffle...
Initializing... this might take a while...
  ft epoch  53/80  train=-0.5425
Reshuffle...
Initializing... this might take a while...
  ft epoch  54/80  train=-0.5530  val_fgDice=0.6257  [per 0.555 0.696]
Reshuffle...
Initializing... this might take a while...
  ft epoch  55/80  train=-0.5488
Reshuffle...
Initializing... this might take a while...
  ft epoch  56/80  train=-0.5392
Reshuffle...
Initializing... this might take a while...
  ft epoch  57/80  train=-0.5394  val_fgDice=0.6189  [per 0.555 0.683]
  early stop (no val gain for 24 ep)
  fine-tune done in 15.2 min | best fg-Dice 0.6342 @ep33 -> /home/Kasimatis/Documents/kasimat/morph-unet/results/mpm_deep_prune-l1x1-k30_f2_best.pth
[mpm_deep_prune-l1x1-k30_f2] DONE  params 9.094M -> 7.135M | Dice 0.6406 -> pruned 0.6184 -> finetuned 0.6342
  scores: /home/Kasimatis/Documents/kasimat/morph-unet/results/mpm_deep_prune-l1x1-k30_f2_scores.json
==================================================================
>>> [11/24] mpm_deep (config=deep) fold=2  method=l1x1  keep=0.5
==================================================================
class-balanced sampling -> class 1: 32816 slices, class 2: 13646 slices
[mpm_deep_prune-l1x1-k50_f2] unpruned: 9.094M params | val fg-Dice 0.6406
Reshuffle...
Initializing... this might take a while...
[prune] morph-channel l1x1, keep_ratio=0.5, alloc=local
  enc4.sub1              in  256 ->  128  (l1x1, local)
  enc4.sub2              in  512 ->  256  (l1x1, local)
  center.sub1            in  512 ->  256  (l1x1, local)
  center.sub2            in 1024 ->  512  (l1x1, local)
  dec4.sub1              in 1024 ->  512  (l1x1, local)
  dec4.sub2              in  512 ->  256  (l1x1, local)
[mpm_deep_prune-l1x1-k50_f2] pruned:   7.694M params (15.4% off) | val fg-Dice 0.6250 (drop +0.0156)
[mpm_deep_prune-l1x1-k50_f2] fine-tuning 80 ep @ lr=5e-05 ...
Reshuffle...
Initializing... this might take a while...
  ft epoch   1/80  train=-0.5193
Reshuffle...
Initializing... this might take a while...
  ft epoch   2/80  train=-0.5185
Reshuffle...
Initializing... this might take a while...
  ft epoch   3/80  train=-0.5169  val_fgDice=0.5978  [per 0.542 0.654]  *best
Reshuffle...
Initializing... this might take a while...
  ft epoch   4/80  train=-0.5280
Reshuffle...
Initializing... this might take a while...
  ft epoch   5/80  train=-0.5301
Reshuffle...
Initializing... this might take a while...
  ft epoch   6/80  train=-0.5238  val_fgDice=0.6129  [per 0.545 0.681]  *best
Reshuffle...
Initializing... this might take a while...
  ft epoch   7/80  train=-0.5226
Reshuffle...
Initializing... this might take a while...
  ft epoch   8/80  train=-0.5104
Reshuffle...
Initializing... this might take a while...
  ft epoch   9/80  train=-0.5066  val_fgDice=0.6030  [per 0.534 0.673]
Reshuffle...
Initializing... this might take a while...
  ft epoch  10/80  train=-0.5332
Reshuffle...
Initializing... this might take a while...
  ft epoch  11/80  train=-0.5165
Reshuffle...
Initializing... this might take a while...
  ft epoch  12/80  train=-0.5209  val_fgDice=0.6240  [per 0.552 0.696]  *best
Reshuffle...
Initializing... this might take a while...
  ft epoch  13/80  train=-0.5232
Reshuffle...
Initializing... this might take a while...
  ft epoch  14/80  train=-0.5265
Reshuffle...
Initializing... this might take a while...
  ft epoch  15/80  train=-0.5224  val_fgDice=0.6248  [per 0.536 0.713]  *best
Reshuffle...
Initializing... this might take a while...
  ft epoch  16/80  train=-0.5295
Reshuffle...
Initializing... this might take a while...
  ft epoch  17/80  train=-0.5165
Reshuffle...
Initializing... this might take a while...
  ft epoch  18/80  train=-0.5361  val_fgDice=0.6107  [per 0.543 0.678]
Reshuffle...
Initializing... this might take a while...
  ft epoch  19/80  train=-0.5194
Reshuffle...
Initializing... this might take a while...
  ft epoch  20/80  train=-0.5112
Reshuffle...
Initializing... this might take a while...
  ft epoch  21/80  train=-0.5094  val_fgDice=0.5985  [per 0.550 0.647]
Reshuffle...
Initializing... this might take a while...
  ft epoch  22/80  train=-0.5237
Reshuffle...
Initializing... this might take a while...
  ft epoch  23/80  train=-0.5174
Reshuffle...
Initializing... this might take a while...
  ft epoch  24/80  train=-0.5276  val_fgDice=0.6255  [per 0.548 0.703]  *best
Reshuffle...
Initializing... this might take a while...
  ft epoch  25/80  train=-0.5273
Reshuffle...
Initializing... this might take a while...
  ft epoch  26/80  train=-0.5365
Reshuffle...
Initializing... this might take a while...
  ft epoch  27/80  train=-0.5259  val_fgDice=0.6314  [per 0.549 0.714]  *best
Reshuffle...
Initializing... this might take a while...
  ft epoch  28/80  train=-0.5296
Reshuffle...
Initializing... this might take a while...
  ft epoch  29/80  train=-0.5360
Reshuffle...
Initializing... this might take a while...
  ft epoch  30/80  train=-0.5077  val_fgDice=0.5642  [per 0.549 0.579]
Reshuffle...
Initializing... this might take a while...
  ft epoch  31/80  train=-0.5353
Reshuffle...
Initializing... this might take a while...
  ft epoch  32/80  train=-0.5273
Reshuffle...
Initializing... this might take a while...
  ft epoch  33/80  train=-0.5316  val_fgDice=0.6297  [per 0.546 0.713]
Reshuffle...
Initializing... this might take a while...
  ft epoch  34/80  train=-0.5447
Reshuffle...
Initializing... this might take a while...
  ft epoch  35/80  train=-0.5341
Reshuffle...
Initializing... this might take a while...
  ft epoch  36/80  train=-0.5219  val_fgDice=0.5689  [per 0.514 0.624]
Reshuffle...
Initializing... this might take a while...
  ft epoch  37/80  train=-0.5345
Reshuffle...
Initializing... this might take a while...
  ft epoch  38/80  train=-0.5185
Reshuffle...
Initializing... this might take a while...
  ft epoch  39/80  train=-0.5358  val_fgDice=0.6388  [per 0.558 0.720]  *best
Reshuffle...
Initializing... this might take a while...
  ft epoch  40/80  train=-0.5167
Reshuffle...
Initializing... this might take a while...
  ft epoch  41/80  train=-0.5337
Reshuffle...
Initializing... this might take a while...
  ft epoch  42/80  train=-0.5264  val_fgDice=0.6134  [per 0.538 0.688]
Reshuffle...
Initializing... this might take a while...
  ft epoch  43/80  train=-0.5382
Reshuffle...
Initializing... this might take a while...
  ft epoch  44/80  train=-0.5288
Reshuffle...
Initializing... this might take a while...
  ft epoch  45/80  train=-0.5266  val_fgDice=0.5772  [per 0.539 0.615]
Reshuffle...
Initializing... this might take a while...
  ft epoch  46/80  train=-0.5291
Reshuffle...
Initializing... this might take a while...
  ft epoch  47/80  train=-0.5307
Reshuffle...
Initializing... this might take a while...
  ft epoch  48/80  train=-0.5245  val_fgDice=0.6277  [per 0.542 0.713]
Reshuffle...
Initializing... this might take a while...
  ft epoch  49/80  train=-0.5199
Reshuffle...
Initializing... this might take a while...
  ft epoch  50/80  train=-0.5311
Reshuffle...
Initializing... this might take a while...
  ft epoch  51/80  train=-0.5252  val_fgDice=0.5769  [per 0.540 0.613]
Reshuffle...
Initializing... this might take a while...
  ft epoch  52/80  train=-0.5247
Reshuffle...
Initializing... this might take a while...
  ft epoch  53/80  train=-0.5374
Reshuffle...
Initializing... this might take a while...
  ft epoch  54/80  train=-0.5499  val_fgDice=0.6044  [per 0.550 0.659]
Reshuffle...
Initializing... this might take a while...
  ft epoch  55/80  train=-0.5448
Reshuffle...
Initializing... this might take a while...
  ft epoch  56/80  train=-0.5368
Reshuffle...
Initializing... this might take a while...
  ft epoch  57/80  train=-0.5385  val_fgDice=0.5847  [per 0.552 0.617]
Reshuffle...
Initializing... this might take a while...
  ft epoch  58/80  train=-0.5438
Reshuffle...
Initializing... this might take a while...
  ft epoch  59/80  train=-0.5512
Reshuffle...
Initializing... this might take a while...
  ft epoch  60/80  train=-0.5523  val_fgDice=0.6065  [per 0.559 0.654]
Reshuffle...
Initializing... this might take a while...
  ft epoch  61/80  train=-0.5558
Reshuffle...
Initializing... this might take a while...
  ft epoch  62/80  train=-0.5422
Reshuffle...
Initializing... this might take a while...
  ft epoch  63/80  train=-0.5475  val_fgDice=0.6276  [per 0.561 0.694]
  early stop (no val gain for 24 ep)
  fine-tune done in 19.7 min | best fg-Dice 0.6388 @ep39 -> /home/Kasimatis/Documents/kasimat/morph-unet/results/mpm_deep_prune-l1x1-k50_f2_best.pth
[mpm_deep_prune-l1x1-k50_f2] DONE  params 9.094M -> 7.694M | Dice 0.6406 -> pruned 0.6250 -> finetuned 0.6388
  scores: /home/Kasimatis/Documents/kasimat/morph-unet/results/mpm_deep_prune-l1x1-k50_f2_scores.json
==================================================================
>>> [12/24] mpm_deep (config=deep) fold=2  method=l1x1  keep=0.7
==================================================================
class-balanced sampling -> class 1: 32816 slices, class 2: 13646 slices
[mpm_deep_prune-l1x1-k70_f2] unpruned: 9.094M params | val fg-Dice 0.6406
Reshuffle...
Initializing... this might take a while...
[prune] morph-channel l1x1, keep_ratio=0.7, alloc=local
  enc4.sub1              in  256 ->  179  (l1x1, local)
  enc4.sub2              in  512 ->  358  (l1x1, local)
  center.sub1            in  512 ->  358  (l1x1, local)
  center.sub2            in 1024 ->  717  (l1x1, local)
  dec4.sub1              in 1024 ->  717  (l1x1, local)
  dec4.sub2              in  512 ->  358  (l1x1, local)
[mpm_deep_prune-l1x1-k70_f2] pruned:   8.253M params (9.2% off) | val fg-Dice 0.6345 (drop +0.0061)
[mpm_deep_prune-l1x1-k70_f2] fine-tuning 80 ep @ lr=5e-05 ...
Reshuffle...
Initializing... this might take a while...
  ft epoch   1/80  train=-0.5207
Reshuffle...
Initializing... this might take a while...
  ft epoch   2/80  train=-0.5203
Reshuffle...
Initializing... this might take a while...
  ft epoch   3/80  train=-0.5194  val_fgDice=0.6030  [per 0.542 0.664]  *best
Reshuffle...
Initializing... this might take a while...
  ft epoch   4/80  train=-0.5286
Reshuffle...
Initializing... this might take a while...
  ft epoch   5/80  train=-0.5294
Reshuffle...
Initializing... this might take a while...
  ft epoch   6/80  train=-0.5246  val_fgDice=0.6258  [per 0.546 0.706]  *best
Reshuffle...
Initializing... this might take a while...
  ft epoch   7/80  train=-0.5230
Reshuffle...
Initializing... this might take a while...
  ft epoch   8/80  train=-0.5116
Reshuffle...
Initializing... this might take a while...
  ft epoch   9/80  train=-0.5142  val_fgDice=0.6002  [per 0.536 0.665]
Reshuffle...
Initializing... this might take a while...
  ft epoch  10/80  train=-0.5325
Reshuffle...
Initializing... this might take a while...
  ft epoch  11/80  train=-0.5180
Reshuffle...
Initializing... this might take a while...
  ft epoch  12/80  train=-0.5193  val_fgDice=0.6018  [per 0.552 0.652]
Reshuffle...
Initializing... this might take a while...
  ft epoch  13/80  train=-0.5239
Reshuffle...
Initializing... this might take a while...
  ft epoch  14/80  train=-0.5269
Reshuffle...
Initializing... this might take a while...
  ft epoch  15/80  train=-0.5233  val_fgDice=0.6300  [per 0.539 0.722]  *best
Reshuffle...
Initializing... this might take a while...
  ft epoch  16/80  train=-0.5296
Reshuffle...
Initializing... this might take a while...
  ft epoch  17/80  train=-0.5176
Reshuffle...
Initializing... this might take a while...
  ft epoch  18/80  train=-0.5350  val_fgDice=0.6235  [per 0.543 0.704]
Reshuffle...
Initializing... this might take a while...
  ft epoch  19/80  train=-0.5207
Reshuffle...
Initializing... this might take a while...
  ft epoch  20/80  train=-0.5146
Reshuffle...
Initializing... this might take a while...
  ft epoch  21/80  train=-0.5129  val_fgDice=0.6103  [per 0.553 0.668]
Reshuffle...
Initializing... this might take a while...
  ft epoch  22/80  train=-0.5230
Reshuffle...
Initializing... this might take a while...
  ft epoch  23/80  train=-0.5191
Reshuffle...
Initializing... this might take a while...
  ft epoch  24/80  train=-0.5292  val_fgDice=0.6363  [per 0.549 0.723]  *best
Reshuffle...
Initializing... this might take a while...
  ft epoch  25/80  train=-0.5287
Reshuffle...
Initializing... this might take a while...
  ft epoch  26/80  train=-0.5373
Reshuffle...
Initializing... this might take a while...
  ft epoch  27/80  train=-0.5331  val_fgDice=0.6310  [per 0.550 0.712]
Reshuffle...
Initializing... this might take a while...
/usr/lib/python3.14/multiprocessing/resource_tracker.py:475: UserWarning: resource_tracker: There appear to be 52 leaked semaphore objects to clean up at shutdown: {'/mp-r3v1qf_h', '/mp-roa1fdqk', '/mp-dh8se5i6', '/mp-t2dylr9n', '/mp-yba2i548', '/mp-2vvrhlzk', '/mp-5hgwi2o_', '/mp-mt9c7hcl', '/mp-dxw8a6cf', '/mp-jlz6ujj6', '/mp-ugjbntr8', '/mp-dqt86mh1', '/mp-s59szsrs', '/mp-rncgzbv8', '/mp-fljttbgq', '/mp-va30dqzf', '/mp-vdjebyt9', '/mp-onq8kp6m', '/mp-0zuedox7', '/mp-ijmmgpnh', '/mp-jstn4spf', '/mp-exgieczg', '/mp-mmuqi_u4', '/mp-yq622id8', '/mp-pe0hp2jr', '/mp-nrghiat2', '/mp-zdefpehm', '/mp-sl7alt_p', '/mp-x5py0xn4', '/mp-00e72j9r', '/mp-dr5875li', '/mp-wbedwtpg', '/mp-g8o9vkci', '/mp-kghlwc3r', '/mp-dgifh28c', '/mp-sxn64viy', '/mp-0atlnull', '/mp-9eb11yj8', '/mp-w_obwwht', '/mp-hok0c6ua', '/mp-3g9d28hq', '/mp-w7igc8kt', '/mp-phc2n8ns', '/mp-p1fapyjp', '/mp-flw99o5j', '/mp-utkwgnxv', '/mp-2gb7lurf', '/mp-ghxbr7aj', '/mp-s7_nuovw', '/mp-_7vcd0pg', '/mp-qjv3vx11', '/mp-r62368xc'}
  warnings.warn(
