##################################################################
## MODEL  mpm_deep  (config=deep  fold=2)
##################################################################
------------------------------------------------------------------
>>> mpm_deep  scheme=l1x1  (l1x1 / local)
------------------------------------------------------------------
    keep=0.1  already done (good)  -> skip run
    -> good at keep=0.1 (free-lunch or recovered); skipping larger keep-ratios for l1x1
------------------------------------------------------------------
>>> mpm_deep  scheme=lin  (lin / local)
------------------------------------------------------------------
    keep=0.1  already done (good)  -> skip run
    -> good at keep=0.1 (free-lunch or recovered); skipping larger keep-ratios for lin
------------------------------------------------------------------
>>> mpm_deep  scheme=act  (act / local)
------------------------------------------------------------------
    keep=0.1  already done (good)  -> skip run
    -> good at keep=0.1 (free-lunch or recovered); skipping larger keep-ratios for act
------------------------------------------------------------------
>>> mpm_deep  scheme=fb  (fb / local)
------------------------------------------------------------------
    keep=0.1  already done (good)  -> skip run
    -> good at keep=0.1 (free-lunch or recovered); skipping larger keep-ratios for fb
------------------------------------------------------------------
>>> mpm_deep  scheme=l1x1g  (l1x1 / global)
------------------------------------------------------------------
    keep=0.1  already done (good)  -> skip run
    -> good at keep=0.1 (free-lunch or recovered); skipping larger keep-ratios for l1x1g
------------------------------------------------------------------
>>> mpm_deep  scheme=ling  (lin / global)
------------------------------------------------------------------
    keep=0.1  already done (good)  -> skip run
    -> good at keep=0.1 (free-lunch or recovered); skipping larger keep-ratios for ling
------------------------------------------------------------------
>>> mpm_deep  scheme=actg  (act / global)
------------------------------------------------------------------
    keep=0.1  already done (good)  -> skip run
    -> good at keep=0.1 (free-lunch or recovered); skipping larger keep-ratios for actg
------------------------------------------------------------------
>>> mpm_deep  scheme=fbg  (fb / global)
------------------------------------------------------------------
    keep=0.1  already done (good)  -> skip run
    -> good at keep=0.1 (free-lunch or recovered); skipping larger keep-ratios for fbg
##################################################################
## MODEL  mpm_bottleneck  (config=bottleneck  fold=2)
##################################################################
------------------------------------------------------------------
>>> mpm_bottleneck  scheme=l1x1  (l1x1 / local)
------------------------------------------------------------------
    keep=0.1  already done (good)  -> skip run
    -> good at keep=0.1 (free-lunch or recovered); skipping larger keep-ratios for l1x1
------------------------------------------------------------------
>>> mpm_bottleneck  scheme=lin  (lin / local)
------------------------------------------------------------------
    keep=0.1  already done (bad)  -> skip run
    keep=0.3  already done (good)  -> skip run
    -> good at keep=0.3 (free-lunch or recovered); skipping larger keep-ratios for lin
------------------------------------------------------------------
>>> mpm_bottleneck  scheme=act  (act / local)
------------------------------------------------------------------
    keep=0.1  already done (good)  -> skip run
    -> good at keep=0.1 (free-lunch or recovered); skipping larger keep-ratios for act
------------------------------------------------------------------
>>> mpm_bottleneck  scheme=fb  (fb / local)
------------------------------------------------------------------
    keep=0.1  already done (good)  -> skip run
    -> good at keep=0.1 (free-lunch or recovered); skipping larger keep-ratios for fb
------------------------------------------------------------------
>>> mpm_bottleneck  scheme=l1x1g  (l1x1 / global)
------------------------------------------------------------------
    keep=0.1  already done (good)  -> skip run
    -> good at keep=0.1 (free-lunch or recovered); skipping larger keep-ratios for l1x1g
------------------------------------------------------------------
>>> mpm_bottleneck  scheme=ling  (lin / global)
------------------------------------------------------------------
    keep=0.1  already done (good)  -> skip run
    -> good at keep=0.1 (free-lunch or recovered); skipping larger keep-ratios for ling
------------------------------------------------------------------
>>> mpm_bottleneck  scheme=actg  (act / global)
------------------------------------------------------------------
    keep=0.1  already done (good)  -> skip run
    -> good at keep=0.1 (free-lunch or recovered); skipping larger keep-ratios for actg
------------------------------------------------------------------
>>> mpm_bottleneck  scheme=fbg  (fb / global)
------------------------------------------------------------------
    keep=0.1  already done (good)  -> skip run
    -> good at keep=0.1 (free-lunch or recovered); skipping larger keep-ratios for fbg
##################################################################
## MODEL  mpm_full_l2  (config=full_l2  fold=0)
##################################################################
------------------------------------------------------------------
>>> mpm_full_l2  scheme=l1x1  (l1x1 / local)
------------------------------------------------------------------
    keep=0.1  already done (bad)  -> skip run
    keep=0.3  already done (bad)  -> skip run
    keep=0.5  already done (good)  -> skip run
    -> good at keep=0.5 (free-lunch or recovered); skipping larger keep-ratios for l1x1
------------------------------------------------------------------
>>> mpm_full_l2  scheme=lin  (lin / local)
------------------------------------------------------------------
    keep=0.1  already done (bad)  -> skip run
    keep=0.3  already done (bad)  -> skip run
    keep=0.5  already done (good)  -> skip run
    -> good at keep=0.5 (free-lunch or recovered); skipping larger keep-ratios for lin
------------------------------------------------------------------
>>> mpm_full_l2  scheme=act  (act / local)
------------------------------------------------------------------
    keep=0.1  already done (bad)  -> skip run
    keep=0.3  already done (bad)  -> skip run
    keep=0.5  already done (bad)  -> skip run
    keep=0.7  already done (good)  -> skip run
    -> good at keep=0.7 (free-lunch or recovered); skipping larger keep-ratios for act
------------------------------------------------------------------
>>> mpm_full_l2  scheme=fb  (fb / local)
------------------------------------------------------------------
    keep=0.1  already done (bad)  -> skip run
    keep=0.3  already done (bad)  -> skip run
    keep=0.5  already done (bad)  -> skip run
    keep=0.7  already done (good)  -> skip run
    -> good at keep=0.7 (free-lunch or recovered); skipping larger keep-ratios for fb
------------------------------------------------------------------
>>> mpm_full_l2  scheme=l1x1g  (l1x1 / global)
------------------------------------------------------------------
    keep=0.1  already done (bad)  -> skip run
    keep=0.3  already done (good)  -> skip run
    -> good at keep=0.3 (free-lunch or recovered); skipping larger keep-ratios for l1x1g
------------------------------------------------------------------
>>> mpm_full_l2  scheme=ling  (lin / global)
------------------------------------------------------------------
    keep=0.1  RUNNING  (mpm_full_l2_prune-ling-k10_f0)
class-balanced sampling -> class 1: 33886 slices, class 2: 13163 slices
[mpm_full_l2_prune-ling-k10_f0] unpruned: 6.748M params | val fg-Dice 0.5922
Reshuffle...
Initializing... this might take a while...
[prune] morph-channel lin, keep_ratio=0.1, alloc=global (norm=max, min_keep=4)
  enc3.sub1              in  128 ->   61  (lin, global)
  enc3.sub2              in  256 ->   21  (lin, global)
  enc4.sub1              in  256 ->   31  (lin, global)
  enc4.sub2              in  512 ->  124  (lin, global)
  center.sub1            in  512 ->   32  (lin, global)
  center.sub2            in 1024 ->   14  (lin, global)
  dec4.sub1              in 1024 ->   61  (lin, global)
  dec4.sub2              in  512 ->   34  (lin, global)
  dec3.sub1              in  512 ->   50  (lin, global)
  dec3.sub2              in  256 ->   71  (lin, global)
[mpm_full_l2_prune-ling-k10_f0] pruned:   3.874M params (42.6% off) | val fg-Dice 0.4071 (drop +0.1851)
[mpm_full_l2_prune-ling-k10_f0] fine-tuning 80 ep @ lr=5e-05 ...
Reshuffle...
Initializing... this might take a while...
  ft epoch   1/80  train=-0.4747
Reshuffle...
Initializing... this might take a while...
  ft epoch   2/80  train=-0.4650
Reshuffle...
Initializing... this might take a while...
  ft epoch   3/80  train=-0.5013  val_fgDice=0.5345  [per 0.405 0.663]  *best
Reshuffle...
Initializing... this might take a while...
  ft epoch   4/80  train=-0.4971
Reshuffle...
Initializing... this might take a while...
  ft epoch   5/80  train=-0.5014
Reshuffle...
Initializing... this might take a while...
  ft epoch   6/80  train=-0.5097  val_fgDice=0.5229  [per 0.393 0.652]
Reshuffle...
Initializing... this might take a while...
  ft epoch   7/80  train=-0.5016
Reshuffle...
Initializing... this might take a while...
  ft epoch   8/80  train=-0.4885
Reshuffle...
Initializing... this might take a while...
  ft epoch   9/80  train=-0.4990  val_fgDice=0.5441  [per 0.414 0.675]  *best
Reshuffle...
Initializing... this might take a while...
  ft epoch  10/80  train=-0.5013
Reshuffle...
Initializing... this might take a while...
  ft epoch  11/80  train=-0.4985
Reshuffle...
Initializing... this might take a while...
  ft epoch  12/80  train=-0.4977  val_fgDice=0.5455  [per 0.425 0.666]  *best
Reshuffle...
Initializing... this might take a while...
  ft epoch  13/80  train=-0.5090
Reshuffle...
Initializing... this might take a while...
  ft epoch  14/80  train=-0.4959
Reshuffle...
Initializing... this might take a while...
  ft epoch  15/80  train=-0.5007  val_fgDice=0.5337  [per 0.410 0.658]
Reshuffle...
Initializing... this might take a while...
  ft epoch  16/80  train=-0.5123
Reshuffle...
Initializing... this might take a while...
  ft epoch  17/80  train=-0.5127
Reshuffle...
Initializing... this might take a while...
  ft epoch  18/80  train=-0.5143  val_fgDice=0.5372  [per 0.437 0.638]
Reshuffle...
Initializing... this might take a while...
  ft epoch  19/80  train=-0.5163
Reshuffle...
Initializing... this might take a while...
  ft epoch  20/80  train=-0.5125
Reshuffle...
Initializing... this might take a while...
  ft epoch  21/80  train=-0.5009  val_fgDice=0.5463  [per 0.418 0.675]  *best
Reshuffle...
Initializing... this might take a while...
  ft epoch  22/80  train=-0.5243
Reshuffle...
Initializing... this might take a while...
  ft epoch  23/80  train=-0.5027
Reshuffle...
Initializing... this might take a while...
  ft epoch  24/80  train=-0.5007  val_fgDice=0.5149  [per 0.406 0.624]
Reshuffle...
Initializing... this might take a while...
  ft epoch  25/80  train=-0.5087
Reshuffle...
Initializing... this might take a while...
  ft epoch  26/80  train=-0.5129
Reshuffle...
Initializing... this might take a while...
  ft epoch  27/80  train=-0.5143  val_fgDice=0.5554  [per 0.428 0.683]  *best
Reshuffle...
Initializing... this might take a while...
  ft epoch  28/80  train=-0.5188
Reshuffle...
Initializing... this might take a while...
  ft epoch  29/80  train=-0.5123
Reshuffle...
Initializing... this might take a while...
  ft epoch  30/80  train=-0.5224  val_fgDice=0.5540  [per 0.426 0.682]
Reshuffle...
Initializing... this might take a while...
  ft epoch  31/80  train=-0.5256
Reshuffle...
Initializing... this might take a while...
  ft epoch  32/80  train=-0.5201
Reshuffle...
Initializing... this might take a while...
  ft epoch  33/80  train=-0.5201  val_fgDice=0.5411  [per 0.391 0.691]
Reshuffle...
Initializing... this might take a while...
  ft epoch  34/80  train=-0.5078
Reshuffle...
Initializing... this might take a while...
  ft epoch  35/80  train=-0.5217
Reshuffle...
Initializing... this might take a while...
  ft epoch  36/80  train=-0.5268  val_fgDice=0.5429  [per 0.431 0.655]
Reshuffle...
Initializing... this might take a while...
  ft epoch  37/80  train=-0.5193
Reshuffle...
Initializing... this might take a while...
  ft epoch  38/80  train=-0.5202
Reshuffle...
Initializing... this might take a while...
  ft epoch  39/80  train=-0.5174  val_fgDice=0.5555  [per 0.436 0.675]  *best
Reshuffle...
Initializing... this might take a while...
  ft epoch  40/80  train=-0.5248
Reshuffle...
Initializing... this might take a while...
  ft epoch  41/80  train=-0.5158
Reshuffle...
Initializing... this might take a while...
  ft epoch  42/80  train=-0.5272  val_fgDice=0.5448  [per 0.422 0.667]
Reshuffle...
Initializing... this might take a while...
  ft epoch  43/80  train=-0.5250
Reshuffle...
Initializing... this might take a while...
  ft epoch  44/80  train=-0.5173
Reshuffle...
Initializing... this might take a while...
  ft epoch  45/80  train=-0.5390  val_fgDice=0.5613  [per 0.438 0.685]  *best
Reshuffle...
Initializing... this might take a while...
  ft epoch  46/80  train=-0.5276
Reshuffle...
Initializing... this might take a while...
  ft epoch  47/80  train=-0.5316
Reshuffle...
Initializing... this might take a while...
  ft epoch  48/80  train=-0.5336  val_fgDice=0.5528  [per 0.430 0.675]
Reshuffle...
Initializing... this might take a while...
  ft epoch  49/80  train=-0.5340
Reshuffle...
Initializing... this might take a while...
  ft epoch  50/80  train=-0.5148
Reshuffle...
Initializing... this might take a while...
  ft epoch  51/80  train=-0.5210  val_fgDice=0.5625  [per 0.432 0.693]  *best
Reshuffle...
Initializing... this might take a while...
  ft epoch  52/80  train=-0.5201
Reshuffle...
Initializing... this might take a while...
  ft epoch  53/80  train=-0.5252
Reshuffle...
Initializing... this might take a while...
  ft epoch  54/80  train=-0.5250  val_fgDice=0.5723  [per 0.442 0.703]  *best
Reshuffle...
Initializing... this might take a while...
  ft epoch  55/80  train=-0.5245
Reshuffle...
Initializing... this might take a while...
  ft epoch  56/80  train=-0.5171
Reshuffle...
Initializing... this might take a while...
  ft epoch  57/80  train=-0.5150  val_fgDice=0.5385  [per 0.406 0.671]
Reshuffle...
Initializing... this might take a while...
  ft epoch  58/80  train=-0.5194
Reshuffle...
Initializing... this might take a while...
  ft epoch  59/80  train=-0.5203
Reshuffle...
Initializing... this might take a while...
  ft epoch  60/80  train=-0.5274  val_fgDice=0.5350  [per 0.428 0.642]
Reshuffle...
Initializing... this might take a while...
  ft epoch  61/80  train=-0.5087
Reshuffle...
Initializing... this might take a while...
  ft epoch  62/80  train=-0.5299
Reshuffle...
Initializing... this might take a while...
  ft epoch  63/80  train=-0.5293  val_fgDice=0.5636  [per 0.435 0.692]
Reshuffle...
Initializing... this might take a while...
  ft epoch  64/80  train=-0.5361
Reshuffle...
Initializing... this might take a while...
  ft epoch  65/80  train=-0.5382
Reshuffle...
Initializing... this might take a while...
  ft epoch  66/80  train=-0.5141  val_fgDice=0.5522  [per 0.397 0.707]
Reshuffle...
Initializing... this might take a while...
  ft epoch  67/80  train=-0.5057
Reshuffle...
Initializing... this might take a while...
  ft epoch  68/80  train=-0.5344
Reshuffle...
Initializing... this might take a while...
  ft epoch  69/80  train=-0.5421  val_fgDice=0.5634  [per 0.425 0.702]
Reshuffle...
Initializing... this might take a while...
  ft epoch  70/80  train=-0.5355
Reshuffle...
Initializing... this might take a while...
  ft epoch  71/80  train=-0.5405
Reshuffle...
Initializing... this might take a while...
  ft epoch  72/80  train=-0.5336  val_fgDice=0.5637  [per 0.440 0.688]
Reshuffle...
Initializing... this might take a while...
  ft epoch  73/80  train=-0.5409
Reshuffle...
Initializing... this might take a while...
  ft epoch  74/80  train=-0.5362
Reshuffle...
Initializing... this might take a while...
  ft epoch  75/80  train=-0.5261  val_fgDice=0.5656  [per 0.440 0.691]
Reshuffle...
Initializing... this might take a while...
  ft epoch  76/80  train=-0.5370
Reshuffle...
Initializing... this might take a while...
  ft epoch  77/80  train=-0.5377
Reshuffle...
Initializing... this might take a while...
  ft epoch  78/80  train=-0.5353  val_fgDice=0.5682  [per 0.439 0.697]
  early stop (no val gain for 24 ep)
  fine-tune done in 22.5 min | best fg-Dice 0.5723 @ep54 -> /home/Kasimatis/Documents/kasimat/morph-unet/results/mpm_full_l2_prune-ling-k10_f0_best.pth
[mpm_full_l2_prune-ling-k10_f0] DONE  params 6.748M -> 3.874M | Dice 0.5922 -> pruned 0.4071 -> finetuned 0.5723
  scores: /home/Kasimatis/Documents/kasimat/morph-unet/results/mpm_full_l2_prune-ling-k10_f0_scores.json
    keep=0.3  RUNNING  (mpm_full_l2_prune-ling-k30_f0)
class-balanced sampling -> class 1: 33886 slices, class 2: 13163 slices
[mpm_full_l2_prune-ling-k30_f0] unpruned: 6.748M params | val fg-Dice 0.5922
Reshuffle...
Initializing... this might take a while...
[prune] morph-channel lin, keep_ratio=0.3, alloc=global (norm=max, min_keep=4)
  enc3.sub1              in  128 ->  125  (lin, global)
  enc3.sub2              in  256 ->   97  (lin, global)
  enc4.sub1              in  256 ->  132  (lin, global)
  enc4.sub2              in  512 ->  365  (lin, global)
  center.sub1            in  512 ->  163  (lin, global)
  center.sub2            in 1024 ->   46  (lin, global)
  dec4.sub1              in 1024 ->  169  (lin, global)
  dec4.sub2              in  512 ->   89  (lin, global)
  dec3.sub1              in  512 ->  145  (lin, global)
  dec3.sub2              in  256 ->  167  (lin, global)
[mpm_full_l2_prune-ling-k30_f0] pruned:   4.396M params (34.9% off) | val fg-Dice 0.5464 (drop +0.0458)
[mpm_full_l2_prune-ling-k30_f0] fine-tuning 80 ep @ lr=5e-05 ...
Reshuffle...
Initializing... this might take a while...
  ft epoch   1/80  train=-0.5083
Reshuffle...
Initializing... this might take a while...
  ft epoch   2/80  train=-0.4847
Reshuffle...
Initializing... this might take a while...
  ft epoch   3/80  train=-0.5221  val_fgDice=0.5422  [per 0.416 0.668]  *best
Reshuffle...
Initializing... this might take a while...
  ft epoch   4/80  train=-0.5193
Reshuffle...
Initializing... this might take a while...
  ft epoch   5/80  train=-0.5239
Reshuffle...
Initializing... this might take a while...
  ft epoch   6/80  train=-0.5294  val_fgDice=0.5443  [per 0.415 0.674]  *best
Reshuffle...
Initializing... this might take a while...
  ft epoch   7/80  train=-0.5209
Reshuffle...
Initializing... this might take a while...
  ft epoch   8/80  train=-0.5098
Reshuffle...
Initializing... this might take a while...
  ft epoch   9/80  train=-0.5170  val_fgDice=0.5563  [per 0.423 0.690]  *best
Reshuffle...
Initializing... this might take a while...
  ft epoch  10/80  train=-0.5223
Reshuffle...
Initializing... this might take a while...
  ft epoch  11/80  train=-0.5168
Reshuffle...
Initializing... this might take a while...
  ft epoch  12/80  train=-0.5141  val_fgDice=0.5367  [per 0.423 0.651]
Reshuffle...
Initializing... this might take a while...
  ft epoch  13/80  train=-0.5199
Reshuffle...
Initializing... this might take a while...
  ft epoch  14/80  train=-0.5067
Reshuffle...
Initializing... this might take a while...
  ft epoch  15/80  train=-0.5167  val_fgDice=0.5318  [per 0.412 0.651]
Reshuffle...
Initializing... this might take a while...
  ft epoch  16/80  train=-0.5253
Reshuffle...
Initializing... this might take a while...
  ft epoch  17/80  train=-0.5254
Reshuffle...
Initializing... this might take a while...
  ft epoch  18/80  train=-0.5302  val_fgDice=0.5479  [per 0.454 0.642]
Reshuffle...
Initializing... this might take a while...
  ft epoch  19/80  train=-0.5265
Reshuffle...
Initializing... this might take a while...
  ft epoch  20/80  train=-0.5261
Reshuffle...
Initializing... this might take a while...
  ft epoch  21/80  train=-0.5118  val_fgDice=0.5538  [per 0.433 0.675]
Reshuffle...
Initializing... this might take a while...
  ft epoch  22/80  train=-0.5371
Reshuffle...
Initializing... this might take a while...
  ft epoch  23/80  train=-0.5216
Reshuffle...
Initializing... this might take a while...
  ft epoch  24/80  train=-0.5182  val_fgDice=0.5512  [per 0.430 0.672]
Reshuffle...
Initializing... this might take a while...
  ft epoch  25/80  train=-0.5280
Reshuffle...
Initializing... this might take a while...
  ft epoch  26/80  train=-0.5328
Reshuffle...
Initializing... this might take a while...
  ft epoch  27/80  train=-0.5321  val_fgDice=0.5680  [per 0.438 0.698]  *best
Reshuffle...
Initializing... this might take a while...
  ft epoch  28/80  train=-0.5379
Reshuffle...
Initializing... this might take a while...
  ft epoch  29/80  train=-0.5318
Reshuffle...
Initializing... this might take a while...
  ft epoch  30/80  train=-0.5442  val_fgDice=0.5575  [per 0.427 0.688]
Reshuffle...
Initializing... this might take a while...
  ft epoch  31/80  train=-0.5415
Reshuffle...
Initializing... this might take a while...
  ft epoch  32/80  train=-0.5382
Reshuffle...
Initializing... this might take a while...
  ft epoch  33/80  train=-0.5389  val_fgDice=0.5568  [per 0.426 0.687]
Reshuffle...
Initializing... this might take a while...
  ft epoch  34/80  train=-0.5252
Reshuffle...
Initializing... this might take a while...
  ft epoch  35/80  train=-0.5377
Reshuffle...
Initializing... this might take a while...
  ft epoch  36/80  train=-0.5412  val_fgDice=0.5551  [per 0.435 0.675]
Reshuffle...
Initializing... this might take a while...
  ft epoch  37/80  train=-0.5321
Reshuffle...
Initializing... this might take a while...
  ft epoch  38/80  train=-0.5367
Reshuffle...
Initializing... this might take a while...
  ft epoch  39/80  train=-0.5317  val_fgDice=0.5632  [per 0.446 0.680]
Reshuffle...
Initializing... this might take a while...
  ft epoch  40/80  train=-0.5394
Reshuffle...
Initializing... this might take a while...
  ft epoch  41/80  train=-0.5348
Reshuffle...
Initializing... this might take a while...
  ft epoch  42/80  train=-0.5477  val_fgDice=0.5703  [per 0.451 0.689]  *best
Reshuffle...
Initializing... this might take a while...
  ft epoch  43/80  train=-0.5465
Reshuffle...
Initializing... this might take a while...
  ft epoch  44/80  train=-0.5407
Reshuffle...
Initializing... this might take a while...
  ft epoch  45/80  train=-0.5530  val_fgDice=0.5686  [per 0.449 0.688]
Reshuffle...
Initializing... this might take a while...
  ft epoch  46/80  train=-0.5484
Reshuffle...
Initializing... this might take a while...
  ft epoch  47/80  train=-0.5472
Reshuffle...
Initializing... this might take a while...
  ft epoch  48/80  train=-0.5514  val_fgDice=0.5665  [per 0.445 0.688]
Reshuffle...
Initializing... this might take a while...
  ft epoch  49/80  train=-0.5533
Reshuffle...
Initializing... this might take a while...
  ft epoch  50/80  train=-0.5339
Reshuffle...
Initializing... this might take a while...
  ft epoch  51/80  train=-0.5402  val_fgDice=0.5649  [per 0.440 0.690]
Reshuffle...
Initializing... this might take a while...
  ft epoch  52/80  train=-0.5389
Reshuffle...
Initializing... this might take a while...
  ft epoch  53/80  train=-0.5455
Reshuffle...
Initializing... this might take a while...
  ft epoch  54/80  train=-0.5467  val_fgDice=0.5697  [per 0.448 0.692]
Reshuffle...
Initializing... this might take a while...
  ft epoch  55/80  train=-0.5467
Reshuffle...
Initializing... this might take a while...
  ft epoch  56/80  train=-0.5342
Reshuffle...
Initializing... this might take a while...
  ft epoch  57/80  train=-0.5349  val_fgDice=0.5676  [per 0.445 0.690]
Reshuffle...
Initializing... this might take a while...
  ft epoch  58/80  train=-0.5406
Reshuffle...
Initializing... this might take a while...
  ft epoch  59/80  train=-0.5373
Reshuffle...
Initializing... this might take a while...
  ft epoch  60/80  train=-0.5414  val_fgDice=0.5721  [per 0.451 0.693]  *best
Reshuffle...
Initializing... this might take a while...
  ft epoch  61/80  train=-0.5241
Reshuffle...
Initializing... this might take a while...
  ft epoch  62/80  train=-0.5476
Reshuffle...
Initializing... this might take a while...
  ft epoch  63/80  train=-0.5459  val_fgDice=0.5675  [per 0.450 0.685]
Reshuffle...
Initializing... this might take a while...
  ft epoch  64/80  train=-0.5560
Reshuffle...
Initializing... this might take a while...
  ft epoch  65/80  train=-0.5613
Reshuffle...
Initializing... this might take a while...
  ft epoch  66/80  train=-0.5394  val_fgDice=0.5649  [per 0.441 0.689]
Reshuffle...
Initializing... this might take a while...
  ft epoch  67/80  train=-0.5221
Reshuffle...
Initializing... this might take a while...
  ft epoch  68/80  train=-0.5453
Reshuffle...
Initializing... this might take a while...
  ft epoch  69/80  train=-0.5498  val_fgDice=0.5647  [per 0.440 0.689]
Reshuffle...
Initializing... this might take a while...
  ft epoch  70/80  train=-0.5426
Reshuffle...
Initializing... this might take a while...
  ft epoch  71/80  train=-0.5495
Reshuffle...
Initializing... this might take a while...
  ft epoch  72/80  train=-0.5415  val_fgDice=0.5679  [per 0.444 0.692]
Reshuffle...
Initializing... this might take a while...
  ft epoch  73/80  train=-0.5505
Reshuffle...
Initializing... this might take a while...
  ft epoch  74/80  train=-0.5434
Reshuffle...
Initializing... this might take a while...
  ft epoch  75/80  train=-0.5329  val_fgDice=0.5679  [per 0.444 0.691]
Reshuffle...
Initializing... this might take a while...
  ft epoch  76/80  train=-0.5468
Reshuffle...
Initializing... this might take a while...
  ft epoch  77/80  train=-0.5455
Reshuffle...
Initializing... this might take a while...
  ft epoch  78/80  train=-0.5419  val_fgDice=0.5699  [per 0.448 0.692]
Reshuffle...
Initializing... this might take a while...
  ft epoch  79/80  train=-0.5461
Reshuffle...
Initializing... this might take a while...
  ft epoch  80/80  train=-0.5553  val_fgDice=0.5705  [per 0.449 0.692]
  fine-tune done in 35.4 min | best fg-Dice 0.5721 @ep60 -> /home/Kasimatis/Documents/kasimat/morph-unet/results/mpm_full_l2_prune-ling-k30_f0_best.pth
[mpm_full_l2_prune-ling-k30_f0] DONE  params 6.748M -> 4.396M | Dice 0.5922 -> pruned 0.5464 -> finetuned 0.5721
  scores: /home/Kasimatis/Documents/kasimat/morph-unet/results/mpm_full_l2_prune-ling-k30_f0_scores.json
    keep=0.5  RUNNING  (mpm_full_l2_prune-ling-k50_f0)
class-balanced sampling -> class 1: 33886 slices, class 2: 13163 slices
[mpm_full_l2_prune-ling-k50_f0] unpruned: 6.748M params | val fg-Dice 0.5922
Reshuffle...
Initializing... this might take a while...
[prune] morph-channel lin, keep_ratio=0.5, alloc=global (norm=max, min_keep=4)
  enc3.sub1              in  128 ->  128  (lin, global)
  enc3.sub2              in  256 ->  202  (lin, global)
  enc4.sub1              in  256 ->  239  (lin, global)
  enc4.sub2              in  512 ->  503  (lin, global)
  center.sub1            in  512 ->  361  (lin, global)
  center.sub2            in 1024 ->  102  (lin, global)
  dec4.sub1              in 1024 ->  339  (lin, global)
  dec4.sub2              in  512 ->  156  (lin, global)
  dec3.sub1              in  512 ->  221  (lin, global)
  dec3.sub2              in  256 ->  245  (lin, global)
[mpm_full_l2_prune-ling-k50_f0] pruned:   4.982M params (26.2% off) | val fg-Dice 0.5848 (drop +0.0074)
[mpm_full_l2_prune-ling-k50_f0] pruned Dice within 0.015 of baseline (drop +0.0074) -> skipping fine-tune, keeping pruned net
[mpm_full_l2_prune-ling-k50_f0] DONE  params 6.748M -> 4.982M | Dice 0.5922 -> pruned 0.5848
  scores: /home/Kasimatis/Documents/kasimat/morph-unet/results/mpm_full_l2_prune-ling-k50_f0_scores.json
    -> good at keep=0.5 (free-lunch or recovered); skipping larger keep-ratios for ling
------------------------------------------------------------------
>>> mpm_full_l2  scheme=actg  (act / global)
------------------------------------------------------------------
    keep=0.1  RUNNING  (mpm_full_l2_prune-actg-k10_f0)
class-balanced sampling -> class 1: 33886 slices, class 2: 13163 slices
[mpm_full_l2_prune-actg-k10_f0] unpruned: 6.748M params | val fg-Dice 0.5922
Reshuffle...
Initializing... this might take a while...
[prune] morph-channel act, keep_ratio=0.1, alloc=global (norm=max, min_keep=4)
  enc3.sub1              in  128 ->   50  (act, global)
  enc3.sub2              in  256 ->   68  (act, global)
  enc4.sub1              in  256 ->  110  (act, global)
  enc4.sub2              in  512 ->   79  (act, global)
  center.sub1            in  512 ->   19  (act, global)
  center.sub2            in 1024 ->   26  (act, global)
  dec4.sub1              in 1024 ->   68  (act, global)
  dec4.sub2              in  512 ->   37  (act, global)
  dec3.sub1              in  512 ->   12  (act, global)
  dec3.sub2              in  256 ->   30  (act, global)
[mpm_full_l2_prune-actg-k10_f0] pruned:   3.884M params (42.4% off) | val fg-Dice 0.2355 (drop +0.3567)
[mpm_full_l2_prune-actg-k10_f0] fine-tuning 80 ep @ lr=5e-05 ...
Reshuffle...
Initializing... this might take a while...
  ft epoch   1/80  train=-0.3428
Reshuffle...
Initializing... this might take a while...
  ft epoch   2/80  train=-0.3809
Reshuffle...
Initializing... this might take a while...
  ft epoch   3/80  train=-0.4164  val_fgDice=0.4430  [per 0.357 0.529]  *best
Reshuffle...
Initializing... this might take a while...
  ft epoch   4/80  train=-0.4213
Reshuffle...
Initializing... this might take a while...
  ft epoch   5/80  train=-0.4446
Reshuffle...
Initializing... this might take a while...
  ft epoch   6/80  train=-0.4508  val_fgDice=0.4589  [per 0.348 0.569]  *best
Reshuffle...
Initializing... this might take a while...
  ft epoch   7/80  train=-0.4464
Reshuffle...
Initializing... this might take a while...
  ft epoch   8/80  train=-0.4410
Reshuffle...
Initializing... this might take a while...
  ft epoch   9/80  train=-0.4429  val_fgDice=0.3655  [per 0.368 0.363]
Reshuffle...
Initializing... this might take a while...
  ft epoch  10/80  train=-0.4384
Reshuffle...
Initializing... this might take a while...
  ft epoch  11/80  train=-0.4585
Reshuffle...
Initializing... this might take a while...
  ft epoch  12/80  train=-0.4533  val_fgDice=0.4850  [per 0.375 0.595]  *best
Reshuffle...
Initializing... this might take a while...
  ft epoch  13/80  train=-0.4600
Reshuffle...
Initializing... this might take a while...
  ft epoch  14/80  train=-0.4448
Reshuffle...
Initializing... this might take a while...
  ft epoch  15/80  train=-0.4620  val_fgDice=0.4802  [per 0.367 0.593]
Reshuffle...
Initializing... this might take a while...
  ft epoch  16/80  train=-0.4780
Reshuffle...
Initializing... this might take a while...
  ft epoch  17/80  train=-0.4779
Reshuffle...
Initializing... this might take a while...
  ft epoch  18/80  train=-0.4802  val_fgDice=0.5106  [per 0.400 0.621]  *best
Reshuffle...
Initializing... this might take a while...
  ft epoch  19/80  train=-0.4830
Reshuffle...
Initializing... this might take a while...
  ft epoch  20/80  train=-0.4742
Reshuffle...
Initializing... this might take a while...
  ft epoch  21/80  train=-0.4707  val_fgDice=0.4886  [per 0.390 0.587]
Reshuffle...
Initializing... this might take a while...
  ft epoch  22/80  train=-0.4824
Reshuffle...
Initializing... this might take a while...
  ft epoch  23/80  train=-0.4589
Reshuffle...
Initializing... this might take a while...
  ft epoch  24/80  train=-0.4626  val_fgDice=0.4706  [per 0.365 0.576]
Reshuffle...
Initializing... this might take a while...
  ft epoch  25/80  train=-0.4734
Reshuffle...
Initializing... this might take a while...
  ft epoch  26/80  train=-0.4708
Reshuffle...
Initializing... this might take a while...
  ft epoch  27/80  train=-0.4680  val_fgDice=0.4808  [per 0.386 0.576]
Reshuffle...
Initializing... this might take a while...
  ft epoch  28/80  train=-0.4886
Reshuffle...
Initializing... this might take a while...
  ft epoch  29/80  train=-0.4845
Reshuffle...
Initializing... this might take a while...
  ft epoch  30/80  train=-0.4854  val_fgDice=0.5322  [per 0.390 0.675]  *best
Reshuffle...
Initializing... this might take a while...
  ft epoch  31/80  train=-0.4943
Reshuffle...
Initializing... this might take a while...
  ft epoch  32/80  train=-0.4827
Reshuffle...
Initializing... this might take a while...
  ft epoch  33/80  train=-0.4879  val_fgDice=0.4949  [per 0.362 0.628]
Reshuffle...
Initializing... this might take a while...
  ft epoch  34/80  train=-0.4845
Reshuffle...
Initializing... this might take a while...
  ft epoch  35/80  train=-0.4947
Reshuffle...
Initializing... this might take a while...
  ft epoch  36/80  train=-0.5021  val_fgDice=0.5212  [per 0.407 0.635]
Reshuffle...
Initializing... this might take a while...
  ft epoch  37/80  train=-0.4849
Reshuffle...
Initializing... this might take a while...
  ft epoch  38/80  train=-0.4929
Reshuffle...
Initializing... this might take a while...
  ft epoch  39/80  train=-0.4786  val_fgDice=0.5416  [per 0.404 0.679]  *best
Reshuffle...
Initializing... this might take a while...
  ft epoch  40/80  train=-0.4939
Reshuffle...
Initializing... this might take a while...
  ft epoch  41/80  train=-0.4851
Reshuffle...
Initializing... this might take a while...
  ft epoch  42/80  train=-0.5041  val_fgDice=0.5219  [per 0.392 0.652]
Reshuffle...
Initializing... this might take a while...
  ft epoch  43/80  train=-0.4993
Reshuffle...
Initializing... this might take a while...
  ft epoch  44/80  train=-0.4851
Reshuffle...
Initializing... this might take a while...
  ft epoch  45/80  train=-0.5171  val_fgDice=0.5433  [per 0.414 0.673]  *best
Reshuffle...
Initializing... this might take a while...
  ft epoch  46/80  train=-0.5050
Reshuffle...
Initializing... this might take a while...
  ft epoch  47/80  train=-0.5047
Reshuffle...
Initializing... this might take a while...
  ft epoch  48/80  train=-0.5041  val_fgDice=0.5365  [per 0.401 0.672]
Reshuffle...
Initializing... this might take a while...
  ft epoch  49/80  train=-0.5118
Reshuffle...
Initializing... this might take a while...
  ft epoch  50/80  train=-0.4862
Reshuffle...
Initializing... this might take a while...
  ft epoch  51/80  train=-0.4984  val_fgDice=0.5324  [per 0.393 0.671]
Reshuffle...
Initializing... this might take a while...
  ft epoch  52/80  train=-0.4911
Reshuffle...
Initializing... this might take a while...
  ft epoch  53/80  train=-0.4989
Reshuffle...
Initializing... this might take a while...
  ft epoch  54/80  train=-0.5049  val_fgDice=0.5362  [per 0.403 0.669]
Reshuffle...
Initializing... this might take a while...
  ft epoch  55/80  train=-0.4938
Reshuffle...
Initializing... this might take a while...
  ft epoch  56/80  train=-0.4933
Reshuffle...
Initializing... this might take a while...
  ft epoch  57/80  train=-0.4924  val_fgDice=0.5024  [per 0.396 0.609]
Reshuffle...
Initializing... this might take a while...
  ft epoch  58/80  train=-0.5019
Reshuffle...
Initializing... this might take a while...
  ft epoch  59/80  train=-0.5069
Reshuffle...
Initializing... this might take a while...
  ft epoch  60/80  train=-0.5173  val_fgDice=0.5468  [per 0.414 0.680]  *best
Reshuffle...
Initializing... this might take a while...
  ft epoch  61/80  train=-0.4970
Reshuffle...
Initializing... this might take a while...
  ft epoch  62/80  train=-0.5180
Reshuffle...
Initializing... this might take a while...
  ft epoch  63/80  train=-0.5176  val_fgDice=0.5498  [per 0.421 0.679]  *best
Reshuffle...
Initializing... this might take a while...
  ft epoch  64/80  train=-0.5245
Reshuffle...
Initializing... this might take a while...
  ft epoch  65/80  train=-0.5302
Reshuffle...
Initializing... this might take a while...
  ft epoch  66/80  train=-0.5077  val_fgDice=0.5369  [per 0.392 0.682]
Reshuffle...
Initializing... this might take a while...
  ft epoch  67/80  train=-0.4935
Reshuffle...
Initializing... this might take a while...
  ft epoch  68/80  train=-0.5142
Reshuffle...
Initializing... this might take a while...
  ft epoch  69/80  train=-0.5203  val_fgDice=0.5555  [per 0.423 0.688]  *best
Reshuffle...
Initializing... this might take a while...
  ft epoch  70/80  train=-0.5192
Reshuffle...
Initializing... this might take a while...
  ft epoch  71/80  train=-0.5235
Reshuffle...
Initializing... this might take a while...
  ft epoch  72/80  train=-0.5161  val_fgDice=0.5033  [per 0.437 0.569]
Reshuffle...
Initializing... this might take a while...
  ft epoch  73/80  train=-0.5226
Reshuffle...
Initializing... this might take a while...
  ft epoch  74/80  train=-0.5153
Reshuffle...
Initializing... this might take a while...
  ft epoch  75/80  train=-0.5133  val_fgDice=0.5476  [per 0.427 0.668]
Reshuffle...
Initializing... this might take a while...
  ft epoch  76/80  train=-0.5218
Reshuffle...
Initializing... this might take a while...
  ft epoch  77/80  train=-0.5217
Reshuffle...
Initializing... this might take a while...
  ft epoch  78/80  train=-0.5199  val_fgDice=0.5454  [per 0.428 0.663]
Reshuffle...
Initializing... this might take a while...
  ft epoch  79/80  train=-0.5206
Reshuffle...
Initializing... this might take a while...
  ft epoch  80/80  train=-0.5329  val_fgDice=0.5395  [per 0.434 0.645]
  fine-tune done in 35.0 min | best fg-Dice 0.5555 @ep69 -> /home/Kasimatis/Documents/kasimat/morph-unet/results/mpm_full_l2_prune-actg-k10_f0_best.pth
[mpm_full_l2_prune-actg-k10_f0] DONE  params 6.748M -> 3.884M | Dice 0.5922 -> pruned 0.2355 -> finetuned 0.5555
  scores: /home/Kasimatis/Documents/kasimat/morph-unet/results/mpm_full_l2_prune-actg-k10_f0_scores.json
    keep=0.3  RUNNING  (mpm_full_l2_prune-actg-k30_f0)
class-balanced sampling -> class 1: 33886 slices, class 2: 13163 slices
[mpm_full_l2_prune-actg-k30_f0] unpruned: 6.748M params | val fg-Dice 0.5922
Reshuffle...
Initializing... this might take a while...
[prune] morph-channel act, keep_ratio=0.3, alloc=global (norm=max, min_keep=4)
  enc3.sub1              in  128 ->  108  (act, global)
  enc3.sub2              in  256 ->  161  (act, global)
  enc4.sub1              in  256 ->  225  (act, global)
  enc4.sub2              in  512 ->  259  (act, global)
  center.sub1            in  512 ->  158  (act, global)
  center.sub2            in 1024 ->  114  (act, global)
  dec4.sub1              in 1024 ->  174  (act, global)
  dec4.sub2              in  512 ->  143  (act, global)
  dec3.sub1              in  512 ->   53  (act, global)
  dec3.sub2              in  256 ->  103  (act, global)
[mpm_full_l2_prune-actg-k30_f0] pruned:   4.456M params (34.0% off) | val fg-Dice 0.4020 (drop +0.1903)
[mpm_full_l2_prune-actg-k30_f0] fine-tuning 80 ep @ lr=5e-05 ...
Reshuffle...
Initializing... this might take a while...
  ft epoch   1/80  train=-0.4465
Reshuffle...
Initializing... this might take a while...
  ft epoch   2/80  train=-0.4637
Reshuffle...
Initializing... this might take a while...
  ft epoch   3/80  train=-0.5059  val_fgDice=0.5354  [per 0.432 0.639]  *best
Reshuffle...
Initializing... this might take a while...
  ft epoch   4/80  train=-0.5062
Reshuffle...
Initializing... this might take a while...
  ft epoch   5/80  train=-0.5137
Reshuffle...
Initializing... this might take a while...
  ft epoch   6/80  train=-0.5273  val_fgDice=0.5325  [per 0.403 0.662]
Reshuffle...
Initializing... this might take a while...
  ft epoch   7/80  train=-0.5110
Reshuffle...
Initializing... this might take a while...
  ft epoch   8/80  train=-0.5067
Reshuffle...
Initializing... this might take a while...
  ft epoch   9/80  train=-0.5191  val_fgDice=0.5128  [per 0.432 0.594]
Reshuffle...
Initializing... this might take a while...
  ft epoch  10/80  train=-0.5088
Reshuffle...
Initializing... this might take a while...
  ft epoch  11/80  train=-0.5187
Reshuffle...
Initializing... this might take a while...
  ft epoch  12/80  train=-0.5142  val_fgDice=0.5552  [per 0.423 0.687]  *best
Reshuffle...
Initializing... this might take a while...
  ft epoch  13/80  train=-0.5184
Reshuffle...
Initializing... this might take a while...
  ft epoch  14/80  train=-0.5089
Reshuffle...
Initializing... this might take a while...
  ft epoch  15/80  train=-0.5226  val_fgDice=0.5478  [per 0.427 0.669]
Reshuffle...
Initializing... this might take a while...
  ft epoch  16/80  train=-0.5280
Reshuffle...
Initializing... this might take a while...
  ft epoch  17/80  train=-0.5284
Reshuffle...
Initializing... this might take a while...
  ft epoch  18/80  train=-0.5269  val_fgDice=0.5517  [per 0.447 0.656]
Reshuffle...
Initializing... this might take a while...
  ft epoch  19/80  train=-0.5330
Reshuffle...
Initializing... this might take a while...
  ft epoch  20/80  train=-0.5276
Reshuffle...
Initializing... this might take a while...
  ft epoch  21/80  train=-0.5199  val_fgDice=0.5545  [per 0.437 0.672]
Reshuffle...
Initializing... this might take a while...
  ft epoch  22/80  train=-0.5441
Reshuffle...
Initializing... this might take a while...
  ft epoch  23/80  train=-0.5193
Reshuffle...
Initializing... this might take a while...
  ft epoch  24/80  train=-0.5194  val_fgDice=0.5080  [per 0.413 0.603]
Reshuffle...
Initializing... this might take a while...
  ft epoch  25/80  train=-0.5319
Reshuffle...
Initializing... this might take a while...
  ft epoch  26/80  train=-0.5377
Reshuffle...
Initializing... this might take a while...
  ft epoch  27/80  train=-0.5372  val_fgDice=0.5747  [per 0.448 0.702]  *best
Reshuffle...
Initializing... this might take a while...
  ft epoch  28/80  train=-0.5493
Reshuffle...
Initializing... this might take a while...
  ft epoch  29/80  train=-0.5398
Reshuffle...
Initializing... this might take a while...
  ft epoch  30/80  train=-0.5473  val_fgDice=0.5745  [per 0.435 0.714]
Reshuffle...
Initializing... this might take a while...
  ft epoch  31/80  train=-0.5454
Reshuffle...
Initializing... this might take a while...
  ft epoch  32/80  train=-0.5463
Reshuffle...
Initializing... this might take a while...
  ft epoch  33/80  train=-0.5437  val_fgDice=0.5679  [per 0.441 0.695]
Reshuffle...
Initializing... this might take a while...
  ft epoch  34/80  train=-0.5318
Reshuffle...
Initializing... this might take a while...
  ft epoch  35/80  train=-0.5455
Reshuffle...
Initializing... this might take a while...
  ft epoch  36/80  train=-0.5492  val_fgDice=0.5706  [per 0.453 0.688]
Reshuffle...
Initializing... this might take a while...
  ft epoch  37/80  train=-0.5391
Reshuffle...
Initializing... this might take a while...
  ft epoch  38/80  train=-0.5449
Reshuffle...
Initializing... this might take a while...
  ft epoch  39/80  train=-0.5388  val_fgDice=0.5724  [per 0.454 0.691]
Reshuffle...
Initializing... this might take a while...
  ft epoch  40/80  train=-0.5427
Reshuffle...
Initializing... this might take a while...
  ft epoch  41/80  train=-0.5430
Reshuffle...
Initializing... this might take a while...
  ft epoch  42/80  train=-0.5556  val_fgDice=0.5696  [per 0.440 0.699]
Reshuffle...
Initializing... this might take a while...
  ft epoch  43/80  train=-0.5526
Reshuffle...
Initializing... this might take a while...
  ft epoch  44/80  train=-0.5490
Reshuffle...
Initializing... this might take a while...
  ft epoch  45/80  train=-0.5690  val_fgDice=0.5756  [per 0.437 0.715]  *best
Reshuffle...
Initializing... this might take a while...
  ft epoch  46/80  train=-0.5567
Reshuffle...
Initializing... this might take a while...
  ft epoch  47/80  train=-0.5521
Reshuffle...
Initializing... this might take a while...
  ft epoch  48/80  train=-0.5586  val_fgDice=0.5680  [per 0.442 0.695]
Reshuffle...
Initializing... this might take a while...
  ft epoch  49/80  train=-0.5600
Reshuffle...
Initializing... this might take a while...
  ft epoch  50/80  train=-0.5411
Reshuffle...
Initializing... this might take a while...
  ft epoch  51/80  train=-0.5432  val_fgDice=0.5685  [per 0.445 0.692]
Reshuffle...
Initializing... this might take a while...
  ft epoch  52/80  train=-0.5437
Reshuffle...
Initializing... this might take a while...
  ft epoch  53/80  train=-0.5470
Reshuffle...
Initializing... this might take a while...
  ft epoch  54/80  train=-0.5559  val_fgDice=0.5735  [per 0.443 0.704]
Reshuffle...
Initializing... this might take a while...
  ft epoch  55/80  train=-0.5557
Reshuffle...
Initializing... this might take a while...
  ft epoch  56/80  train=-0.5385
Reshuffle...
Initializing... this might take a while...
  ft epoch  57/80  train=-0.5410  val_fgDice=0.5627  [per 0.437 0.688]
Reshuffle...
Initializing... this might take a while...
  ft epoch  58/80  train=-0.5435
Reshuffle...
Initializing... this might take a while...
  ft epoch  59/80  train=-0.5447
Reshuffle...
Initializing... this might take a while...
  ft epoch  60/80  train=-0.5495  val_fgDice=0.5737  [per 0.448 0.700]
Reshuffle...
Initializing... this might take a while...
  ft epoch  61/80  train=-0.5308
Reshuffle...
Initializing... this might take a while...
  ft epoch  62/80  train=-0.5558
Reshuffle...
Initializing... this might take a while...
  ft epoch  63/80  train=-0.5555  val_fgDice=0.5713  [per 0.446 0.697]
Reshuffle...
Initializing... this might take a while...
  ft epoch  64/80  train=-0.5600
Reshuffle...
Initializing... this might take a while...
  ft epoch  65/80  train=-0.5669
Reshuffle...
Initializing... this might take a while...
  ft epoch  66/80  train=-0.5433  val_fgDice=0.5720  [per 0.444 0.700]
Reshuffle...
Initializing... this might take a while...
  ft epoch  67/80  train=-0.5283
Reshuffle...
Initializing... this might take a while...
  ft epoch  68/80  train=-0.5497
Reshuffle...
Initializing... this might take a while...
  ft epoch  69/80  train=-0.5554  val_fgDice=0.5682  [per 0.443 0.693]
  early stop (no val gain for 24 ep)
  fine-tune done in 40.5 min | best fg-Dice 0.5756 @ep45 -> /home/Kasimatis/Documents/kasimat/morph-unet/results/mpm_full_l2_prune-actg-k30_f0_best.pth
[mpm_full_l2_prune-actg-k30_f0] DONE  params 6.748M -> 4.456M | Dice 0.5922 -> pruned 0.4020 -> finetuned 0.5756
  scores: /home/Kasimatis/Documents/kasimat/morph-unet/results/mpm_full_l2_prune-actg-k30_f0_scores.json
    keep=0.5  RUNNING  (mpm_full_l2_prune-actg-k50_f0)
class-balanced sampling -> class 1: 33886 slices, class 2: 13163 slices
[mpm_full_l2_prune-actg-k50_f0] unpruned: 6.748M params | val fg-Dice 0.5922
Reshuffle...
Initializing... this might take a while...
[prune] morph-channel act, keep_ratio=0.5, alloc=global (norm=max, min_keep=4)
  enc3.sub1              in  128 ->  126  (act, global)
  enc3.sub2              in  256 ->  217  (act, global)
  enc4.sub1              in  256 ->  251  (act, global)
  enc4.sub2              in  512 ->  412  (act, global)
  center.sub1            in  512 ->  352  (act, global)
  center.sub2            in 1024 ->  279  (act, global)
  dec4.sub1              in 1024 ->  281  (act, global)
  dec4.sub2              in  512 ->  260  (act, global)
  dec3.sub1              in  512 ->  131  (act, global)
  dec3.sub2              in  256 ->  187  (act, global)
[mpm_full_l2_prune-actg-k50_f0] pruned:   5.103M params (24.4% off) | val fg-Dice 0.5087 (drop +0.0835)
[mpm_full_l2_prune-actg-k50_f0] fine-tuning 80 ep @ lr=5e-05 ...
Reshuffle...
Initializing... this might take a while...
  ft epoch   1/80  train=-0.5217
Reshuffle...
Initializing... this might take a while...
  ft epoch   2/80  train=-0.5021
Reshuffle...
Initializing... this might take a while...
  ft epoch   3/80  train=-0.5371  val_fgDice=0.5594  [per 0.438 0.681]  *best
Reshuffle...
Initializing... this might take a while...
  ft epoch   4/80  train=-0.5354
Reshuffle...
Initializing... this might take a while...
  ft epoch   5/80  train=-0.5403
Reshuffle...
Initializing... this might take a while...
  ft epoch   6/80  train=-0.5459  val_fgDice=0.5600  [per 0.425 0.695]  *best
Reshuffle...
Initializing... this might take a while...
  ft epoch   7/80  train=-0.5340
Reshuffle...
Initializing... this might take a while...
  ft epoch   8/80  train=-0.5263
Reshuffle...
Initializing... this might take a while...
  ft epoch   9/80  train=-0.5353  val_fgDice=0.5591  [per 0.443 0.675]
Reshuffle...
Initializing... this might take a while...
  ft epoch  10/80  train=-0.5261
Reshuffle...
Initializing... this might take a while...
  ft epoch  11/80  train=-0.5334
Reshuffle...
Initializing... this might take a while...
  ft epoch  12/80  train=-0.5290  val_fgDice=0.5677  [per 0.431 0.704]  *best
Reshuffle...
Initializing... this might take a while...
  ft epoch  13/80  train=-0.5376
Reshuffle...
Initializing... this might take a while...
  ft epoch  14/80  train=-0.5262
Reshuffle...
Initializing... this might take a while...
  ft epoch  15/80  train=-0.5334  val_fgDice=0.5640  [per 0.433 0.695]
Reshuffle...
Initializing... this might take a while...
  ft epoch  16/80  train=-0.5418
Reshuffle...
Initializing... this might take a while...
  ft epoch  17/80  train=-0.5394
Reshuffle...
Initializing... this might take a while...
  ft epoch  18/80  train=-0.5436  val_fgDice=0.5681  [per 0.448 0.688]  *best
Reshuffle...
Initializing... this might take a while...
  ft epoch  19/80  train=-0.5468
Reshuffle...
Initializing... this might take a while...
  ft epoch  20/80  train=-0.5398
Reshuffle...
Initializing... this might take a while...
  ft epoch  21/80  train=-0.5313  val_fgDice=0.5672  [per 0.444 0.691]
Reshuffle...
Initializing... this might take a while...
  ft epoch  22/80  train=-0.5513
Reshuffle...
Initializing... this might take a while...
  ft epoch  23/80  train=-0.5316
Reshuffle...
Initializing... this might take a while...
  ft epoch  24/80  train=-0.5317  val_fgDice=0.5383  [per 0.440 0.637]
Reshuffle...
Initializing... this might take a while...
  ft epoch  25/80  train=-0.5423
Reshuffle...
Initializing... this might take a while...
  ft epoch  26/80  train=-0.5447
Reshuffle...
Initializing... this might take a while...
  ft epoch  27/80  train=-0.5432  val_fgDice=0.5850  [per 0.461 0.709]  *best
Reshuffle...
Initializing... this might take a while...
  ft epoch  28/80  train=-0.5502
Reshuffle...
Initializing... this might take a while...
  ft epoch  29/80  train=-0.5380
Reshuffle...
Initializing... this might take a while...
  ft epoch  30/80  train=-0.5497  val_fgDice=0.5738  [per 0.441 0.707]
Reshuffle...
Initializing... this might take a while...
  ft epoch  31/80  train=-0.5496
Reshuffle...
Initializing... this might take a while...
  ft epoch  32/80  train=-0.5454
Reshuffle...
Initializing... this might take a while...
  ft epoch  33/80  train=-0.5472  val_fgDice=0.5724  [per 0.447 0.698]
Reshuffle...
Initializing... this might take a while...
  ft epoch  34/80  train=-0.5329
Reshuffle...
Initializing... this might take a while...
  ft epoch  35/80  train=-0.5450
Reshuffle...
Initializing... this might take a while...
  ft epoch  36/80  train=-0.5478  val_fgDice=0.5741  [per 0.455 0.694]
Reshuffle...
Initializing... this might take a while...
  ft epoch  37/80  train=-0.5361
Reshuffle...
Initializing... this might take a while...
  ft epoch  38/80  train=-0.5455
Reshuffle...
Initializing... this might take a while...
  ft epoch  39/80  train=-0.5389  val_fgDice=0.5782  [per 0.449 0.707]
Reshuffle...
Initializing... this might take a while...
  ft epoch  40/80  train=-0.5505
Reshuffle...
Initializing... this might take a while...
  ft epoch  41/80  train=-0.5496
Reshuffle...
Initializing... this might take a while...
  ft epoch  42/80  train=-0.5621  val_fgDice=0.5669  [per 0.434 0.699]
Reshuffle...
Initializing... this might take a while...
  ft epoch  43/80  train=-0.5598
Reshuffle...
Initializing... this might take a while...
  ft epoch  44/80  train=-0.5570
Reshuffle...
Initializing... this might take a while...
  ft epoch  45/80  train=-0.5741  val_fgDice=0.5811  [per 0.448 0.715]
Reshuffle...
Initializing... this might take a while...
  ft epoch  46/80  train=-0.5604
Reshuffle...
Initializing... this might take a while...
  ft epoch  47/80  train=-0.5583
Reshuffle...
Initializing... this might take a while...
  ft epoch  48/80  train=-0.5642  val_fgDice=0.5704  [per 0.446 0.695]
Reshuffle...
Initializing... this might take a while...
  ft epoch  49/80  train=-0.5664
Reshuffle...
Initializing... this might take a while...
  ft epoch  50/80  train=-0.5480
Reshuffle...
Initializing... this might take a while...
  ft epoch  51/80  train=-0.5547  val_fgDice=0.5756  [per 0.440 0.712]
  early stop (no val gain for 24 ep)
  fine-tune done in 29.3 min | best fg-Dice 0.5850 @ep27 -> /home/Kasimatis/Documents/kasimat/morph-unet/results/mpm_full_l2_prune-actg-k50_f0_best.pth
[mpm_full_l2_prune-actg-k50_f0] DONE  params 6.748M -> 5.103M | Dice 0.5922 -> pruned 0.5087 -> finetuned 0.5850
  scores: /home/Kasimatis/Documents/kasimat/morph-unet/results/mpm_full_l2_prune-actg-k50_f0_scores.json
    -> good at keep=0.5 (free-lunch or recovered); skipping larger keep-ratios for actg
------------------------------------------------------------------
>>> mpm_full_l2  scheme=fbg  (fb / global)
------------------------------------------------------------------
    keep=0.1  RUNNING  (mpm_full_l2_prune-fbg-k10_f0)
class-balanced sampling -> class 1: 33886 slices, class 2: 13163 slices
[mpm_full_l2_prune-fbg-k10_f0] unpruned: 6.748M params | val fg-Dice 0.5922
Reshuffle...
Initializing... this might take a while...
[prune] morph-channel fb, keep_ratio=0.1, alloc=global (norm=max, min_keep=4)
  enc3.sub1              in  128 ->   78  (fb, global)
  enc3.sub2              in  256 ->   41  (fb, global)
  enc4.sub1              in  256 ->   47  (fb, global)
  enc4.sub2              in  512 ->   41  (fb, global)
  center.sub1            in  512 ->   33  (fb, global)
  center.sub2            in 1024 ->   39  (fb, global)
  dec4.sub1              in 1024 ->  154  (fb, global)
  dec4.sub2              in  512 ->   33  (fb, global)
  dec3.sub1              in  512 ->    5  (fb, global)
  dec3.sub2              in  256 ->   28  (fb, global)
[mpm_full_l2_prune-fbg-k10_f0] pruned:   3.900M params (42.2% off) | val fg-Dice 0.2323 (drop +0.3600)
[mpm_full_l2_prune-fbg-k10_f0] fine-tuning 80 ep @ lr=5e-05 ...
Reshuffle...
Initializing... this might take a while...
  ft epoch   1/80  train=-0.3384
Reshuffle...
Initializing... this might take a while...
  ft epoch   2/80  train=-0.3642
Reshuffle...
Initializing... this might take a while...
  ft epoch   3/80  train=-0.3920  val_fgDice=0.3802  [per 0.340 0.420]  *best
Reshuffle...
Initializing... this might take a while...
  ft epoch   4/80  train=-0.4028
Reshuffle...
Initializing... this might take a while...
  ft epoch   5/80  train=-0.4287
Reshuffle...
Initializing... this might take a while...
  ft epoch   6/80  train=-0.4474  val_fgDice=0.4166  [per 0.346 0.487]  *best
Reshuffle...
Initializing... this might take a while...
  ft epoch   7/80  train=-0.4380
Reshuffle...
Initializing... this might take a while...
  ft epoch   8/80  train=-0.4417
Reshuffle...
Initializing... this might take a while...
  ft epoch   9/80  train=-0.4451  val_fgDice=0.4043  [per 0.360 0.449]
Reshuffle...
Initializing... this might take a while...
  ft epoch  10/80  train=-0.4385
Reshuffle...
Initializing... this might take a while...
  ft epoch  11/80  train=-0.4606
Reshuffle...
Initializing... this might take a while...
  ft epoch  12/80  train=-0.4590  val_fgDice=0.4839  [per 0.387 0.580]  *best
Reshuffle...
Initializing... this might take a while...
  ft epoch  13/80  train=-0.4667
Reshuffle...
Initializing... this might take a while...
  ft epoch  14/80  train=-0.4523
Reshuffle...
Initializing... this might take a while...
  ft epoch  15/80  train=-0.4630  val_fgDice=0.4753  [per 0.362 0.588]
Reshuffle...
Initializing... this might take a while...
  ft epoch  16/80  train=-0.4722
Reshuffle...
Initializing... this might take a while...
  ft epoch  17/80  train=-0.4783
Reshuffle...
Initializing... this might take a while...
  ft epoch  18/80  train=-0.4878  val_fgDice=0.5088  [per 0.407 0.611]  *best
Reshuffle...
Initializing... this might take a while...
  ft epoch  19/80  train=-0.4818
Reshuffle...
Initializing... this might take a while...
  ft epoch  20/80  train=-0.4754
Reshuffle...
Initializing... this might take a while...
  ft epoch  21/80  train=-0.4711  val_fgDice=0.5030  [per 0.395 0.611]
Reshuffle...
Initializing... this might take a while...
  ft epoch  22/80  train=-0.4997
Reshuffle...
Initializing... this might take a while...
  ft epoch  23/80  train=-0.4745
Reshuffle...
Initializing... this might take a while...
  ft epoch  24/80  train=-0.4701  val_fgDice=0.4974  [per 0.365 0.630]
Reshuffle...
Initializing... this might take a while...
  ft epoch  25/80  train=-0.4831
Reshuffle...
Initializing... this might take a while...
  ft epoch  26/80  train=-0.4777
Reshuffle...
Initializing... this might take a while...
  ft epoch  27/80  train=-0.4851  val_fgDice=0.5179  [per 0.373 0.663]  *best
Reshuffle...
Initializing... this might take a while...
  ft epoch  28/80  train=-0.5007
Reshuffle...
Initializing... this might take a while...
  ft epoch  29/80  train=-0.4955
Reshuffle...
Initializing... this might take a while...
  ft epoch  30/80  train=-0.4850  val_fgDice=0.5181  [per 0.376 0.660]  *best
Reshuffle...
Initializing... this might take a while...
  ft epoch  31/80  train=-0.5008
Reshuffle...
Initializing... this might take a while...
  ft epoch  32/80  train=-0.4906
Reshuffle...
Initializing... this might take a while...
  ft epoch  33/80  train=-0.5016  val_fgDice=0.4800  [per 0.337 0.623]
Reshuffle...
Initializing... this might take a while...
  ft epoch  34/80  train=-0.4876
Reshuffle...
Initializing... this might take a while...
  ft epoch  35/80  train=-0.4996
Reshuffle...
Initializing... this might take a while...
  ft epoch  36/80  train=-0.5078  val_fgDice=0.5467  [per 0.411 0.683]  *best
Reshuffle...
Initializing... this might take a while...
  ft epoch  37/80  train=-0.4964
Reshuffle...
Initializing... this might take a while...
  ft epoch  38/80  train=-0.4940
Reshuffle...
Initializing... this might take a while...
  ft epoch  39/80  train=-0.4906  val_fgDice=0.5503  [per 0.411 0.689]  *best
Reshuffle...
Initializing... this might take a while...
  ft epoch  40/80  train=-0.5072
Reshuffle...
Initializing... this might take a while...
  ft epoch  41/80  train=-0.5029
Reshuffle...
Initializing... this might take a while...
  ft epoch  42/80  train=-0.5065  val_fgDice=0.4807  [per 0.393 0.569]
Reshuffle...
Initializing... this might take a while...
  ft epoch  43/80  train=-0.5033
Reshuffle...
Initializing... this might take a while...
  ft epoch  44/80  train=-0.4903
Reshuffle...
Initializing... this might take a while...
  ft epoch  45/80  train=-0.5204  val_fgDice=0.5297  [per 0.408 0.652]
Reshuffle...
Initializing... this might take a while...
  ft epoch  46/80  train=-0.5099
Reshuffle...
Initializing... this might take a while...
  ft epoch  47/80  train=-0.5082
Reshuffle...
Initializing... this might take a while...
  ft epoch  48/80  train=-0.5100  val_fgDice=0.5321  [per 0.406 0.658]
Reshuffle...
Initializing... this might take a while...
  ft epoch  49/80  train=-0.5209
Reshuffle...
Initializing... this might take a while...
  ft epoch  50/80  train=-0.4967
Reshuffle...
Initializing... this might take a while...
  ft epoch  51/80  train=-0.5041  val_fgDice=0.5439  [per 0.392 0.696]
Reshuffle...
Initializing... this might take a while...
  ft epoch  52/80  train=-0.5084
Reshuffle...
Initializing... this might take a while...
  ft epoch  53/80  train=-0.5132
Reshuffle...
Initializing... this might take a while...
  ft epoch  54/80  train=-0.5161  val_fgDice=0.5383  [per 0.407 0.669]
Reshuffle...
Initializing... this might take a while...
  ft epoch  55/80  train=-0.5206
Reshuffle...
Initializing... this might take a while...
  ft epoch  56/80  train=-0.5065
Reshuffle...
Initializing... this might take a while...
  ft epoch  57/80  train=-0.5050  val_fgDice=0.5104  [per 0.398 0.623]
Reshuffle...
Initializing... this might take a while...
  ft epoch  58/80  train=-0.5135
Reshuffle...
Initializing... this might take a while...
  ft epoch  59/80  train=-0.5134
Reshuffle...
Initializing... this might take a while...
  ft epoch  60/80  train=-0.5217  val_fgDice=0.5508  [per 0.420 0.682]  *best
Reshuffle...
Initializing... this might take a while...
  ft epoch  61/80  train=-0.5067
Reshuffle...
Initializing... this might take a while...
  ft epoch  62/80  train=-0.5206
Reshuffle...
Initializing... this might take a while...
  ft epoch  63/80  train=-0.5195  val_fgDice=0.5438  [per 0.417 0.671]
Reshuffle...
Initializing... this might take a while...
  ft epoch  64/80  train=-0.5331
Reshuffle...
Initializing... this might take a while...
  ft epoch  65/80  train=-0.5359
Reshuffle...
Initializing... this might take a while...
  ft epoch  66/80  train=-0.5177  val_fgDice=0.5104  [per 0.383 0.638]
Reshuffle...
Initializing... this might take a while...
  ft epoch  67/80  train=-0.4987
Reshuffle...
Initializing... this might take a while...
  ft epoch  68/80  train=-0.5191
Reshuffle...
Initializing... this might take a while...
  ft epoch  69/80  train=-0.5295  val_fgDice=0.5527  [per 0.416 0.689]  *best
Reshuffle...
Initializing... this might take a while...
  ft epoch  70/80  train=-0.5253
Reshuffle...
Initializing... this might take a while...
  ft epoch  71/80  train=-0.5237
Reshuffle...
Initializing... this might take a while...
  ft epoch  72/80  train=-0.5234  val_fgDice=0.5362  [per 0.433 0.639]
Reshuffle...
Initializing... this might take a while...
  ft epoch  73/80  train=-0.5299
Reshuffle...
Initializing... this might take a while...
  ft epoch  74/80  train=-0.5200
Reshuffle...
Initializing... this might take a while...
  ft epoch  75/80  train=-0.5153  val_fgDice=0.5350  [per 0.412 0.658]
Reshuffle...
Initializing... this might take a while...
  ft epoch  76/80  train=-0.5300
Reshuffle...
Initializing... this might take a while...
  ft epoch  77/80  train=-0.5276
Reshuffle...
Initializing... this might take a while...
  ft epoch  78/80  train=-0.5248  val_fgDice=0.5621  [per 0.430 0.694]  *best
Reshuffle...
Initializing... this might take a while...
  ft epoch  79/80  train=-0.5256
Reshuffle...
Initializing... this might take a while...
  ft epoch  80/80  train=-0.5344  val_fgDice=0.5369  [per 0.431 0.643]
  fine-tune done in 22.8 min | best fg-Dice 0.5621 @ep78 -> /home/Kasimatis/Documents/kasimat/morph-unet/results/mpm_full_l2_prune-fbg-k10_f0_best.pth
[mpm_full_l2_prune-fbg-k10_f0] DONE  params 6.748M -> 3.900M | Dice 0.5922 -> pruned 0.2323 -> finetuned 0.5621
  scores: /home/Kasimatis/Documents/kasimat/morph-unet/results/mpm_full_l2_prune-fbg-k10_f0_scores.json
    keep=0.3  RUNNING  (mpm_full_l2_prune-fbg-k30_f0)
class-balanced sampling -> class 1: 33886 slices, class 2: 13163 slices
[mpm_full_l2_prune-fbg-k30_f0] unpruned: 6.748M params | val fg-Dice 0.5922
Reshuffle...
Initializing... this might take a while...
[prune] morph-channel fb, keep_ratio=0.3, alloc=global (norm=max, min_keep=4)
  enc3.sub1              in  128 ->  127  (fb, global)
  enc3.sub2              in  256 ->  112  (fb, global)
  enc4.sub1              in  256 ->  162  (fb, global)
  enc4.sub2              in  512 ->  151  (fb, global)
  center.sub1            in  512 ->  200  (fb, global)
  center.sub2            in 1024 ->  204  (fb, global)
  dec4.sub1              in 1024 ->  286  (fb, global)
  dec4.sub2              in  512 ->  132  (fb, global)
  dec3.sub1              in  512 ->   44  (fb, global)
  dec3.sub2              in  256 ->   80  (fb, global)
[mpm_full_l2_prune-fbg-k30_f0] pruned:   4.540M params (32.7% off) | val fg-Dice 0.2836 (drop +0.3087)
[mpm_full_l2_prune-fbg-k30_f0] fine-tuning 80 ep @ lr=5e-05 ...
Reshuffle...
Initializing... this might take a while...
  ft epoch   1/80  train=-0.3705
Reshuffle...
Initializing... this might take a while...
  ft epoch   2/80  train=-0.4174
Reshuffle...
Initializing... this might take a while...
  ft epoch   3/80  train=-0.4678  val_fgDice=0.5175  [per 0.401 0.633]  *best
Reshuffle...
Initializing... this might take a while...
  ft epoch   4/80  train=-0.4750
Reshuffle...
Initializing... this might take a while...
  ft epoch   5/80  train=-0.4911
Reshuffle...
Initializing... this might take a while...
  ft epoch   6/80  train=-0.4982  val_fgDice=0.5034  [per 0.387 0.620]
Reshuffle...
Initializing... this might take a while...
  ft epoch   7/80  train=-0.4958
Reshuffle...
Initializing... this might take a while...
  ft epoch   8/80  train=-0.4881
Reshuffle...
Initializing... this might take a while...
  ft epoch   9/80  train=-0.4881  val_fgDice=0.5289  [per 0.414 0.644]  *best
Reshuffle...
Initializing... this might take a while...
  ft epoch  10/80  train=-0.4762
Reshuffle...
Initializing... this might take a while...
  ft epoch  11/80  train=-0.4982
Reshuffle...
Initializing... this might take a while...
  ft epoch  12/80  train=-0.4995  val_fgDice=0.5346  [per 0.401 0.669]  *best
Reshuffle...
Initializing... this might take a while...
  ft epoch  13/80  train=-0.4956
Reshuffle...
Initializing... this might take a while...
  ft epoch  14/80  train=-0.4910
Reshuffle...
Initializing... this might take a while...
  ft epoch  15/80  train=-0.5008  val_fgDice=0.5345  [per 0.407 0.662]
Reshuffle...
Initializing... this might take a while...
  ft epoch  16/80  train=-0.4975
Reshuffle...
Initializing... this might take a while...
  ft epoch  17/80  train=-0.5028
Reshuffle...
Initializing... this might take a while...
  ft epoch  18/80  train=-0.5194  val_fgDice=0.5298  [per 0.425 0.634]
Reshuffle...
Initializing... this might take a while...
  ft epoch  19/80  train=-0.5149
Reshuffle...
Initializing... this might take a while...
  ft epoch  20/80  train=-0.5141
Reshuffle...
Initializing... this might take a while...
  ft epoch  21/80  train=-0.5033  val_fgDice=0.5390  [per 0.413 0.665]  *best
Reshuffle...
Initializing... this might take a while...
  ft epoch  22/80  train=-0.5308
Reshuffle...
Initializing... this might take a while...
  ft epoch  23/80  train=-0.5027
Reshuffle...
Initializing... this might take a while...
  ft epoch  24/80  train=-0.4996  val_fgDice=0.4528  [per 0.394 0.512]
Reshuffle...
Initializing... this might take a while...
  ft epoch  25/80  train=-0.5168
Reshuffle...
Initializing... this might take a while...
  ft epoch  26/80  train=-0.5164
Reshuffle...
Initializing... this might take a while...
  ft epoch  27/80  train=-0.5080  val_fgDice=0.5365  [per 0.434 0.639]
Reshuffle...
Initializing... this might take a while...
  ft epoch  28/80  train=-0.5255
Reshuffle...
Initializing... this might take a while...
  ft epoch  29/80  train=-0.5146
Reshuffle...
Initializing... this might take a while...
  ft epoch  30/80  train=-0.5179  val_fgDice=0.5343  [per 0.403 0.666]
Reshuffle...
Initializing... this might take a while...
  ft epoch  31/80  train=-0.5263
Reshuffle...
Initializing... this might take a while...
  ft epoch  32/80  train=-0.5254
Reshuffle...
Initializing... this might take a while...
  ft epoch  33/80  train=-0.5273  val_fgDice=0.5367  [per 0.398 0.675]
Reshuffle...
Initializing... this might take a while...
  ft epoch  34/80  train=-0.5153
Reshuffle...
Initializing... this might take a while...
  ft epoch  35/80  train=-0.5356
Reshuffle...
Initializing... this might take a while...
  ft epoch  36/80  train=-0.5384  val_fgDice=0.5418  [per 0.418 0.665]  *best
Reshuffle...
Initializing... this might take a while...
  ft epoch  37/80  train=-0.5223
Reshuffle...
Initializing... this might take a while...
  ft epoch  38/80  train=-0.5314
Reshuffle...
Initializing... this might take a while...
  ft epoch  39/80  train=-0.5266  val_fgDice=0.5455  [per 0.431 0.660]  *best
Reshuffle...
Initializing... this might take a while...
  ft epoch  40/80  train=-0.5336
Reshuffle...
Initializing... this might take a while...
  ft epoch  41/80  train=-0.5295
Reshuffle...
Initializing... this might take a while...
  ft epoch  42/80  train=-0.5384  val_fgDice=0.5387  [per 0.397 0.681]
Reshuffle...
Initializing... this might take a while...
  ft epoch  43/80  train=-0.5381
Reshuffle...
Initializing... this might take a while...
  ft epoch  44/80  train=-0.5316
Reshuffle...
Initializing... this might take a while...
  ft epoch  45/80  train=-0.5549  val_fgDice=0.5366  [per 0.412 0.661]
Reshuffle...
Initializing... this might take a while...
  ft epoch  46/80  train=-0.5437
Reshuffle...
Initializing... this might take a while...
  ft epoch  47/80  train=-0.5397
Reshuffle...
Initializing... this might take a while...
  ft epoch  48/80  train=-0.5429  val_fgDice=0.5462  [per 0.415 0.678]  *best
Reshuffle...
Initializing... this might take a while...
  ft epoch  49/80  train=-0.5438
Reshuffle...
Initializing... this might take a while...
  ft epoch  50/80  train=-0.5273
Reshuffle...
Initializing... this might take a while...
  ft epoch  51/80  train=-0.5314  val_fgDice=0.5385  [per 0.416 0.661]
Reshuffle...
Initializing... this might take a while...
  ft epoch  52/80  train=-0.5317
Reshuffle...
Initializing... this might take a while...
  ft epoch  53/80  train=-0.5347
Reshuffle...
Initializing... this might take a while...
  ft epoch  54/80  train=-0.5390  val_fgDice=0.5452  [per 0.417 0.674]
Reshuffle...
Initializing... this might take a while...
  ft epoch  55/80  train=-0.5417
Reshuffle...
Initializing... this might take a while...
  ft epoch  56/80  train=-0.5268
Reshuffle...
Initializing... this might take a while...
  ft epoch  57/80  train=-0.5249  val_fgDice=0.5502  [per 0.410 0.691]  *best
Reshuffle...
Initializing... this might take a while...
  ft epoch  58/80  train=-0.5316
Reshuffle...
Initializing... this might take a while...
  ft epoch  59/80  train=-0.5334
Reshuffle...
Initializing... this might take a while...
  ft epoch  60/80  train=-0.5363  val_fgDice=0.5411  [per 0.415 0.667]
Reshuffle...
Initializing... this might take a while...
  ft epoch  61/80  train=-0.5178
Reshuffle...
Initializing... this might take a while...
  ft epoch  62/80  train=-0.5402
Reshuffle...
Initializing... this might take a while...
  ft epoch  63/80  train=-0.5420  val_fgDice=0.5489  [per 0.429 0.669]
Reshuffle...
Initializing... this might take a while...
  ft epoch  64/80  train=-0.5454
Reshuffle...
Initializing... this might take a while...
  ft epoch  65/80  train=-0.5536
Reshuffle...
Initializing... this might take a while...
  ft epoch  66/80  train=-0.5263  val_fgDice=0.5399  [per 0.405 0.674]
Reshuffle...
Initializing... this might take a while...
  ft epoch  67/80  train=-0.5154
Reshuffle...
Initializing... this might take a while...
  ft epoch  68/80  train=-0.5350
Reshuffle...
Initializing... this might take a while...
  ft epoch  69/80  train=-0.5454  val_fgDice=0.5415  [per 0.418 0.665]
Reshuffle...
Initializing... this might take a while...
  ft epoch  70/80  train=-0.5366
Reshuffle...
Initializing... this might take a while...
  ft epoch  71/80  train=-0.5458
Reshuffle...
Initializing... this might take a while...
  ft epoch  72/80  train=-0.5404  val_fgDice=0.5560  [per 0.424 0.688]  *best
Reshuffle...
Initializing... this might take a while...
  ft epoch  73/80  train=-0.5452
Reshuffle...
Initializing... this might take a while...
  ft epoch  74/80  train=-0.5393
Reshuffle...
Initializing... this might take a while...
  ft epoch  75/80  train=-0.5340  val_fgDice=0.5499  [per 0.424 0.676]
Reshuffle...
Initializing... this might take a while...
  ft epoch  76/80  train=-0.5521
Reshuffle...
Initializing... this might take a while...
  ft epoch  77/80  train=-0.5463
Reshuffle...
Initializing... this might take a while...
  ft epoch  78/80  train=-0.5455  val_fgDice=0.5633  [per 0.434 0.693]  *best
Reshuffle...
Initializing... this might take a while...
  ft epoch  79/80  train=-0.5432
Reshuffle...
Initializing... this might take a while...
  ft epoch  80/80  train=-0.5534  val_fgDice=0.5645  [per 0.439 0.690]  *best
  fine-tune done in 29.5 min | best fg-Dice 0.5645 @ep80 -> /home/Kasimatis/Documents/kasimat/morph-unet/results/mpm_full_l2_prune-fbg-k30_f0_best.pth
[mpm_full_l2_prune-fbg-k30_f0] DONE  params 6.748M -> 4.540M | Dice 0.5922 -> pruned 0.2836 -> finetuned 0.5645
  scores: /home/Kasimatis/Documents/kasimat/morph-unet/results/mpm_full_l2_prune-fbg-k30_f0_scores.json
    keep=0.5  RUNNING  (mpm_full_l2_prune-fbg-k50_f0)
class-balanced sampling -> class 1: 33886 slices, class 2: 13163 slices
[mpm_full_l2_prune-fbg-k50_f0] unpruned: 6.748M params | val fg-Dice 0.5922
Reshuffle...
Initializing... this might take a while...
[prune] morph-channel fb, keep_ratio=0.5, alloc=global (norm=max, min_keep=4)
  enc3.sub1              in  128 ->  128  (fb, global)
  enc3.sub2              in  256 ->  175  (fb, global)
  enc4.sub1              in  256 ->  233  (fb, global)
  enc4.sub2              in  512 ->  285  (fb, global)
  center.sub1            in  512 ->  384  (fb, global)
  center.sub2            in 1024 ->  428  (fb, global)
  dec4.sub1              in 1024 ->  396  (fb, global)
  dec4.sub2              in  512 ->  250  (fb, global)
  dec3.sub1              in  512 ->   81  (fb, global)
  dec3.sub2              in  256 ->  136  (fb, global)
[mpm_full_l2_prune-fbg-k50_f0] pruned:   5.231M params (22.5% off) | val fg-Dice 0.2791 (drop +0.3131)
[mpm_full_l2_prune-fbg-k50_f0] fine-tuning 80 ep @ lr=5e-05 ...
Reshuffle...
Initializing... this might take a while...
  ft epoch   1/80  train=-0.3856
Reshuffle...
Initializing... this might take a while...
  ft epoch   2/80  train=-0.4254
Reshuffle...
Initializing... this might take a while...
  ft epoch   3/80  train=-0.4741  val_fgDice=0.5279  [per 0.407 0.649]  *best
Reshuffle...
Initializing... this might take a while...
  ft epoch   4/80  train=-0.4828
Reshuffle...
Initializing... this might take a while...
  ft epoch   5/80  train=-0.5019
Reshuffle...
Initializing... this might take a while...
  ft epoch   6/80  train=-0.5108  val_fgDice=0.5042  [per 0.390 0.619]
Reshuffle...
Initializing... this might take a while...
  ft epoch   7/80  train=-0.4946
Reshuffle...
Initializing... this might take a while...
  ft epoch   8/80  train=-0.4911
Reshuffle...
Initializing... this might take a while...
  ft epoch   9/80  train=-0.4938  val_fgDice=0.4737  [per 0.417 0.531]
Reshuffle...
Initializing... this might take a while...
  ft epoch  10/80  train=-0.4826
Reshuffle...
Initializing... this might take a while...
  ft epoch  11/80  train=-0.5029
Reshuffle...
Initializing... this might take a while...
  ft epoch  12/80  train=-0.4974  val_fgDice=0.5208  [per 0.395 0.646]
Reshuffle...
Initializing... this might take a while...
  ft epoch  13/80  train=-0.5005
Reshuffle...
Initializing... this might take a while...
  ft epoch  14/80  train=-0.5006
Reshuffle...
Initializing... this might take a while...
  ft epoch  15/80  train=-0.5012  val_fgDice=0.5135  [per 0.407 0.620]
Reshuffle...
Initializing... this might take a while...
  ft epoch  16/80  train=-0.5157
Reshuffle...
Initializing... this might take a while...
  ft epoch  17/80  train=-0.5171
Reshuffle...
Initializing... this might take a while...
  ft epoch  18/80  train=-0.5282  val_fgDice=0.5177  [per 0.428 0.608]
Reshuffle...
Initializing... this might take a while...
  ft epoch  19/80  train=-0.5273
Reshuffle...
Initializing... this might take a while...
  ft epoch  20/80  train=-0.5222
Reshuffle...
Initializing... this might take a while...
  ft epoch  21/80  train=-0.5096  val_fgDice=0.5232  [per 0.417 0.629]
Reshuffle...
Initializing... this might take a while...
  ft epoch  22/80  train=-0.5390
Reshuffle...
Initializing... this might take a while...
  ft epoch  23/80  train=-0.5147
Reshuffle...
Initializing... this might take a while...
  ft epoch  24/80  train=-0.5099  val_fgDice=0.5103  [per 0.423 0.597]
Reshuffle...
Initializing... this might take a while...
  ft epoch  25/80  train=-0.5240
Reshuffle...
Initializing... this might take a while...
  ft epoch  26/80  train=-0.5255
Reshuffle...
Initializing... this might take a while...
  ft epoch  27/80  train=-0.5227  val_fgDice=0.5342  [per 0.436 0.632]  *best
Reshuffle...
Initializing... this might take a while...
  ft epoch  28/80  train=-0.5331
Reshuffle...
Initializing... this might take a while...
  ft epoch  29/80  train=-0.5272
Reshuffle...
Initializing... this might take a while...
  ft epoch  30/80  train=-0.5332  val_fgDice=0.5527  [per 0.421 0.684]  *best
Reshuffle...
Initializing... this might take a while...
  ft epoch  31/80  train=-0.5350
Reshuffle...
Initializing... this might take a while...
  ft epoch  32/80  train=-0.5359
Reshuffle...
Initializing... this might take a while...
  ft epoch  33/80  train=-0.5337  val_fgDice=0.5502  [per 0.416 0.684]
Reshuffle...
Initializing... this might take a while...
  ft epoch  34/80  train=-0.5194
Reshuffle...
Initializing... this might take a while...
  ft epoch  35/80  train=-0.5350
Reshuffle...
Initializing... this might take a while...
  ft epoch  36/80  train=-0.5370  val_fgDice=0.5234  [per 0.419 0.628]
Reshuffle...
Initializing... this might take a while...
  ft epoch  37/80  train=-0.5258
Reshuffle...
Initializing... this might take a while...
  ft epoch  38/80  train=-0.5326
Reshuffle...
Initializing... this might take a while...
  ft epoch  39/80  train=-0.5257  val_fgDice=0.5447  [per 0.422 0.668]
Reshuffle...
Initializing... this might take a while...
  ft epoch  40/80  train=-0.5374
Reshuffle...
Initializing... this might take a while...
  ft epoch  41/80  train=-0.5298
Reshuffle...
Initializing... this might take a while...
  ft epoch  42/80  train=-0.5402  val_fgDice=0.5293  [per 0.391 0.668]
Reshuffle...
Initializing... this might take a while...
  ft epoch  43/80  train=-0.5373
Reshuffle...
Initializing... this might take a while...
  ft epoch  44/80  train=-0.5359
Reshuffle...
Initializing... this might take a while...
  ft epoch  45/80  train=-0.5576  val_fgDice=0.5490  [per 0.416 0.682]
Reshuffle...
Initializing... this might take a while...
  ft epoch  46/80  train=-0.5466
Reshuffle...
Initializing... this might take a while...
  ft epoch  47/80  train=-0.5396
Reshuffle...
Initializing... this might take a while...
  ft epoch  48/80  train=-0.5455  val_fgDice=0.5389  [per 0.416 0.662]
Reshuffle...
Initializing... this might take a while...
  ft epoch  49/80  train=-0.5466
Reshuffle...
Initializing... this might take a while...
  ft epoch  50/80  train=-0.5295
Reshuffle...
Initializing... this might take a while...
  ft epoch  51/80  train=-0.5330  val_fgDice=0.5520  [per 0.415 0.689]
Reshuffle...
Initializing... this might take a while...
  ft epoch  52/80  train=-0.5350
Reshuffle...
Initializing... this might take a while...
  ft epoch  53/80  train=-0.5358
Reshuffle...
Initializing... this might take a while...
  ft epoch  54/80  train=-0.5415  val_fgDice=0.5527  [per 0.422 0.684]  *best
Reshuffle...
Initializing... this might take a while...
  ft epoch  55/80  train=-0.5451
Reshuffle...
Initializing... this might take a while...
  ft epoch  56/80  train=-0.5279
Reshuffle...
Initializing... this might take a while...
  ft epoch  57/80  train=-0.5296  val_fgDice=0.5515  [per 0.409 0.694]
Reshuffle...
Initializing... this might take a while...
  ft epoch  58/80  train=-0.5349
Reshuffle...
Initializing... this might take a while...
  ft epoch  59/80  train=-0.5351
Reshuffle...
Initializing... this might take a while...
  ft epoch  60/80  train=-0.5395  val_fgDice=0.5287  [per 0.411 0.646]
Reshuffle...
Initializing... this might take a while...
  ft epoch  61/80  train=-0.5229
Reshuffle...
Initializing... this might take a while...
  ft epoch  62/80  train=-0.5439
Reshuffle...
Initializing... this might take a while...
  ft epoch  63/80  train=-0.5443  val_fgDice=0.5438  [per 0.413 0.675]
Reshuffle...
Initializing... this might take a while...
  ft epoch  64/80  train=-0.5498
Reshuffle...
Initializing... this might take a while...
  ft epoch  65/80  train=-0.5569
Reshuffle...
Initializing... this might take a while...
  ft epoch  66/80  train=-0.5315  val_fgDice=0.5357  [per 0.411 0.660]
Reshuffle...
Initializing... this might take a while...
  ft epoch  67/80  train=-0.5175
Reshuffle...
Initializing... this might take a while...
  ft epoch  68/80  train=-0.5421
Reshuffle...
Initializing... this might take a while...
  ft epoch  69/80  train=-0.5474  val_fgDice=0.5326  [per 0.413 0.652]
Reshuffle...
Initializing... this might take a while...
  ft epoch  70/80  train=-0.5393
Reshuffle...
Initializing... this might take a while...
  ft epoch  71/80  train=-0.5451
Reshuffle...
Initializing... this might take a while...
  ft epoch  72/80  train=-0.5403  val_fgDice=0.5493  [per 0.416 0.682]
Reshuffle...
Initializing... this might take a while...
  ft epoch  73/80  train=-0.5421
Reshuffle...
Initializing... this might take a while...
  ft epoch  74/80  train=-0.5398
Reshuffle...
Initializing... this might take a while...
  ft epoch  75/80  train=-0.5352  val_fgDice=0.5358  [per 0.421 0.651]
Reshuffle...
Initializing... this might take a while...
  ft epoch  76/80  train=-0.5510
Reshuffle...
Initializing... this might take a while...
  ft epoch  77/80  train=-0.5463
Reshuffle...
Initializing... this might take a while...
  ft epoch  78/80  train=-0.5427  val_fgDice=0.5565  [per 0.426 0.687]  *best
Reshuffle...
Initializing... this might take a while...
  ft epoch  79/80  train=-0.5417
Reshuffle...
Initializing... this might take a while...
  ft epoch  80/80  train=-0.5545  val_fgDice=0.5490  [per 0.431 0.667]
  fine-tune done in 37.2 min | best fg-Dice 0.5565 @ep78 -> /home/Kasimatis/Documents/kasimat/morph-unet/results/mpm_full_l2_prune-fbg-k50_f0_best.pth
